<?xml version="1.0" encoding="UTF-8"?>
<testsuite name="com.cardatechnologies.utils.validators.abaroutevalidator.Test_AbaRouteValidator_15" time="0.065" tests="2500" errors="0" skipped="0" failures="0">
  <properties>
[...]
</properties>
  <testcase name="testAbaNumberCheck_33899_good" classname="com.cardatechnologies.utils.validators.abaroutevalidator.Test_AbaRouteValidator_15" time="0"/>
  <testcase name="testAbaNumberCheck_32959_good" classname="com.cardatechnologies.utils.validators.abaroutevalidator.Test_AbaRouteValidator_15" time="0"/>
  <testcase name="testAbaNumberCheck_32797_good" classname="com.cardatechnologies.utils.validators.abaroutevalidator.Test_AbaRouteValidator_15" time="0"/>
  <testcase name="testAbaNumberCheck_32879_good" classname="com.cardatechnologies.utils.validators.abaroutevalidator.Test_AbaRouteValidator_15" time="0"/>
  <testcase name="testAbaNumberCheck_32799_good" classname="com.cardatechnologies.utils.validators.abaroutevalidator.Test_AbaRouteValidator_15" time="0"/>
  <testcase name="testAbaNumberCheck_34111_good" classname="com.cardatechnologies.utils.validators.abaroutevalidator.Test_AbaRouteValidator_15" time="0"/>
  <testcase name="testAbaNumberCheck_33100_bad" classname="com.cardatechnologies.utils.validators.abaroutevalidator.Test_AbaRouteValidator_15" time="0"/>
  <testcase name="testAbaNumberCheck_33102_bad" classname="com.cardatechnologies.utils.validators.abaroutevalidator.Test_AbaRouteValidator_15" time="0"/>
  <testcase name="testAbaNumberCheck_34031_good" classname="com.cardatechnologies.utils.validators.abaroutevalidator.Test_AbaRouteValidator_15" time="0"/>
  <testcase name="testAbaNumberCheck_33104_bad" classname="com.cardatechnologies.utils.validators.abaroutevalidator.Test_AbaRouteValidator_15" time="0"/>
  <testcase name="testAbaNumberCheck_33106_bad" classname="com.cardatechnologies.utils.validators.abaroutevalidator.Test_AbaRouteValidator_15" time="0"/>
  <testcase name="testAbaNumberCheck_33108_bad" classname="com.cardatechnologies.utils.validators.abaroutevalidator.Test_AbaRouteValidator_15" time="0"/>
  <testcase name="testAbaNumberCheck_34401_good" classname="com.cardatechnologies.utils.validators.abaroutevalidator.Test_AbaRouteValidator_15" time="0"/>
  <testcase name="testAbaNumberCheck_34113_good" classname="com.cardatechnologies.utils.validators.abaroutevalidator.Test_AbaRouteValidator_15" time="0.001"/>
  <testcase name="testAbaNumberCheck_33110_bad" classname="com.cardatechnologies.utils.validators.abaroutevalidator.Test_AbaRouteValidator_15" time="0"/>
  <testcase name="testAbaNumberCheck_33112_bad" classname="com.cardatechnologies.utils.validators.abaroutevalidator.Test_AbaRouteValidator_15" time="0"/>
  <testcase name="testAbaNumberCheck_33114_bad" classname="com.cardatechnologies.utils.validators.abaroutevalidator.Test_AbaRouteValidator_15" time="0"/>
  <testcase name="testAbaNumberCheck_33116_bad" classname="com.cardatechnologies.utils.validators.abaroutevalidator.Test_AbaRouteValidator_15" time="0"/>
  <testcase name="testAbaNumberCheck_33011_good" classname="com.cardatechnologies.utils.validators.abaroutevalidator.Test_AbaRouteValidator_15" time="0"/>
  <testcase name="testAbaNumberCheck_33118_bad" classname="com.cardatechnologies.utils.validators.abaroutevalidator.Test_AbaRouteValidator_15" time="0"/>
  <testcase name="testAbaNumberCheck_34321_good" classname="com.cardatechnologies.utils.validators.abaroutevalidator.Test_AbaRouteValidator_15" time="0"/>
  <testcase name="testAbaNumberCheck_33120_bad" classname="com.cardatechnologies.utils.validators.abaroutevalidator.Test_AbaRouteValidator_15" time="0"/>
  <testcase name="testAbaNumberCheck_33122_bad" classname="com.cardatechnologies.utils.validators.abaroutevalidator.Test_AbaRouteValidator_15" time="0"/>
  <testcase name="testAbaNumberCheck_34033_good" classname="com.cardatechnologies.utils.validators.abaroutevalidator.Test_AbaRouteValidator_15" time="0"/>
  <testcase name="testAbaNumberCheck_33124_bad" classname="com.cardatechnologies.utils.validators.abaroutevalidator.Test_AbaRouteValidator_15" time="0"/>
  <testcase name="testAbaNumberCheck_33126_bad" classname="com.cardatechnologies.utils.validators.abaroutevalidator.Test_AbaRouteValidator_15" time="0"/>
  <testcase name="testAbaNumberCheck_33128_bad" classname="com.cardatechnologies.utils.validators.abaroutevalidator.Test_AbaRouteValidator_15" time="0"/>
  <testcase name="testAbaNumberCheck_34403_good" classname="com.cardatechnologies.utils.validators.abaroutevalidator.Test_AbaRouteValidator_15" time="0"/>
  <testcase name="testAbaNumberCheck_34241_good" classname="com.cardatechnologies.utils.validators.abaroutevalidator.Test_AbaRouteValidator_15" time="0"/>
  <testcase name="testAbaNumberCheck_33301_good" classname="com.cardatechnologies.utils.validators.abaroutevalidator.Test_AbaRouteValidator_15" time="0"/>
  <testcase name="testAbaNumberCheck_34115_good" classname="com.cardatechnologies.utils.validators.abaroutevalidator.Test_AbaRouteValidator_15" time="0"/>
  <testcase name="testAbaNumberCheck_33130_bad" classname="com.cardatechnologies.utils.validators.abaroutevalidator.Test_AbaRouteValidator_15" time="0"/>
  <testcase name="testAbaNumberCheck_33132_bad" classname="com.cardatechnologies.utils.validators.abaroutevalidator.Test_AbaRouteValidator_15" time="0"/>
  <testcase name="testAbaNumberCheck_33134_bad" classname="com.cardatechnologies.utils.validators.abaroutevalidator.Test_AbaRouteValidator_15" time="0"/>
  <testcase name="testAbaNumberCheck_33136_bad" classname="com.cardatechnologies.utils.validators.abaroutevalidator.Test_AbaRouteValidator_15" time="0"/>
  <testcase name="testAbaNumberCheck_33013_good" classname="com.cardatechnologies.utils.validators.abaroutevalidator.Test_AbaRouteValidator_15" time="0"/>
  <testcase name="testAbaNumberCheck_33138_bad" classname="com.cardatechnologies.utils.validators.abaroutevalidator.Test_AbaRouteValidator_15" time="0"/>
  <testcase name="testAbaNumberCheck_34611_good" classname="com.cardatechnologies.utils.validators.abaroutevalidator.Test_AbaRouteValidator_15" time="0"/>
  <testcase name="testAbaNumberCheck_34323_good" classname="com.cardatechnologies.utils.validators.abaroutevalidator.Test_AbaRouteValidator_15" time="0"/>
  <testcase name="testAbaNumberCheck_34400_bad" classname="com.cardatechnologies.utils.validators.abaroutevalidator.Test_AbaRouteValidator_15" time="0"/>
  <testcase name="testAbaNumberCheck_34402_bad" classname="com.cardatechnologies.utils.validators.abaroutevalidator.Test_AbaRouteValidator_15" time="0"/>
  <testcase name="testAbaNumberCheck_34161_good" classname="com.cardatechnologies.utils.validators.abaroutevalidator.Test_AbaRouteValidator_15" time="0"/>
  <testcase name="testAbaNumberCheck_34404_bad" classname="com.cardatechnologies.utils.validators.abaroutevalidator.Test_AbaRouteValidator_15" time="0"/>
  <testcase name="testAbaNumberCheck_33221_good" classname="com.cardatechnologies.utils.validators.abaroutevalidator.Test_AbaRouteValidator_15" time="0"/>
  <testcase name="testAbaNumberCheck_33140_bad" classname="com.cardatechnologies.utils.validators.abaroutevalidator.Test_AbaRouteValidator_15" time="0"/>
  <testcase name="testAbaNumberCheck_34406_bad" classname="com.cardatechnologies.utils.validators.abaroutevalidator.Test_AbaRouteValidator_15" time="0"/>
  <testcase name="testAbaNumberCheck_33142_bad" classname="com.cardatechnologies.utils.validators.abaroutevalidator.Test_AbaRouteValidator_15" time="0"/>
  <testcase name="testAbaNumberCheck_34408_bad" classname="com.cardatechnologies.utils.validators.abaroutevalidator.Test_AbaRouteValidator_15" time="0"/>
  <testcase name="testAbaNumberCheck_34035_good" classname="com.cardatechnologies.utils.validators.abaroutevalidator.Test_AbaRouteValidator_15" time="0"/>
  <testcase name="testAbaNumberCheck_33144_bad" classname="com.cardatechnologies.utils.validators.abaroutevalidator.Test_AbaRouteValidator_15" time="0"/>
  <testcase name="testAbaNumberCheck_33146_bad" classname="com.cardatechnologies.utils.validators.abaroutevalidator.Test_AbaRouteValidator_15" time="0"/>
  <testcase name="testAbaNumberCheck_33148_bad" classname="com.cardatechnologies.utils.validators.abaroutevalidator.Test_AbaRouteValidator_15" time="0"/>
  <testcase name="testAbaNumberCheck_34531_good" classname="com.cardatechnologies.utils.validators.abaroutevalidator.Test_AbaRouteValidator_15" time="0"/>
  <testcase name="testAbaNumberCheck_34405_good" classname="com.cardatechnologies.utils.validators.abaroutevalidator.Test_AbaRouteValidator_15" time="0"/>
  <testcase name="testAbaNumberCheck_34243_good" classname="com.cardatechnologies.utils.validators.abaroutevalidator.Test_AbaRouteValidator_15" time="0"/>
  <testcase name="testAbaNumberCheck_34410_bad" classname="com.cardatechnologies.utils.validators.abaroutevalidator.Test_AbaRouteValidator_15" time="0"/>
  <testcase name="testAbaNumberCheck_33303_good" classname="com.cardatechnologies.utils.validators.abaroutevalidator.Test_AbaRouteValidator_15" time="0"/>
  <testcase name="testAbaNumberCheck_34412_bad" classname="com.cardatechnologies.utils.validators.abaroutevalidator.Test_AbaRouteValidator_15" time="0"/>
  <testcase name="testAbaNumberCheck_34901_good" classname="com.cardatechnologies.utils.validators.abaroutevalidator.Test_AbaRouteValidator_15" time="0"/>
  <testcase name="testAbaNumberCheck_33600_bad" classname="com.cardatechnologies.utils.validators.abaroutevalidator.Test_AbaRouteValidator_15" time="0"/>
  <testcase name="testAbaNumberCheck_34414_bad" classname="com.cardatechnologies.utils.validators.abaroutevalidator.Test_AbaRouteValidator_15" time="0"/>
  <testcase name="testAbaNumberCheck_34117_good" classname="com.cardatechnologies.utils.validators.abaroutevalidator.Test_AbaRouteValidator_15" time="0"/>
  <testcase name="testAbaNumberCheck_33150_bad" classname="com.cardatechnologies.utils.validators.abaroutevalidator.Test_AbaRouteValidator_15" time="0"/>
  <testcase name="testAbaNumberCheck_33602_bad" classname="com.cardatechnologies.utils.validators.abaroutevalidator.Test_AbaRouteValidator_15" time="0"/>
  <testcase name="testAbaNumberCheck_34416_bad" classname="com.cardatechnologies.utils.validators.abaroutevalidator.Test_AbaRouteValidator_15" time="0"/>
  <testcase name="testAbaNumberCheck_33152_bad" classname="com.cardatechnologies.utils.validators.abaroutevalidator.Test_AbaRouteValidator_15" time="0"/>
  <testcase name="testAbaNumberCheck_34081_good" classname="com.cardatechnologies.utils.validators.abaroutevalidator.Test_AbaRouteValidator_15" time="0"/>
  <testcase name="testAbaNumberCheck_33604_bad" classname="com.cardatechnologies.utils.validators.abaroutevalidator.Test_AbaRouteValidator_15" time="0"/>
  <testcase name="testAbaNumberCheck_33141_good" classname="com.cardatechnologies.utils.validators.abaroutevalidator.Test_AbaRouteValidator_15" time="0"/>
  <testcase name="testAbaNumberCheck_34418_bad" classname="com.cardatechnologies.utils.validators.abaroutevalidator.Test_AbaRouteValidator_15" time="0"/>
  <testcase name="testAbaNumberCheck_33154_bad" classname="com.cardatechnologies.utils.validators.abaroutevalidator.Test_AbaRouteValidator_15" time="0"/>
  <testcase name="testAbaNumberCheck_33606_bad" classname="com.cardatechnologies.utils.validators.abaroutevalidator.Test_AbaRouteValidator_15" time="0"/>
  <testcase name="testAbaNumberCheck_33156_bad" classname="com.cardatechnologies.utils.validators.abaroutevalidator.Test_AbaRouteValidator_15" time="0"/>
  <testcase name="testAbaNumberCheck_33608_bad" classname="com.cardatechnologies.utils.validators.abaroutevalidator.Test_AbaRouteValidator_15" time="0"/>
  <testcase name="testAbaNumberCheck_33015_good" classname="com.cardatechnologies.utils.validators.abaroutevalidator.Test_AbaRouteValidator_15" time="0"/>
  <testcase name="testAbaNumberCheck_33158_bad" classname="com.cardatechnologies.utils.validators.abaroutevalidator.Test_AbaRouteValidator_15" time="0"/>
  <testcase name="testAbaNumberCheck_34613_good" classname="com.cardatechnologies.utils.validators.abaroutevalidator.Test_AbaRouteValidator_15" time="0"/>
  <testcase name="testAbaNumberCheck_34451_good" classname="com.cardatechnologies.utils.validators.abaroutevalidator.Test_AbaRouteValidator_15" time="0"/>
  <testcase name="testAbaNumberCheck_33511_good" classname="com.cardatechnologies.utils.validators.abaroutevalidator.Test_AbaRouteValidator_15" time="0"/>
  <testcase name="testAbaNumberCheck_34325_good" classname="com.cardatechnologies.utils.validators.abaroutevalidator.Test_AbaRouteValidator_15" time="0"/>
  <testcase name="testAbaNumberCheck_34420_bad" classname="com.cardatechnologies.utils.validators.abaroutevalidator.Test_AbaRouteValidator_15" time="0"/>
  <testcase name="testAbaNumberCheck_34422_bad" classname="com.cardatechnologies.utils.validators.abaroutevalidator.Test_AbaRouteValidator_15" time="0"/>
  <testcase name="testAbaNumberCheck_34163_good" classname="com.cardatechnologies.utils.validators.abaroutevalidator.Test_AbaRouteValidator_15" time="0"/>
  <testcase name="testAbaNumberCheck_33610_bad" classname="com.cardatechnologies.utils.validators.abaroutevalidator.Test_AbaRouteValidator_15" time="0"/>
  <testcase name="testAbaNumberCheck_34424_bad" classname="com.cardatechnologies.utils.validators.abaroutevalidator.Test_AbaRouteValidator_15" time="0"/>
  <testcase name="testAbaNumberCheck_33223_good" classname="com.cardatechnologies.utils.validators.abaroutevalidator.Test_AbaRouteValidator_15" time="0"/>
  <testcase name="testAbaNumberCheck_33160_bad" classname="com.cardatechnologies.utils.validators.abaroutevalidator.Test_AbaRouteValidator_15" time="0"/>
  <testcase name="testAbaNumberCheck_33612_bad" classname="com.cardatechnologies.utils.validators.abaroutevalidator.Test_AbaRouteValidator_15" time="0"/>
  <testcase name="testAbaNumberCheck_34426_bad" classname="com.cardatechnologies.utils.validators.abaroutevalidator.Test_AbaRouteValidator_15" time="0"/>
  <testcase name="testAbaNumberCheck_34821_good" classname="com.cardatechnologies.utils.validators.abaroutevalidator.Test_AbaRouteValidator_15" time="0"/>
  <testcase name="testAbaNumberCheck_33162_bad" classname="com.cardatechnologies.utils.validators.abaroutevalidator.Test_AbaRouteValidator_15" time="0"/>
  <testcase name="testAbaNumberCheck_32800_bad" classname="com.cardatechnologies.utils.validators.abaroutevalidator.Test_AbaRouteValidator_15" time="0"/>
  <testcase name="testAbaNumberCheck_33614_bad" classname="com.cardatechnologies.utils.validators.abaroutevalidator.Test_AbaRouteValidator_15" time="0"/>
  <testcase name="testAbaNumberCheck_34428_bad" classname="com.cardatechnologies.utils.validators.abaroutevalidator.Test_AbaRouteValidator_15" time="0"/>
  <testcase name="testAbaNumberCheck_34037_good" classname="com.cardatechnologies.utils.validators.abaroutevalidator.Test_AbaRouteValidator_15" time="0"/>
  <testcase name="testAbaNumberCheck_33164_bad" classname="com.cardatechnologies.utils.validators.abaroutevalidator.Test_AbaRouteValidator_15" time="0"/>
  <testcase name="testAbaNumberCheck_32802_bad" classname="com.cardatechnologies.utils.validators.abaroutevalidator.Test_AbaRouteValidator_15" time="0"/>
  <testcase name="testAbaNumberCheck_33616_bad" classname="com.cardatechnologies.utils.validators.abaroutevalidator.Test_AbaRouteValidator_15" time="0"/>
  <testcase name="testAbaNumberCheck_33166_bad" classname="com.cardatechnologies.utils.validators.abaroutevalidator.Test_AbaRouteValidator_15" time="0"/>
  <testcase name="testAbaNumberCheck_32804_bad" classname="com.cardatechnologies.utils.validators.abaroutevalidator.Test_AbaRouteValidator_15" time="0"/>
  <testcase name="testAbaNumberCheck_33061_good" classname="com.cardatechnologies.utils.validators.abaroutevalidator.Test_AbaRouteValidator_15" time="0"/>
  <testcase name="testAbaNumberCheck_33618_bad" classname="com.cardatechnologies.utils.validators.abaroutevalidator.Test_AbaRouteValidator_15" time="0"/>
  <testcase name="testAbaNumberCheck_33168_bad" classname="com.cardatechnologies.utils.validators.abaroutevalidator.Test_AbaRouteValidator_15" time="0"/>
  <testcase name="testAbaNumberCheck_32806_bad" classname="com.cardatechnologies.utils.validators.abaroutevalidator.Test_AbaRouteValidator_15" time="0"/>
  <testcase name="testAbaNumberCheck_32808_bad" classname="com.cardatechnologies.utils.validators.abaroutevalidator.Test_AbaRouteValidator_15" time="0"/>
  <testcase name="testAbaNumberCheck_34533_good" classname="com.cardatechnologies.utils.validators.abaroutevalidator.Test_AbaRouteValidator_15" time="0"/>
  <testcase name="testAbaNumberCheck_34407_good" classname="com.cardatechnologies.utils.validators.abaroutevalidator.Test_AbaRouteValidator_15" time="0"/>
  <testcase name="testAbaNumberCheck_34371_good" classname="com.cardatechnologies.utils.validators.abaroutevalidator.Test_AbaRouteValidator_15" time="0"/>
  <testcase name="testAbaNumberCheck_33431_good" classname="com.cardatechnologies.utils.validators.abaroutevalidator.Test_AbaRouteValidator_15" time="0"/>
  <testcase name="testAbaNumberCheck_34245_good" classname="com.cardatechnologies.utils.validators.abaroutevalidator.Test_AbaRouteValidator_15" time="0"/>
  <testcase name="testAbaNumberCheck_34430_bad" classname="com.cardatechnologies.utils.validators.abaroutevalidator.Test_AbaRouteValidator_15" time="0"/>
  <testcase name="testAbaNumberCheck_33305_good" classname="com.cardatechnologies.utils.validators.abaroutevalidator.Test_AbaRouteValidator_15" time="0"/>
  <testcase name="testAbaNumberCheck_34432_bad" classname="com.cardatechnologies.utils.validators.abaroutevalidator.Test_AbaRouteValidator_15" time="0"/>
  <testcase name="testAbaNumberCheck_34903_good" classname="com.cardatechnologies.utils.validators.abaroutevalidator.Test_AbaRouteValidator_15" time="0"/>
  <testcase name="testAbaNumberCheck_33620_bad" classname="com.cardatechnologies.utils.validators.abaroutevalidator.Test_AbaRouteValidator_15" time="0"/>
  <testcase name="testAbaNumberCheck_34434_bad" classname="com.cardatechnologies.utils.validators.abaroutevalidator.Test_AbaRouteValidator_15" time="0"/>
  <testcase name="testAbaNumberCheck_34119_good" classname="com.cardatechnologies.utils.validators.abaroutevalidator.Test_AbaRouteValidator_15" time="0"/>
  <testcase name="testAbaNumberCheck_33170_bad" classname="com.cardatechnologies.utils.validators.abaroutevalidator.Test_AbaRouteValidator_15" time="0"/>
  <testcase name="testAbaNumberCheck_33622_bad" classname="com.cardatechnologies.utils.validators.abaroutevalidator.Test_AbaRouteValidator_15" time="0"/>
  <testcase name="testAbaNumberCheck_34436_bad" classname="com.cardatechnologies.utils.validators.abaroutevalidator.Test_AbaRouteValidator_15" time="0"/>
  <testcase name="testAbaNumberCheck_33172_bad" classname="com.cardatechnologies.utils.validators.abaroutevalidator.Test_AbaRouteValidator_15" time="0"/>
  <testcase name="testAbaNumberCheck_34083_good" classname="com.cardatechnologies.utils.validators.abaroutevalidator.Test_AbaRouteValidator_15" time="0"/>
  <testcase name="testAbaNumberCheck_32810_bad" classname="com.cardatechnologies.utils.validators.abaroutevalidator.Test_AbaRouteValidator_15" time="0"/>
  <testcase name="testAbaNumberCheck_33624_bad" classname="com.cardatechnologies.utils.validators.abaroutevalidator.Test_AbaRouteValidator_15" time="0"/>
  <testcase name="testAbaNumberCheck_33143_good" classname="com.cardatechnologies.utils.validators.abaroutevalidator.Test_AbaRouteValidator_15" time="0"/>
  <testcase name="testAbaNumberCheck_34438_bad" classname="com.cardatechnologies.utils.validators.abaroutevalidator.Test_AbaRouteValidator_15" time="0"/>
  <testcase name="testAbaNumberCheck_33174_bad" classname="com.cardatechnologies.utils.validators.abaroutevalidator.Test_AbaRouteValidator_15" time="0"/>
  <testcase name="testAbaNumberCheck_32812_bad" classname="com.cardatechnologies.utils.validators.abaroutevalidator.Test_AbaRouteValidator_15" time="0.001"/>
  <testcase name="testAbaNumberCheck_33626_bad" classname="com.cardatechnologies.utils.validators.abaroutevalidator.Test_AbaRouteValidator_15" time="0"/>
  <testcase name="testAbaNumberCheck_34741_good" classname="com.cardatechnologies.utils.validators.abaroutevalidator.Test_AbaRouteValidator_15" time="0"/>
  <testcase name="testAbaNumberCheck_33176_bad" classname="com.cardatechnologies.utils.validators.abaroutevalidator.Test_AbaRouteValidator_15" time="0"/>
  <testcase name="testAbaNumberCheck_33801_good" classname="com.cardatechnologies.utils.validators.abaroutevalidator.Test_AbaRouteValidator_15" time="0"/>
  <testcase name="testAbaNumberCheck_32814_bad" classname="com.cardatechnologies.utils.validators.abaroutevalidator.Test_AbaRouteValidator_15" time="0"/>
  <testcase name="testAbaNumberCheck_33628_bad" classname="com.cardatechnologies.utils.validators.abaroutevalidator.Test_AbaRouteValidator_15" time="0"/>
  <testcase name="testAbaNumberCheck_33017_good" classname="com.cardatechnologies.utils.validators.abaroutevalidator.Test_AbaRouteValidator_15" time="0"/>
  <testcase name="testAbaNumberCheck_33178_bad" classname="com.cardatechnologies.utils.validators.abaroutevalidator.Test_AbaRouteValidator_15" time="0"/>
  <testcase name="testAbaNumberCheck_32816_bad" classname="com.cardatechnologies.utils.validators.abaroutevalidator.Test_AbaRouteValidator_15" time="0"/>
  <testcase name="testAbaNumberCheck_34615_good" classname="com.cardatechnologies.utils.validators.abaroutevalidator.Test_AbaRouteValidator_15" time="0"/>
  <testcase name="testAbaNumberCheck_32818_bad" classname="com.cardatechnologies.utils.validators.abaroutevalidator.Test_AbaRouteValidator_15" time="0"/>
  <testcase name="testAbaNumberCheck_34453_good" classname="com.cardatechnologies.utils.validators.abaroutevalidator.Test_AbaRouteValidator_15" time="0"/>
  <testcase name="testAbaNumberCheck_33513_good" classname="com.cardatechnologies.utils.validators.abaroutevalidator.Test_AbaRouteValidator_15" time="0"/>
  <testcase name="testAbaNumberCheck_34327_good" classname="com.cardatechnologies.utils.validators.abaroutevalidator.Test_AbaRouteValidator_15" time="0"/>
  <testcase name="testAbaNumberCheck_34291_good" classname="com.cardatechnologies.utils.validators.abaroutevalidator.Test_AbaRouteValidator_15" time="0"/>
  <testcase name="testAbaNumberCheck_33351_good" classname="com.cardatechnologies.utils.validators.abaroutevalidator.Test_AbaRouteValidator_15" time="0"/>
  <testcase name="testAbaNumberCheck_34440_bad" classname="com.cardatechnologies.utils.validators.abaroutevalidator.Test_AbaRouteValidator_15" time="0"/>
  <testcase name="testAbaNumberCheck_34442_bad" classname="com.cardatechnologies.utils.validators.abaroutevalidator.Test_AbaRouteValidator_15" time="0"/>
  <testcase name="testAbaNumberCheck_34165_good" classname="com.cardatechnologies.utils.validators.abaroutevalidator.Test_AbaRouteValidator_15" time="0"/>
  <testcase name="testAbaNumberCheck_33630_bad" classname="com.cardatechnologies.utils.validators.abaroutevalidator.Test_AbaRouteValidator_15" time="0"/>
  <testcase name="testAbaNumberCheck_34444_bad" classname="com.cardatechnologies.utils.validators.abaroutevalidator.Test_AbaRouteValidator_15" time="0"/>
  <testcase name="testAbaNumberCheck_33225_good" classname="com.cardatechnologies.utils.validators.abaroutevalidator.Test_AbaRouteValidator_15" time="0"/>
  <testcase name="testAbaNumberCheck_33180_bad" classname="com.cardatechnologies.utils.validators.abaroutevalidator.Test_AbaRouteValidator_15" time="0"/>
  <testcase name="testAbaNumberCheck_33632_bad" classname="com.cardatechnologies.utils.validators.abaroutevalidator.Test_AbaRouteValidator_15" time="0"/>
  <testcase name="testAbaNumberCheck_34446_bad" classname="com.cardatechnologies.utils.validators.abaroutevalidator.Test_AbaRouteValidator_15" time="0"/>
  <testcase name="testAbaNumberCheck_34823_good" classname="com.cardatechnologies.utils.validators.abaroutevalidator.Test_AbaRouteValidator_15" time="0"/>
  <testcase name="testAbaNumberCheck_33182_bad" classname="com.cardatechnologies.utils.validators.abaroutevalidator.Test_AbaRouteValidator_15" time="0"/>
  <testcase name="testAbaNumberCheck_32820_bad" classname="com.cardatechnologies.utils.validators.abaroutevalidator.Test_AbaRouteValidator_15" time="0"/>
  <testcase name="testAbaNumberCheck_33634_bad" classname="com.cardatechnologies.utils.validators.abaroutevalidator.Test_AbaRouteValidator_15" time="0"/>
  <testcase name="testAbaNumberCheck_34448_bad" classname="com.cardatechnologies.utils.validators.abaroutevalidator.Test_AbaRouteValidator_15" time="0"/>
  <testcase name="testAbaNumberCheck_34039_good" classname="com.cardatechnologies.utils.validators.abaroutevalidator.Test_AbaRouteValidator_15" time="0"/>
  <testcase name="testAbaNumberCheck_33184_bad" classname="com.cardatechnologies.utils.validators.abaroutevalidator.Test_AbaRouteValidator_15" time="0"/>
  <testcase name="testAbaNumberCheck_32822_bad" classname="com.cardatechnologies.utils.validators.abaroutevalidator.Test_AbaRouteValidator_15" time="0"/>
  <testcase name="testAbaNumberCheck_33636_bad" classname="com.cardatechnologies.utils.validators.abaroutevalidator.Test_AbaRouteValidator_15" time="0"/>
  <testcase name="testAbaNumberCheck_33186_bad" classname="com.cardatechnologies.utils.validators.abaroutevalidator.Test_AbaRouteValidator_15" time="0"/>
  <testcase name="testAbaNumberCheck_32824_bad" classname="com.cardatechnologies.utils.validators.abaroutevalidator.Test_AbaRouteValidator_15" time="0"/>
  <testcase name="testAbaNumberCheck_33063_good" classname="com.cardatechnologies.utils.validators.abaroutevalidator.Test_AbaRouteValidator_15" time="0"/>
  <testcase name="testAbaNumberCheck_33638_bad" classname="com.cardatechnologies.utils.validators.abaroutevalidator.Test_AbaRouteValidator_15" time="0"/>
  <testcase name="testAbaNumberCheck_33188_bad" classname="com.cardatechnologies.utils.validators.abaroutevalidator.Test_AbaRouteValidator_15" time="0"/>
  <testcase name="testAbaNumberCheck_32826_bad" classname="com.cardatechnologies.utils.validators.abaroutevalidator.Test_AbaRouteValidator_15" time="0"/>
  <testcase name="testAbaNumberCheck_34661_good" classname="com.cardatechnologies.utils.validators.abaroutevalidator.Test_AbaRouteValidator_15" time="0"/>
  <testcase name="testAbaNumberCheck_33721_good" classname="com.cardatechnologies.utils.validators.abaroutevalidator.Test_AbaRouteValidator_15" time="0"/>
  <testcase name="testAbaNumberCheck_32828_bad" classname="com.cardatechnologies.utils.validators.abaroutevalidator.Test_AbaRouteValidator_15" time="0"/>
  <testcase name="testAbaNumberCheck_34535_good" classname="com.cardatechnologies.utils.validators.abaroutevalidator.Test_AbaRouteValidator_15" time="0"/>
  <testcase name="testAbaNumberCheck_34409_good" classname="com.cardatechnologies.utils.validators.abaroutevalidator.Test_AbaRouteValidator_15" time="0"/>
  <testcase name="testAbaNumberCheck_34373_good" classname="com.cardatechnologies.utils.validators.abaroutevalidator.Test_AbaRouteValidator_15" time="0"/>
  <testcase name="testAbaNumberCheck_33433_good" classname="com.cardatechnologies.utils.validators.abaroutevalidator.Test_AbaRouteValidator_15" time="0"/>
  <testcase name="testAbaNumberCheck_34900_bad" classname="com.cardatechnologies.utils.validators.abaroutevalidator.Test_AbaRouteValidator_15" time="0"/>
  <testcase name="testAbaNumberCheck_34247_good" classname="com.cardatechnologies.utils.validators.abaroutevalidator.Test_AbaRouteValidator_15" time="0"/>
  <testcase name="testAbaNumberCheck_34450_bad" classname="com.cardatechnologies.utils.validators.abaroutevalidator.Test_AbaRouteValidator_15" time="0"/>
  <testcase name="testAbaNumberCheck_33307_good" classname="com.cardatechnologies.utils.validators.abaroutevalidator.Test_AbaRouteValidator_15" time="0"/>
  <testcase name="testAbaNumberCheck_34902_bad" classname="com.cardatechnologies.utils.validators.abaroutevalidator.Test_AbaRouteValidator_15" time="0"/>
  <testcase name="testAbaNumberCheck_34452_bad" classname="com.cardatechnologies.utils.validators.abaroutevalidator.Test_AbaRouteValidator_15" time="0"/>
  <testcase name="testAbaNumberCheck_34905_good" classname="com.cardatechnologies.utils.validators.abaroutevalidator.Test_AbaRouteValidator_15" time="0"/>
  <testcase name="testAbaNumberCheck_34904_bad" classname="com.cardatechnologies.utils.validators.abaroutevalidator.Test_AbaRouteValidator_15" time="0"/>
  <testcase name="testAbaNumberCheck_33271_good" classname="com.cardatechnologies.utils.validators.abaroutevalidator.Test_AbaRouteValidator_15" time="0"/>
  <testcase name="testAbaNumberCheck_33640_bad" classname="com.cardatechnologies.utils.validators.abaroutevalidator.Test_AbaRouteValidator_15" time="0"/>
  <testcase name="testAbaNumberCheck_34454_bad" classname="com.cardatechnologies.utils.validators.abaroutevalidator.Test_AbaRouteValidator_15" time="0"/>
  <testcase name="testAbaNumberCheck_33190_bad" classname="com.cardatechnologies.utils.validators.abaroutevalidator.Test_AbaRouteValidator_15" time="0"/>
  <testcase name="testAbaNumberCheck_34906_bad" classname="com.cardatechnologies.utils.validators.abaroutevalidator.Test_AbaRouteValidator_15" time="0"/>
  <testcase name="testAbaNumberCheck_33642_bad" classname="com.cardatechnologies.utils.validators.abaroutevalidator.Test_AbaRouteValidator_15" time="0"/>
  <testcase name="testAbaNumberCheck_34456_bad" classname="com.cardatechnologies.utils.validators.abaroutevalidator.Test_AbaRouteValidator_15" time="0"/>
  <testcase name="testAbaNumberCheck_33192_bad" classname="com.cardatechnologies.utils.validators.abaroutevalidator.Test_AbaRouteValidator_15" time="0"/>
  <testcase name="testAbaNumberCheck_34908_bad" classname="com.cardatechnologies.utils.validators.abaroutevalidator.Test_AbaRouteValidator_15" time="0"/>
  <testcase name="testAbaNumberCheck_34085_good" classname="com.cardatechnologies.utils.validators.abaroutevalidator.Test_AbaRouteValidator_15" time="0"/>
  <testcase name="testAbaNumberCheck_32830_bad" classname="com.cardatechnologies.utils.validators.abaroutevalidator.Test_AbaRouteValidator_15" time="0"/>
  <testcase name="testAbaNumberCheck_33644_bad" classname="com.cardatechnologies.utils.validators.abaroutevalidator.Test_AbaRouteValidator_15" time="0"/>
  <testcase name="testAbaNumberCheck_33145_good" classname="com.cardatechnologies.utils.validators.abaroutevalidator.Test_AbaRouteValidator_15" time="0"/>
  <testcase name="testAbaNumberCheck_34458_bad" classname="com.cardatechnologies.utils.validators.abaroutevalidator.Test_AbaRouteValidator_15" time="0"/>
  <testcase name="testAbaNumberCheck_33194_bad" classname="com.cardatechnologies.utils.validators.abaroutevalidator.Test_AbaRouteValidator_15" time="0"/>
  <testcase name="testAbaNumberCheck_32832_bad" classname="com.cardatechnologies.utils.validators.abaroutevalidator.Test_AbaRouteValidator_15" time="0"/>
  <testcase name="testAbaNumberCheck_33646_bad" classname="com.cardatechnologies.utils.validators.abaroutevalidator.Test_AbaRouteValidator_15" time="0"/>
  <testcase name="testAbaNumberCheck_34743_good" classname="com.cardatechnologies.utils.validators.abaroutevalidator.Test_AbaRouteValidator_15" time="0"/>
  <testcase name="testAbaNumberCheck_33196_bad" classname="com.cardatechnologies.utils.validators.abaroutevalidator.Test_AbaRouteValidator_15" time="0"/>
  <testcase name="testAbaNumberCheck_33803_good" classname="com.cardatechnologies.utils.validators.abaroutevalidator.Test_AbaRouteValidator_15" time="0"/>
  <testcase name="testAbaNumberCheck_32834_bad" classname="com.cardatechnologies.utils.validators.abaroutevalidator.Test_AbaRouteValidator_15" time="0"/>
  <testcase name="testAbaNumberCheck_33648_bad" classname="com.cardatechnologies.utils.validators.abaroutevalidator.Test_AbaRouteValidator_15" time="0"/>
  <testcase name="testAbaNumberCheck_33019_good" classname="com.cardatechnologies.utils.validators.abaroutevalidator.Test_AbaRouteValidator_15" time="0"/>
  <testcase name="testAbaNumberCheck_33198_bad" classname="com.cardatechnologies.utils.validators.abaroutevalidator.Test_AbaRouteValidator_15" time="0"/>
  <testcase name="testAbaNumberCheck_32836_bad" classname="com.cardatechnologies.utils.validators.abaroutevalidator.Test_AbaRouteValidator_15" time="0"/>
  <testcase name="testAbaNumberCheck_34617_good" classname="com.cardatechnologies.utils.validators.abaroutevalidator.Test_AbaRouteValidator_15" time="0"/>
  <testcase name="testAbaNumberCheck_32838_bad" classname="com.cardatechnologies.utils.validators.abaroutevalidator.Test_AbaRouteValidator_15" time="0"/>
  <testcase name="testAbaNumberCheck_34581_good" classname="com.cardatechnologies.utils.validators.abaroutevalidator.Test_AbaRouteValidator_15" time="0"/>
  <testcase name="testAbaNumberCheck_33641_good" classname="com.cardatechnologies.utils.validators.abaroutevalidator.Test_AbaRouteValidator_15" time="0"/>
  <testcase name="testAbaNumberCheck_32701_good" classname="com.cardatechnologies.utils.validators.abaroutevalidator.Test_AbaRouteValidator_15" time="0"/>
  <testcase name="testAbaNumberCheck_34455_good" classname="com.cardatechnologies.utils.validators.abaroutevalidator.Test_AbaRouteValidator_15" time="0"/>
  <testcase name="testAbaNumberCheck_33515_good" classname="com.cardatechnologies.utils.validators.abaroutevalidator.Test_AbaRouteValidator_15" time="0"/>
  <testcase name="testAbaNumberCheck_34329_good" classname="com.cardatechnologies.utils.validators.abaroutevalidator.Test_AbaRouteValidator_15" time="0"/>
  <testcase name="testAbaNumberCheck_34293_good" classname="com.cardatechnologies.utils.validators.abaroutevalidator.Test_AbaRouteValidator_15" time="0"/>
  <testcase name="testAbaNumberCheck_34910_bad" classname="com.cardatechnologies.utils.validators.abaroutevalidator.Test_AbaRouteValidator_15" time="0"/>
  <testcase name="testAbaNumberCheck_33353_good" classname="com.cardatechnologies.utils.validators.abaroutevalidator.Test_AbaRouteValidator_15" time="0"/>
  <testcase name="testAbaNumberCheck_34460_bad" classname="com.cardatechnologies.utils.validators.abaroutevalidator.Test_AbaRouteValidator_15" time="0"/>
  <testcase name="testAbaNumberCheck_34912_bad" classname="com.cardatechnologies.utils.validators.abaroutevalidator.Test_AbaRouteValidator_15" time="0"/>
  <testcase name="testAbaNumberCheck_34951_good" classname="com.cardatechnologies.utils.validators.abaroutevalidator.Test_AbaRouteValidator_15" time="0"/>
  <testcase name="testAbaNumberCheck_34462_bad" classname="com.cardatechnologies.utils.validators.abaroutevalidator.Test_AbaRouteValidator_15" time="0"/>
  <testcase name="testAbaNumberCheck_34914_bad" classname="com.cardatechnologies.utils.validators.abaroutevalidator.Test_AbaRouteValidator_15" time="0"/>
  <testcase name="testAbaNumberCheck_34167_good" classname="com.cardatechnologies.utils.validators.abaroutevalidator.Test_AbaRouteValidator_15" time="0"/>
  <testcase name="testAbaNumberCheck_33650_bad" classname="com.cardatechnologies.utils.validators.abaroutevalidator.Test_AbaRouteValidator_15" time="0"/>
  <testcase name="testAbaNumberCheck_34464_bad" classname="com.cardatechnologies.utils.validators.abaroutevalidator.Test_AbaRouteValidator_15" time="0"/>
  <testcase name="testAbaNumberCheck_33227_good" classname="com.cardatechnologies.utils.validators.abaroutevalidator.Test_AbaRouteValidator_15" time="0"/>
  <testcase name="testAbaNumberCheck_34916_bad" classname="com.cardatechnologies.utils.validators.abaroutevalidator.Test_AbaRouteValidator_15" time="0"/>
  <testcase name="testAbaNumberCheck_33652_bad" classname="com.cardatechnologies.utils.validators.abaroutevalidator.Test_AbaRouteValidator_15" time="0"/>
  <testcase name="testAbaNumberCheck_34466_bad" classname="com.cardatechnologies.utils.validators.abaroutevalidator.Test_AbaRouteValidator_15" time="0"/>
  <testcase name="testAbaNumberCheck_34825_good" classname="com.cardatechnologies.utils.validators.abaroutevalidator.Test_AbaRouteValidator_15" time="0"/>
  <testcase name="testAbaNumberCheck_33191_good" classname="com.cardatechnologies.utils.validators.abaroutevalidator.Test_AbaRouteValidator_15" time="0"/>
  <testcase name="testAbaNumberCheck_34918_bad" classname="com.cardatechnologies.utils.validators.abaroutevalidator.Test_AbaRouteValidator_15" time="0"/>
  <testcase name="testAbaNumberCheck_32840_bad" classname="com.cardatechnologies.utils.validators.abaroutevalidator.Test_AbaRouteValidator_15" time="0"/>
  <testcase name="testAbaNumberCheck_33654_bad" classname="com.cardatechnologies.utils.validators.abaroutevalidator.Test_AbaRouteValidator_15" time="0"/>
  <testcase name="testAbaNumberCheck_34468_bad" classname="com.cardatechnologies.utils.validators.abaroutevalidator.Test_AbaRouteValidator_15" time="0"/>
  <testcase name="testAbaNumberCheck_32842_bad" classname="com.cardatechnologies.utils.validators.abaroutevalidator.Test_AbaRouteValidator_15" time="0"/>
  <testcase name="testAbaNumberCheck_33656_bad" classname="com.cardatechnologies.utils.validators.abaroutevalidator.Test_AbaRouteValidator_15" time="0"/>
  <testcase name="testAbaNumberCheck_32844_bad" classname="com.cardatechnologies.utils.validators.abaroutevalidator.Test_AbaRouteValidator_15" time="0"/>
  <testcase name="testAbaNumberCheck_33065_good" classname="com.cardatechnologies.utils.validators.abaroutevalidator.Test_AbaRouteValidator_15" time="0"/>
  <testcase name="testAbaNumberCheck_33658_bad" classname="com.cardatechnologies.utils.validators.abaroutevalidator.Test_AbaRouteValidator_15" time="0"/>
  <testcase name="testAbaNumberCheck_32846_bad" classname="com.cardatechnologies.utils.validators.abaroutevalidator.Test_AbaRouteValidator_15" time="0"/>
  <testcase name="testAbaNumberCheck_34663_good" classname="com.cardatechnologies.utils.validators.abaroutevalidator.Test_AbaRouteValidator_15" time="0"/>
  <testcase name="testAbaNumberCheck_33723_good" classname="com.cardatechnologies.utils.validators.abaroutevalidator.Test_AbaRouteValidator_15" time="0"/>
  <testcase name="testAbaNumberCheck_32848_bad" classname="com.cardatechnologies.utils.validators.abaroutevalidator.Test_AbaRouteValidator_15" time="0"/>
  <testcase name="testAbaNumberCheck_34537_good" classname="com.cardatechnologies.utils.validators.abaroutevalidator.Test_AbaRouteValidator_15" time="0"/>
  <testcase name="testAbaNumberCheck_33561_good" classname="com.cardatechnologies.utils.validators.abaroutevalidator.Test_AbaRouteValidator_15" time="0"/>
  <testcase name="testAbaNumberCheck_32621_good" classname="com.cardatechnologies.utils.validators.abaroutevalidator.Test_AbaRouteValidator_15" time="0"/>
  <testcase name="testAbaNumberCheck_34375_good" classname="com.cardatechnologies.utils.validators.abaroutevalidator.Test_AbaRouteValidator_15" time="0"/>
  <testcase name="testAbaNumberCheck_33435_good" classname="com.cardatechnologies.utils.validators.abaroutevalidator.Test_AbaRouteValidator_15" time="0"/>
  <testcase name="testAbaNumberCheck_34920_bad" classname="com.cardatechnologies.utils.validators.abaroutevalidator.Test_AbaRouteValidator_15" time="0"/>
  <testcase name="testAbaNumberCheck_34249_good" classname="com.cardatechnologies.utils.validators.abaroutevalidator.Test_AbaRouteValidator_15" time="0"/>
  <testcase name="testAbaNumberCheck_34470_bad" classname="com.cardatechnologies.utils.validators.abaroutevalidator.Test_AbaRouteValidator_15" time="0"/>
  <testcase name="testAbaNumberCheck_33309_good" classname="com.cardatechnologies.utils.validators.abaroutevalidator.Test_AbaRouteValidator_15" time="0"/>
  <testcase name="testAbaNumberCheck_34922_bad" classname="com.cardatechnologies.utils.validators.abaroutevalidator.Test_AbaRouteValidator_15" time="0"/>
  <testcase name="testAbaNumberCheck_34472_bad" classname="com.cardatechnologies.utils.validators.abaroutevalidator.Test_AbaRouteValidator_15" time="0"/>
  <testcase name="testAbaNumberCheck_34907_good" classname="com.cardatechnologies.utils.validators.abaroutevalidator.Test_AbaRouteValidator_15" time="0"/>
  <testcase name="testAbaNumberCheck_34924_bad" classname="com.cardatechnologies.utils.validators.abaroutevalidator.Test_AbaRouteValidator_15" time="0"/>
  <testcase name="testAbaNumberCheck_33273_good" classname="com.cardatechnologies.utils.validators.abaroutevalidator.Test_AbaRouteValidator_15" time="0"/>
  <testcase name="testAbaNumberCheck_33660_bad" classname="com.cardatechnologies.utils.validators.abaroutevalidator.Test_AbaRouteValidator_15" time="0"/>
  <testcase name="testAbaNumberCheck_34474_bad" classname="com.cardatechnologies.utils.validators.abaroutevalidator.Test_AbaRouteValidator_15" time="0"/>
  <testcase name="testAbaNumberCheck_34926_bad" classname="com.cardatechnologies.utils.validators.abaroutevalidator.Test_AbaRouteValidator_15" time="0"/>
  <testcase name="testAbaNumberCheck_34871_good" classname="com.cardatechnologies.utils.validators.abaroutevalidator.Test_AbaRouteValidator_15" time="0"/>
  <testcase name="testAbaNumberCheck_33662_bad" classname="com.cardatechnologies.utils.validators.abaroutevalidator.Test_AbaRouteValidator_15" time="0"/>
  <testcase name="testAbaNumberCheck_34476_bad" classname="com.cardatechnologies.utils.validators.abaroutevalidator.Test_AbaRouteValidator_15" time="0"/>
  <testcase name="testAbaNumberCheck_33931_good" classname="com.cardatechnologies.utils.validators.abaroutevalidator.Test_AbaRouteValidator_15" time="0"/>
  <testcase name="testAbaNumberCheck_34928_bad" classname="com.cardatechnologies.utils.validators.abaroutevalidator.Test_AbaRouteValidator_15" time="0"/>
  <testcase name="testAbaNumberCheck_34087_good" classname="com.cardatechnologies.utils.validators.abaroutevalidator.Test_AbaRouteValidator_15" time="0"/>
  <testcase name="testAbaNumberCheck_32850_bad" classname="com.cardatechnologies.utils.validators.abaroutevalidator.Test_AbaRouteValidator_15" time="0"/>
  <testcase name="testAbaNumberCheck_33664_bad" classname="com.cardatechnologies.utils.validators.abaroutevalidator.Test_AbaRouteValidator_15" time="0"/>
  <testcase name="testAbaNumberCheck_33147_good" classname="com.cardatechnologies.utils.validators.abaroutevalidator.Test_AbaRouteValidator_15" time="0"/>
  <testcase name="testAbaNumberCheck_34478_bad" classname="com.cardatechnologies.utils.validators.abaroutevalidator.Test_AbaRouteValidator_15" time="0"/>
  <testcase name="testAbaNumberCheck_32852_bad" classname="com.cardatechnologies.utils.validators.abaroutevalidator.Test_AbaRouteValidator_15" time="0"/>
  <testcase name="testAbaNumberCheck_33666_bad" classname="com.cardatechnologies.utils.validators.abaroutevalidator.Test_AbaRouteValidator_15" time="0"/>
  <testcase name="testAbaNumberCheck_34745_good" classname="com.cardatechnologies.utils.validators.abaroutevalidator.Test_AbaRouteValidator_15" time="0"/>
  <testcase name="testAbaNumberCheck_33805_good" classname="com.cardatechnologies.utils.validators.abaroutevalidator.Test_AbaRouteValidator_15" time="0"/>
  <testcase name="testAbaNumberCheck_32854_bad" classname="com.cardatechnologies.utils.validators.abaroutevalidator.Test_AbaRouteValidator_15" time="0"/>
  <testcase name="testAbaNumberCheck_33668_bad" classname="com.cardatechnologies.utils.validators.abaroutevalidator.Test_AbaRouteValidator_15" time="0"/>
  <testcase name="testAbaNumberCheck_32856_bad" classname="com.cardatechnologies.utils.validators.abaroutevalidator.Test_AbaRouteValidator_15" time="0"/>
  <testcase name="testAbaNumberCheck_34619_good" classname="com.cardatechnologies.utils.validators.abaroutevalidator.Test_AbaRouteValidator_15" time="0"/>
  <testcase name="testAbaNumberCheck_32858_bad" classname="com.cardatechnologies.utils.validators.abaroutevalidator.Test_AbaRouteValidator_15" time="0"/>
  <testcase name="testAbaNumberCheck_34583_good" classname="com.cardatechnologies.utils.validators.abaroutevalidator.Test_AbaRouteValidator_15" time="0"/>
  <testcase name="testAbaNumberCheck_33643_good" classname="com.cardatechnologies.utils.validators.abaroutevalidator.Test_AbaRouteValidator_15" time="0"/>
  <testcase name="testAbaNumberCheck_32703_good" classname="com.cardatechnologies.utils.validators.abaroutevalidator.Test_AbaRouteValidator_15" time="0"/>
  <testcase name="testAbaNumberCheck_34457_good" classname="com.cardatechnologies.utils.validators.abaroutevalidator.Test_AbaRouteValidator_15" time="0"/>
  <testcase name="testAbaNumberCheck_33517_good" classname="com.cardatechnologies.utils.validators.abaroutevalidator.Test_AbaRouteValidator_15" time="0"/>
  <testcase name="testAbaNumberCheck_33481_good" classname="com.cardatechnologies.utils.validators.abaroutevalidator.Test_AbaRouteValidator_15" time="0"/>
  <testcase name="testAbaNumberCheck_32541_good" classname="com.cardatechnologies.utils.validators.abaroutevalidator.Test_AbaRouteValidator_15" time="0"/>
  <testcase name="testAbaNumberCheck_34295_good" classname="com.cardatechnologies.utils.validators.abaroutevalidator.Test_AbaRouteValidator_15" time="0"/>
  <testcase name="testAbaNumberCheck_34930_bad" classname="com.cardatechnologies.utils.validators.abaroutevalidator.Test_AbaRouteValidator_15" time="0"/>
  <testcase name="testAbaNumberCheck_33355_good" classname="com.cardatechnologies.utils.validators.abaroutevalidator.Test_AbaRouteValidator_15" time="0"/>
  <testcase name="testAbaNumberCheck_34480_bad" classname="com.cardatechnologies.utils.validators.abaroutevalidator.Test_AbaRouteValidator_15" time="0"/>
  <testcase name="testAbaNumberCheck_34932_bad" classname="com.cardatechnologies.utils.validators.abaroutevalidator.Test_AbaRouteValidator_15" time="0"/>
  <testcase name="testAbaNumberCheck_34953_good" classname="com.cardatechnologies.utils.validators.abaroutevalidator.Test_AbaRouteValidator_15" time="0"/>
  <testcase name="testAbaNumberCheck_34482_bad" classname="com.cardatechnologies.utils.validators.abaroutevalidator.Test_AbaRouteValidator_15" time="0"/>
  <testcase name="testAbaNumberCheck_34934_bad" classname="com.cardatechnologies.utils.validators.abaroutevalidator.Test_AbaRouteValidator_15" time="0"/>
  <testcase name="testAbaNumberCheck_34169_good" classname="com.cardatechnologies.utils.validators.abaroutevalidator.Test_AbaRouteValidator_15" time="0"/>
  <testcase name="testAbaNumberCheck_33670_bad" classname="com.cardatechnologies.utils.validators.abaroutevalidator.Test_AbaRouteValidator_15" time="0"/>
  <testcase name="testAbaNumberCheck_34484_bad" classname="com.cardatechnologies.utils.validators.abaroutevalidator.Test_AbaRouteValidator_15" time="0"/>
  <testcase name="testAbaNumberCheck_33229_good" classname="com.cardatechnologies.utils.validators.abaroutevalidator.Test_AbaRouteValidator_15" time="0"/>
  <testcase name="testAbaNumberCheck_34936_bad" classname="com.cardatechnologies.utils.validators.abaroutevalidator.Test_AbaRouteValidator_15" time="0"/>
  <testcase name="testAbaNumberCheck_33672_bad" classname="com.cardatechnologies.utils.validators.abaroutevalidator.Test_AbaRouteValidator_15" time="0"/>
  <testcase name="testAbaNumberCheck_34486_bad" classname="com.cardatechnologies.utils.validators.abaroutevalidator.Test_AbaRouteValidator_15" time="0"/>
  <testcase name="testAbaNumberCheck_34827_good" classname="com.cardatechnologies.utils.validators.abaroutevalidator.Test_AbaRouteValidator_15" time="0"/>
  <testcase name="testAbaNumberCheck_33193_good" classname="com.cardatechnologies.utils.validators.abaroutevalidator.Test_AbaRouteValidator_15" time="0"/>
  <testcase name="testAbaNumberCheck_34938_bad" classname="com.cardatechnologies.utils.validators.abaroutevalidator.Test_AbaRouteValidator_15" time="0"/>
  <testcase name="testAbaNumberCheck_32860_bad" classname="com.cardatechnologies.utils.validators.abaroutevalidator.Test_AbaRouteValidator_15" time="0"/>
  <testcase name="testAbaNumberCheck_33674_bad" classname="com.cardatechnologies.utils.validators.abaroutevalidator.Test_AbaRouteValidator_15" time="0"/>
  <testcase name="testAbaNumberCheck_34488_bad" classname="com.cardatechnologies.utils.validators.abaroutevalidator.Test_AbaRouteValidator_15" time="0"/>
  <testcase name="testAbaNumberCheck_34791_good" classname="com.cardatechnologies.utils.validators.abaroutevalidator.Test_AbaRouteValidator_15" time="0"/>
  <testcase name="testAbaNumberCheck_32862_bad" classname="com.cardatechnologies.utils.validators.abaroutevalidator.Test_AbaRouteValidator_15" time="0"/>
  <testcase name="testAbaNumberCheck_33676_bad" classname="com.cardatechnologies.utils.validators.abaroutevalidator.Test_AbaRouteValidator_15" time="0"/>
  <testcase name="testAbaNumberCheck_33851_good" classname="com.cardatechnologies.utils.validators.abaroutevalidator.Test_AbaRouteValidator_15" time="0"/>
  <testcase name="testAbaNumberCheck_32911_good" classname="com.cardatechnologies.utils.validators.abaroutevalidator.Test_AbaRouteValidator_15" time="0"/>
  <testcase name="testAbaNumberCheck_32864_bad" classname="com.cardatechnologies.utils.validators.abaroutevalidator.Test_AbaRouteValidator_15" time="0"/>
  <testcase name="testAbaNumberCheck_33067_good" classname="com.cardatechnologies.utils.validators.abaroutevalidator.Test_AbaRouteValidator_15" time="0"/>
  <testcase name="testAbaNumberCheck_33678_bad" classname="com.cardatechnologies.utils.validators.abaroutevalidator.Test_AbaRouteValidator_15" time="0"/>
  <testcase name="testAbaNumberCheck_32866_bad" classname="com.cardatechnologies.utils.validators.abaroutevalidator.Test_AbaRouteValidator_15" time="0"/>
  <testcase name="testAbaNumberCheck_34665_good" classname="com.cardatechnologies.utils.validators.abaroutevalidator.Test_AbaRouteValidator_15" time="0"/>
  <testcase name="testAbaNumberCheck_33725_good" classname="com.cardatechnologies.utils.validators.abaroutevalidator.Test_AbaRouteValidator_15" time="0"/>
  <testcase name="testAbaNumberCheck_32868_bad" classname="com.cardatechnologies.utils.validators.abaroutevalidator.Test_AbaRouteValidator_15" time="0"/>
  <testcase name="testAbaNumberCheck_34539_good" classname="com.cardatechnologies.utils.validators.abaroutevalidator.Test_AbaRouteValidator_15" time="0"/>
  <testcase name="testAbaNumberCheck_33563_good" classname="com.cardatechnologies.utils.validators.abaroutevalidator.Test_AbaRouteValidator_15" time="0"/>
  <testcase name="testAbaNumberCheck_32623_good" classname="com.cardatechnologies.utils.validators.abaroutevalidator.Test_AbaRouteValidator_15" time="0"/>
  <testcase name="testAbaNumberCheck_34377_good" classname="com.cardatechnologies.utils.validators.abaroutevalidator.Test_AbaRouteValidator_15" time="0"/>
  <testcase name="testAbaNumberCheck_33437_good" classname="com.cardatechnologies.utils.validators.abaroutevalidator.Test_AbaRouteValidator_15" time="0"/>
  <testcase name="testAbaNumberCheck_34940_bad" classname="com.cardatechnologies.utils.validators.abaroutevalidator.Test_AbaRouteValidator_15" time="0"/>
  <testcase name="testAbaNumberCheck_34490_bad" classname="com.cardatechnologies.utils.validators.abaroutevalidator.Test_AbaRouteValidator_15" time="0"/>
  <testcase name="testAbaNumberCheck_34942_bad" classname="com.cardatechnologies.utils.validators.abaroutevalidator.Test_AbaRouteValidator_15" time="0"/>
  <testcase name="testAbaNumberCheck_34492_bad" classname="com.cardatechnologies.utils.validators.abaroutevalidator.Test_AbaRouteValidator_15" time="0"/>
  <testcase name="testAbaNumberCheck_34909_good" classname="com.cardatechnologies.utils.validators.abaroutevalidator.Test_AbaRouteValidator_15" time="0"/>
  <testcase name="testAbaNumberCheck_34944_bad" classname="com.cardatechnologies.utils.validators.abaroutevalidator.Test_AbaRouteValidator_15" time="0"/>
  <testcase name="testAbaNumberCheck_33275_good" classname="com.cardatechnologies.utils.validators.abaroutevalidator.Test_AbaRouteValidator_15" time="0"/>
  <testcase name="testAbaNumberCheck_33680_bad" classname="com.cardatechnologies.utils.validators.abaroutevalidator.Test_AbaRouteValidator_15" time="0"/>
  <testcase name="testAbaNumberCheck_34494_bad" classname="com.cardatechnologies.utils.validators.abaroutevalidator.Test_AbaRouteValidator_15" time="0"/>
  <testcase name="testAbaNumberCheck_34946_bad" classname="com.cardatechnologies.utils.validators.abaroutevalidator.Test_AbaRouteValidator_15" time="0"/>
  <testcase name="testAbaNumberCheck_34873_good" classname="com.cardatechnologies.utils.validators.abaroutevalidator.Test_AbaRouteValidator_15" time="0"/>
  <testcase name="testAbaNumberCheck_33682_bad" classname="com.cardatechnologies.utils.validators.abaroutevalidator.Test_AbaRouteValidator_15" time="0"/>
  <testcase name="testAbaNumberCheck_34496_bad" classname="com.cardatechnologies.utils.validators.abaroutevalidator.Test_AbaRouteValidator_15" time="0"/>
  <testcase name="testAbaNumberCheck_33933_good" classname="com.cardatechnologies.utils.validators.abaroutevalidator.Test_AbaRouteValidator_15" time="0"/>
  <testcase name="testAbaNumberCheck_34948_bad" classname="com.cardatechnologies.utils.validators.abaroutevalidator.Test_AbaRouteValidator_15" time="0"/>
  <testcase name="testAbaNumberCheck_34089_good" classname="com.cardatechnologies.utils.validators.abaroutevalidator.Test_AbaRouteValidator_15" time="0"/>
  <testcase name="testAbaNumberCheck_32870_bad" classname="com.cardatechnologies.utils.validators.abaroutevalidator.Test_AbaRouteValidator_15" time="0"/>
  <testcase name="testAbaNumberCheck_33684_bad" classname="com.cardatechnologies.utils.validators.abaroutevalidator.Test_AbaRouteValidator_15" time="0"/>
  <testcase name="testAbaNumberCheck_33149_good" classname="com.cardatechnologies.utils.validators.abaroutevalidator.Test_AbaRouteValidator_15" time="0"/>
  <testcase name="testAbaNumberCheck_34498_bad" classname="com.cardatechnologies.utils.validators.abaroutevalidator.Test_AbaRouteValidator_15" time="0"/>
  <testcase name="testAbaNumberCheck_32872_bad" classname="com.cardatechnologies.utils.validators.abaroutevalidator.Test_AbaRouteValidator_15" time="0"/>
  <testcase name="testAbaNumberCheck_33686_bad" classname="com.cardatechnologies.utils.validators.abaroutevalidator.Test_AbaRouteValidator_15" time="0"/>
  <testcase name="testAbaNumberCheck_34747_good" classname="com.cardatechnologies.utils.validators.abaroutevalidator.Test_AbaRouteValidator_15" time="0"/>
  <testcase name="testAbaNumberCheck_33807_good" classname="com.cardatechnologies.utils.validators.abaroutevalidator.Test_AbaRouteValidator_15" time="0"/>
  <testcase name="testAbaNumberCheck_32874_bad" classname="com.cardatechnologies.utils.validators.abaroutevalidator.Test_AbaRouteValidator_15" time="0"/>
  <testcase name="testAbaNumberCheck_33688_bad" classname="com.cardatechnologies.utils.validators.abaroutevalidator.Test_AbaRouteValidator_15" time="0"/>
  <testcase name="testAbaNumberCheck_32876_bad" classname="com.cardatechnologies.utils.validators.abaroutevalidator.Test_AbaRouteValidator_15" time="0"/>
  <testcase name="testAbaNumberCheck_33771_good" classname="com.cardatechnologies.utils.validators.abaroutevalidator.Test_AbaRouteValidator_15" time="0"/>
  <testcase name="testAbaNumberCheck_32831_good" classname="com.cardatechnologies.utils.validators.abaroutevalidator.Test_AbaRouteValidator_15" time="0"/>
  <testcase name="testAbaNumberCheck_32878_bad" classname="com.cardatechnologies.utils.validators.abaroutevalidator.Test_AbaRouteValidator_15" time="0"/>
  <testcase name="testAbaNumberCheck_34585_good" classname="com.cardatechnologies.utils.validators.abaroutevalidator.Test_AbaRouteValidator_15" time="0"/>
  <testcase name="testAbaNumberCheck_33645_good" classname="com.cardatechnologies.utils.validators.abaroutevalidator.Test_AbaRouteValidator_15" time="0"/>
  <testcase name="testAbaNumberCheck_32705_good" classname="com.cardatechnologies.utils.validators.abaroutevalidator.Test_AbaRouteValidator_15" time="0"/>
  <testcase name="testAbaNumberCheck_34459_good" classname="com.cardatechnologies.utils.validators.abaroutevalidator.Test_AbaRouteValidator_15" time="0"/>
  <testcase name="testAbaNumberCheck_33519_good" classname="com.cardatechnologies.utils.validators.abaroutevalidator.Test_AbaRouteValidator_15" time="0"/>
  <testcase name="testAbaNumberCheck_33483_good" classname="com.cardatechnologies.utils.validators.abaroutevalidator.Test_AbaRouteValidator_15" time="0"/>
  <testcase name="testAbaNumberCheck_32543_good" classname="com.cardatechnologies.utils.validators.abaroutevalidator.Test_AbaRouteValidator_15" time="0"/>
  <testcase name="testAbaNumberCheck_34297_good" classname="com.cardatechnologies.utils.validators.abaroutevalidator.Test_AbaRouteValidator_15" time="0"/>
  <testcase name="testAbaNumberCheck_34950_bad" classname="com.cardatechnologies.utils.validators.abaroutevalidator.Test_AbaRouteValidator_15" time="0"/>
  <testcase name="testAbaNumberCheck_33357_good" classname="com.cardatechnologies.utils.validators.abaroutevalidator.Test_AbaRouteValidator_15" time="0"/>
  <testcase name="testAbaNumberCheck_34952_bad" classname="com.cardatechnologies.utils.validators.abaroutevalidator.Test_AbaRouteValidator_15" time="0"/>
  <testcase name="testAbaNumberCheck_34955_good" classname="com.cardatechnologies.utils.validators.abaroutevalidator.Test_AbaRouteValidator_15" time="0"/>
  <testcase name="testAbaNumberCheck_34954_bad" classname="com.cardatechnologies.utils.validators.abaroutevalidator.Test_AbaRouteValidator_15" time="0"/>
  <testcase name="testAbaNumberCheck_33690_bad" classname="com.cardatechnologies.utils.validators.abaroutevalidator.Test_AbaRouteValidator_15" time="0"/>
  <testcase name="testAbaNumberCheck_34956_bad" classname="com.cardatechnologies.utils.validators.abaroutevalidator.Test_AbaRouteValidator_15" time="0"/>
  <testcase name="testAbaNumberCheck_33692_bad" classname="com.cardatechnologies.utils.validators.abaroutevalidator.Test_AbaRouteValidator_15" time="0"/>
  <testcase name="testAbaNumberCheck_34829_good" classname="com.cardatechnologies.utils.validators.abaroutevalidator.Test_AbaRouteValidator_15" time="0"/>
  <testcase name="testAbaNumberCheck_33195_good" classname="com.cardatechnologies.utils.validators.abaroutevalidator.Test_AbaRouteValidator_15" time="0"/>
  <testcase name="testAbaNumberCheck_34958_bad" classname="com.cardatechnologies.utils.validators.abaroutevalidator.Test_AbaRouteValidator_15" time="0"/>
  <testcase name="testAbaNumberCheck_32880_bad" classname="com.cardatechnologies.utils.validators.abaroutevalidator.Test_AbaRouteValidator_15" time="0"/>
  <testcase name="testAbaNumberCheck_33694_bad" classname="com.cardatechnologies.utils.validators.abaroutevalidator.Test_AbaRouteValidator_15" time="0"/>
  <testcase name="testAbaNumberCheck_34793_good" classname="com.cardatechnologies.utils.validators.abaroutevalidator.Test_AbaRouteValidator_15" time="0"/>
  <testcase name="testAbaNumberCheck_32882_bad" classname="com.cardatechnologies.utils.validators.abaroutevalidator.Test_AbaRouteValidator_15" time="0"/>
  <testcase name="testAbaNumberCheck_33696_bad" classname="com.cardatechnologies.utils.validators.abaroutevalidator.Test_AbaRouteValidator_15" time="0"/>
  <testcase name="testAbaNumberCheck_33853_good" classname="com.cardatechnologies.utils.validators.abaroutevalidator.Test_AbaRouteValidator_15" time="0"/>
  <testcase name="testAbaNumberCheck_32913_good" classname="com.cardatechnologies.utils.validators.abaroutevalidator.Test_AbaRouteValidator_15" time="0"/>
  <testcase name="testAbaNumberCheck_32884_bad" classname="com.cardatechnologies.utils.validators.abaroutevalidator.Test_AbaRouteValidator_15" time="0"/>
  <testcase name="testAbaNumberCheck_33069_good" classname="com.cardatechnologies.utils.validators.abaroutevalidator.Test_AbaRouteValidator_15" time="0"/>
  <testcase name="testAbaNumberCheck_33698_bad" classname="com.cardatechnologies.utils.validators.abaroutevalidator.Test_AbaRouteValidator_15" time="0"/>
  <testcase name="testAbaNumberCheck_32886_bad" classname="com.cardatechnologies.utils.validators.abaroutevalidator.Test_AbaRouteValidator_15" time="0"/>
  <testcase name="testAbaNumberCheck_34667_good" classname="com.cardatechnologies.utils.validators.abaroutevalidator.Test_AbaRouteValidator_15" time="0"/>
  <testcase name="testAbaNumberCheck_33727_good" classname="com.cardatechnologies.utils.validators.abaroutevalidator.Test_AbaRouteValidator_15" time="0"/>
  <testcase name="testAbaNumberCheck_32888_bad" classname="com.cardatechnologies.utils.validators.abaroutevalidator.Test_AbaRouteValidator_15" time="0"/>
  <testcase name="testAbaNumberCheck_33691_good" classname="com.cardatechnologies.utils.validators.abaroutevalidator.Test_AbaRouteValidator_15" time="0"/>
  <testcase name="testAbaNumberCheck_32751_good" classname="com.cardatechnologies.utils.validators.abaroutevalidator.Test_AbaRouteValidator_15" time="0"/>
  <testcase name="testAbaNumberCheck_33565_good" classname="com.cardatechnologies.utils.validators.abaroutevalidator.Test_AbaRouteValidator_15" time="0"/>
  <testcase name="testAbaNumberCheck_32625_good" classname="com.cardatechnologies.utils.validators.abaroutevalidator.Test_AbaRouteValidator_15" time="0"/>
  <testcase name="testAbaNumberCheck_34379_good" classname="com.cardatechnologies.utils.validators.abaroutevalidator.Test_AbaRouteValidator_15" time="0"/>
  <testcase name="testAbaNumberCheck_33439_good" classname="com.cardatechnologies.utils.validators.abaroutevalidator.Test_AbaRouteValidator_15" time="0"/>
  <testcase name="testAbaNumberCheck_34960_bad" classname="com.cardatechnologies.utils.validators.abaroutevalidator.Test_AbaRouteValidator_15" time="0"/>
  <testcase name="testAbaNumberCheck_34962_bad" classname="com.cardatechnologies.utils.validators.abaroutevalidator.Test_AbaRouteValidator_15" time="0"/>
  <testcase name="testAbaNumberCheck_34964_bad" classname="com.cardatechnologies.utils.validators.abaroutevalidator.Test_AbaRouteValidator_15" time="0"/>
  <testcase name="testAbaNumberCheck_33277_good" classname="com.cardatechnologies.utils.validators.abaroutevalidator.Test_AbaRouteValidator_15" time="0"/>
  <testcase name="testAbaNumberCheck_34966_bad" classname="com.cardatechnologies.utils.validators.abaroutevalidator.Test_AbaRouteValidator_15" time="0"/>
  <testcase name="testAbaNumberCheck_34875_good" classname="com.cardatechnologies.utils.validators.abaroutevalidator.Test_AbaRouteValidator_15" time="0"/>
  <testcase name="testAbaNumberCheck_33935_good" classname="com.cardatechnologies.utils.validators.abaroutevalidator.Test_AbaRouteValidator_15" time="0"/>
  <testcase name="testAbaNumberCheck_34968_bad" classname="com.cardatechnologies.utils.validators.abaroutevalidator.Test_AbaRouteValidator_15" time="0"/>
  <testcase name="testAbaNumberCheck_32890_bad" classname="com.cardatechnologies.utils.validators.abaroutevalidator.Test_AbaRouteValidator_15" time="0"/>
  <testcase name="testAbaNumberCheck_32892_bad" classname="com.cardatechnologies.utils.validators.abaroutevalidator.Test_AbaRouteValidator_15" time="0"/>
  <testcase name="testAbaNumberCheck_34749_good" classname="com.cardatechnologies.utils.validators.abaroutevalidator.Test_AbaRouteValidator_15" time="0"/>
  <testcase name="testAbaNumberCheck_33809_good" classname="com.cardatechnologies.utils.validators.abaroutevalidator.Test_AbaRouteValidator_15" time="0"/>
  <testcase name="testAbaNumberCheck_32894_bad" classname="com.cardatechnologies.utils.validators.abaroutevalidator.Test_AbaRouteValidator_15" time="0"/>
  <testcase name="testAbaNumberCheck_32896_bad" classname="com.cardatechnologies.utils.validators.abaroutevalidator.Test_AbaRouteValidator_15" time="0"/>
  <testcase name="testAbaNumberCheck_33773_good" classname="com.cardatechnologies.utils.validators.abaroutevalidator.Test_AbaRouteValidator_15" time="0"/>
  <testcase name="testAbaNumberCheck_32833_good" classname="com.cardatechnologies.utils.validators.abaroutevalidator.Test_AbaRouteValidator_15" time="0"/>
  <testcase name="testAbaNumberCheck_32898_bad" classname="com.cardatechnologies.utils.validators.abaroutevalidator.Test_AbaRouteValidator_15" time="0"/>
  <testcase name="testAbaNumberCheck_34587_good" classname="com.cardatechnologies.utils.validators.abaroutevalidator.Test_AbaRouteValidator_15" time="0"/>
  <testcase name="testAbaNumberCheck_33647_good" classname="com.cardatechnologies.utils.validators.abaroutevalidator.Test_AbaRouteValidator_15" time="0"/>
  <testcase name="testAbaNumberCheck_32707_good" classname="com.cardatechnologies.utils.validators.abaroutevalidator.Test_AbaRouteValidator_15" time="0"/>
  <testcase name="testAbaNumberCheck_32671_good" classname="com.cardatechnologies.utils.validators.abaroutevalidator.Test_AbaRouteValidator_15" time="0"/>
  <testcase name="testAbaNumberCheck_33485_good" classname="com.cardatechnologies.utils.validators.abaroutevalidator.Test_AbaRouteValidator_15" time="0"/>
  <testcase name="testAbaNumberCheck_32545_good" classname="com.cardatechnologies.utils.validators.abaroutevalidator.Test_AbaRouteValidator_15" time="0"/>
  <testcase name="testAbaNumberCheck_34299_good" classname="com.cardatechnologies.utils.validators.abaroutevalidator.Test_AbaRouteValidator_15" time="0"/>
  <testcase name="testAbaNumberCheck_34970_bad" classname="com.cardatechnologies.utils.validators.abaroutevalidator.Test_AbaRouteValidator_15" time="0"/>
  <testcase name="testAbaNumberCheck_33359_good" classname="com.cardatechnologies.utils.validators.abaroutevalidator.Test_AbaRouteValidator_15" time="0"/>
  <testcase name="testAbaNumberCheck_34972_bad" classname="com.cardatechnologies.utils.validators.abaroutevalidator.Test_AbaRouteValidator_15" time="0"/>
  <testcase name="testAbaNumberCheck_34957_good" classname="com.cardatechnologies.utils.validators.abaroutevalidator.Test_AbaRouteValidator_15" time="0"/>
  <testcase name="testAbaNumberCheck_34974_bad" classname="com.cardatechnologies.utils.validators.abaroutevalidator.Test_AbaRouteValidator_15" time="0"/>
  <testcase name="testAbaNumberCheck_34976_bad" classname="com.cardatechnologies.utils.validators.abaroutevalidator.Test_AbaRouteValidator_15" time="0"/>
  <testcase name="testAbaNumberCheck_33981_good" classname="com.cardatechnologies.utils.validators.abaroutevalidator.Test_AbaRouteValidator_15" time="0"/>
  <testcase name="testAbaNumberCheck_33197_good" classname="com.cardatechnologies.utils.validators.abaroutevalidator.Test_AbaRouteValidator_15" time="0"/>
  <testcase name="testAbaNumberCheck_34978_bad" classname="com.cardatechnologies.utils.validators.abaroutevalidator.Test_AbaRouteValidator_15" time="0"/>
  <testcase name="testAbaNumberCheck_34795_good" classname="com.cardatechnologies.utils.validators.abaroutevalidator.Test_AbaRouteValidator_15" time="0"/>
  <testcase name="testAbaNumberCheck_33855_good" classname="com.cardatechnologies.utils.validators.abaroutevalidator.Test_AbaRouteValidator_15" time="0"/>
  <testcase name="testAbaNumberCheck_32915_good" classname="com.cardatechnologies.utils.validators.abaroutevalidator.Test_AbaRouteValidator_15" time="0"/>
  <testcase name="testAbaNumberCheck_34669_good" classname="com.cardatechnologies.utils.validators.abaroutevalidator.Test_AbaRouteValidator_15" time="0"/>
  <testcase name="testAbaNumberCheck_33729_good" classname="com.cardatechnologies.utils.validators.abaroutevalidator.Test_AbaRouteValidator_15" time="0"/>
  <testcase name="testAbaNumberCheck_33693_good" classname="com.cardatechnologies.utils.validators.abaroutevalidator.Test_AbaRouteValidator_15" time="0"/>
  <testcase name="testAbaNumberCheck_32753_good" classname="com.cardatechnologies.utils.validators.abaroutevalidator.Test_AbaRouteValidator_15" time="0"/>
  <testcase name="testAbaNumberCheck_33567_good" classname="com.cardatechnologies.utils.validators.abaroutevalidator.Test_AbaRouteValidator_15" time="0"/>
  <testcase name="testAbaNumberCheck_32627_good" classname="com.cardatechnologies.utils.validators.abaroutevalidator.Test_AbaRouteValidator_15" time="0"/>
  <testcase name="testAbaNumberCheck_32591_good" classname="com.cardatechnologies.utils.validators.abaroutevalidator.Test_AbaRouteValidator_15" time="0"/>
  <testcase name="testAbaNumberCheck_34980_bad" classname="com.cardatechnologies.utils.validators.abaroutevalidator.Test_AbaRouteValidator_15" time="0"/>
  <testcase name="testAbaNumberCheck_34982_bad" classname="com.cardatechnologies.utils.validators.abaroutevalidator.Test_AbaRouteValidator_15" time="0"/>
  <testcase name="testAbaNumberCheck_34984_bad" classname="com.cardatechnologies.utils.validators.abaroutevalidator.Test_AbaRouteValidator_15" time="0"/>
  <testcase name="testAbaNumberCheck_33279_good" classname="com.cardatechnologies.utils.validators.abaroutevalidator.Test_AbaRouteValidator_15" time="0"/>
  <testcase name="testAbaNumberCheck_34986_bad" classname="com.cardatechnologies.utils.validators.abaroutevalidator.Test_AbaRouteValidator_15" time="0"/>
  <testcase name="testAbaNumberCheck_34877_good" classname="com.cardatechnologies.utils.validators.abaroutevalidator.Test_AbaRouteValidator_15" time="0"/>
  <testcase name="testAbaNumberCheck_33937_good" classname="com.cardatechnologies.utils.validators.abaroutevalidator.Test_AbaRouteValidator_15" time="0"/>
  <testcase name="testAbaNumberCheck_34988_bad" classname="com.cardatechnologies.utils.validators.abaroutevalidator.Test_AbaRouteValidator_15" time="0"/>
  <testcase name="testAbaNumberCheck_32961_good" classname="com.cardatechnologies.utils.validators.abaroutevalidator.Test_AbaRouteValidator_15" time="0"/>
  <testcase name="testAbaNumberCheck_33775_good" classname="com.cardatechnologies.utils.validators.abaroutevalidator.Test_AbaRouteValidator_15" time="0"/>
  <testcase name="testAbaNumberCheck_32835_good" classname="com.cardatechnologies.utils.validators.abaroutevalidator.Test_AbaRouteValidator_15" time="0"/>
  <testcase name="testAbaNumberCheck_34589_good" classname="com.cardatechnologies.utils.validators.abaroutevalidator.Test_AbaRouteValidator_15" time="0"/>
  <testcase name="testAbaNumberCheck_33649_good" classname="com.cardatechnologies.utils.validators.abaroutevalidator.Test_AbaRouteValidator_15" time="0"/>
  <testcase name="testAbaNumberCheck_32709_good" classname="com.cardatechnologies.utils.validators.abaroutevalidator.Test_AbaRouteValidator_15" time="0"/>
  <testcase name="testAbaNumberCheck_32673_good" classname="com.cardatechnologies.utils.validators.abaroutevalidator.Test_AbaRouteValidator_15" time="0"/>
  <testcase name="testAbaNumberCheck_33487_good" classname="com.cardatechnologies.utils.validators.abaroutevalidator.Test_AbaRouteValidator_15" time="0"/>
  <testcase name="testAbaNumberCheck_32547_good" classname="com.cardatechnologies.utils.validators.abaroutevalidator.Test_AbaRouteValidator_15" time="0"/>
  <testcase name="testAbaNumberCheck_34990_bad" classname="com.cardatechnologies.utils.validators.abaroutevalidator.Test_AbaRouteValidator_15" time="0"/>
  <testcase name="testAbaNumberCheck_34992_bad" classname="com.cardatechnologies.utils.validators.abaroutevalidator.Test_AbaRouteValidator_15" time="0"/>
  <testcase name="testAbaNumberCheck_34959_good" classname="com.cardatechnologies.utils.validators.abaroutevalidator.Test_AbaRouteValidator_15" time="0"/>
  <testcase name="testAbaNumberCheck_34994_bad" classname="com.cardatechnologies.utils.validators.abaroutevalidator.Test_AbaRouteValidator_15" time="0"/>
  <testcase name="testAbaNumberCheck_34996_bad" classname="com.cardatechnologies.utils.validators.abaroutevalidator.Test_AbaRouteValidator_15" time="0"/>
  <testcase name="testAbaNumberCheck_33983_good" classname="com.cardatechnologies.utils.validators.abaroutevalidator.Test_AbaRouteValidator_15" time="0"/>
  <testcase name="testAbaNumberCheck_33199_good" classname="com.cardatechnologies.utils.validators.abaroutevalidator.Test_AbaRouteValidator_15" time="0"/>
  <testcase name="testAbaNumberCheck_34998_bad" classname="com.cardatechnologies.utils.validators.abaroutevalidator.Test_AbaRouteValidator_15" time="0"/>
  <testcase name="testAbaNumberCheck_34797_good" classname="com.cardatechnologies.utils.validators.abaroutevalidator.Test_AbaRouteValidator_15" time="0"/>
  <testcase name="testAbaNumberCheck_33857_good" classname="com.cardatechnologies.utils.validators.abaroutevalidator.Test_AbaRouteValidator_15" time="0"/>
  <testcase name="testAbaNumberCheck_32917_good" classname="com.cardatechnologies.utils.validators.abaroutevalidator.Test_AbaRouteValidator_15" time="0"/>
  <testcase name="testAbaNumberCheck_32881_good" classname="com.cardatechnologies.utils.validators.abaroutevalidator.Test_AbaRouteValidator_15" time="0"/>
  <testcase name="testAbaNumberCheck_33695_good" classname="com.cardatechnologies.utils.validators.abaroutevalidator.Test_AbaRouteValidator_15" time="0"/>
  <testcase name="testAbaNumberCheck_32755_good" classname="com.cardatechnologies.utils.validators.abaroutevalidator.Test_AbaRouteValidator_15" time="0"/>
  <testcase name="testAbaNumberCheck_33569_good" classname="com.cardatechnologies.utils.validators.abaroutevalidator.Test_AbaRouteValidator_15" time="0"/>
  <testcase name="testAbaNumberCheck_32629_good" classname="com.cardatechnologies.utils.validators.abaroutevalidator.Test_AbaRouteValidator_15" time="0"/>
  <testcase name="testAbaNumberCheck_32593_good" classname="com.cardatechnologies.utils.validators.abaroutevalidator.Test_AbaRouteValidator_15" time="0"/>
  <testcase name="testAbaNumberCheck_34879_good" classname="com.cardatechnologies.utils.validators.abaroutevalidator.Test_AbaRouteValidator_15" time="0"/>
  <testcase name="testAbaNumberCheck_33939_good" classname="com.cardatechnologies.utils.validators.abaroutevalidator.Test_AbaRouteValidator_15" time="0"/>
  <testcase name="testAbaNumberCheck_32963_good" classname="com.cardatechnologies.utils.validators.abaroutevalidator.Test_AbaRouteValidator_15" time="0"/>
  <testcase name="testAbaNumberCheck_33777_good" classname="com.cardatechnologies.utils.validators.abaroutevalidator.Test_AbaRouteValidator_15" time="0"/>
  <testcase name="testAbaNumberCheck_32837_good" classname="com.cardatechnologies.utils.validators.abaroutevalidator.Test_AbaRouteValidator_15" time="0"/>
  <testcase name="testAbaNumberCheck_32675_good" classname="com.cardatechnologies.utils.validators.abaroutevalidator.Test_AbaRouteValidator_15" time="0"/>
  <testcase name="testAbaNumberCheck_33489_good" classname="com.cardatechnologies.utils.validators.abaroutevalidator.Test_AbaRouteValidator_15" time="0"/>
  <testcase name="testAbaNumberCheck_32549_good" classname="com.cardatechnologies.utils.validators.abaroutevalidator.Test_AbaRouteValidator_15" time="0"/>
  <testcase name="testAbaNumberCheck_33985_good" classname="com.cardatechnologies.utils.validators.abaroutevalidator.Test_AbaRouteValidator_15" time="0"/>
  <testcase name="testAbaNumberCheck_34799_good" classname="com.cardatechnologies.utils.validators.abaroutevalidator.Test_AbaRouteValidator_15" time="0"/>
  <testcase name="testAbaNumberCheck_33859_good" classname="com.cardatechnologies.utils.validators.abaroutevalidator.Test_AbaRouteValidator_15" time="0"/>
  <testcase name="testAbaNumberCheck_32919_good" classname="com.cardatechnologies.utils.validators.abaroutevalidator.Test_AbaRouteValidator_15" time="0"/>
  <testcase name="testAbaNumberCheck_32883_good" classname="com.cardatechnologies.utils.validators.abaroutevalidator.Test_AbaRouteValidator_15" time="0"/>
  <testcase name="testAbaNumberCheck_33697_good" classname="com.cardatechnologies.utils.validators.abaroutevalidator.Test_AbaRouteValidator_15" time="0"/>
  <testcase name="testAbaNumberCheck_32757_good" classname="com.cardatechnologies.utils.validators.abaroutevalidator.Test_AbaRouteValidator_15" time="0"/>
  <testcase name="testAbaNumberCheck_32595_good" classname="com.cardatechnologies.utils.validators.abaroutevalidator.Test_AbaRouteValidator_15" time="0"/>
  <testcase name="testAbaNumberCheck_32965_good" classname="com.cardatechnologies.utils.validators.abaroutevalidator.Test_AbaRouteValidator_15" time="0"/>
  <testcase name="testAbaNumberCheck_33779_good" classname="com.cardatechnologies.utils.validators.abaroutevalidator.Test_AbaRouteValidator_15" time="0"/>
  <testcase name="testAbaNumberCheck_32839_good" classname="com.cardatechnologies.utils.validators.abaroutevalidator.Test_AbaRouteValidator_15" time="0"/>
  <testcase name="testAbaNumberCheck_32677_good" classname="com.cardatechnologies.utils.validators.abaroutevalidator.Test_AbaRouteValidator_15" time="0"/>
  <testcase name="testAbaNumberCheck_33987_good" classname="com.cardatechnologies.utils.validators.abaroutevalidator.Test_AbaRouteValidator_15" time="0"/>
  <testcase name="testAbaNumberCheck_32885_good" classname="com.cardatechnologies.utils.validators.abaroutevalidator.Test_AbaRouteValidator_15" time="0"/>
  <testcase name="testAbaNumberCheck_33699_good" classname="com.cardatechnologies.utils.validators.abaroutevalidator.Test_AbaRouteValidator_15" time="0"/>
  <testcase name="testAbaNumberCheck_32759_good" classname="com.cardatechnologies.utils.validators.abaroutevalidator.Test_AbaRouteValidator_15" time="0"/>
  <testcase name="testAbaNumberCheck_32597_good" classname="com.cardatechnologies.utils.validators.abaroutevalidator.Test_AbaRouteValidator_15" time="0"/>
  <testcase name="testAbaNumberCheck_32967_good" classname="com.cardatechnologies.utils.validators.abaroutevalidator.Test_AbaRouteValidator_15" time="0"/>
  <testcase name="testAbaNumberCheck_32679_good" classname="com.cardatechnologies.utils.validators.abaroutevalidator.Test_AbaRouteValidator_15" time="0"/>
  <testcase name="testAbaNumberCheck_33989_good" classname="com.cardatechnologies.utils.validators.abaroutevalidator.Test_AbaRouteValidator_15" time="0"/>
  <testcase name="testAbaNumberCheck_32887_good" classname="com.cardatechnologies.utils.validators.abaroutevalidator.Test_AbaRouteValidator_15" time="0"/>
  <testcase name="testAbaNumberCheck_32599_good" classname="com.cardatechnologies.utils.validators.abaroutevalidator.Test_AbaRouteValidator_15" time="0"/>
  <testcase name="testAbaNumberCheck_32969_good" classname="com.cardatechnologies.utils.validators.abaroutevalidator.Test_AbaRouteValidator_15" time="0"/>
  <testcase name="testAbaNumberCheck_32889_good" classname="com.cardatechnologies.utils.validators.abaroutevalidator.Test_AbaRouteValidator_15" time="0"/>
  <testcase name="testAbaNumberCheck_34201_good" classname="com.cardatechnologies.utils.validators.abaroutevalidator.Test_AbaRouteValidator_15" time="0"/>
  <testcase name="testAbaNumberCheck_34000_bad" classname="com.cardatechnologies.utils.validators.abaroutevalidator.Test_AbaRouteValidator_15" time="0"/>
  <testcase name="testAbaNumberCheck_34002_bad" classname="com.cardatechnologies.utils.validators.abaroutevalidator.Test_AbaRouteValidator_15" time="0"/>
  <testcase name="testAbaNumberCheck_34121_good" classname="com.cardatechnologies.utils.validators.abaroutevalidator.Test_AbaRouteValidator_15" time="0"/>
  <testcase name="testAbaNumberCheck_34004_bad" classname="com.cardatechnologies.utils.validators.abaroutevalidator.Test_AbaRouteValidator_15" time="0"/>
  <testcase name="testAbaNumberCheck_34006_bad" classname="com.cardatechnologies.utils.validators.abaroutevalidator.Test_AbaRouteValidator_15" time="0"/>
  <testcase name="testAbaNumberCheck_34008_bad" classname="com.cardatechnologies.utils.validators.abaroutevalidator.Test_AbaRouteValidator_15" time="0"/>
  <testcase name="testAbaNumberCheck_34203_good" classname="com.cardatechnologies.utils.validators.abaroutevalidator.Test_AbaRouteValidator_15" time="0"/>
  <testcase name="testAbaNumberCheck_34010_bad" classname="com.cardatechnologies.utils.validators.abaroutevalidator.Test_AbaRouteValidator_15" time="0"/>
  <testcase name="testAbaNumberCheck_34012_bad" classname="com.cardatechnologies.utils.validators.abaroutevalidator.Test_AbaRouteValidator_15" time="0"/>
  <testcase name="testAbaNumberCheck_33200_bad" classname="com.cardatechnologies.utils.validators.abaroutevalidator.Test_AbaRouteValidator_15" time="0"/>
[...]
  <testcase name="testAbaNumberCheck_33681_good" classname="com.cardatechnologies.utils.validators.abaroutevalidator.Test_AbaRouteValidator_15" time="0"/>
  <testcase name="testAbaNumberCheck_32741_good" classname="com.cardatechnologies.utils.validators.abaroutevalidator.Test_AbaRouteValidator_15" time="0"/>
  <testcase name="testAbaNumberCheck_34495_good" classname="com.cardatechnologies.utils.validators.abaroutevalidator.Test_AbaRouteValidator_15" time="0"/>
  <testcase name="testAbaNumberCheck_33555_good" classname="com.cardatechnologies.utils.validators.abaroutevalidator.Test_AbaRouteValidator_15" time="0"/>
  <testcase name="testAbaNumberCheck_32615_good" classname="com.cardatechnologies.utils.validators.abaroutevalidator.Test_AbaRouteValidator_15" time="0"/>
  <testcase name="testAbaNumberCheck_34369_good" classname="com.cardatechnologies.utils.validators.abaroutevalidator.Test_AbaRouteValidator_15" time="0"/>
  <testcase name="testAbaNumberCheck_33429_good" classname="com.cardatechnologies.utils.validators.abaroutevalidator.Test_AbaRouteValidator_15" time="0"/>
  <testcase name="testAbaNumberCheck_33393_good" classname="com.cardatechnologies.utils.validators.abaroutevalidator.Test_AbaRouteValidator_15" time="0"/>
  <testcase name="testAbaNumberCheck_34860_bad" classname="com.cardatechnologies.utils.validators.abaroutevalidator.Test_AbaRouteValidator_15" time="0"/>
  <testcase name="testAbaNumberCheck_34991_good" classname="com.cardatechnologies.utils.validators.abaroutevalidator.Test_AbaRouteValidator_15" time="0"/>
  <testcase name="testAbaNumberCheck_34862_bad" classname="com.cardatechnologies.utils.validators.abaroutevalidator.Test_AbaRouteValidator_15" time="0"/>
  <testcase name="testAbaNumberCheck_34864_bad" classname="com.cardatechnologies.utils.validators.abaroutevalidator.Test_AbaRouteValidator_15" time="0"/>
  <testcase name="testAbaNumberCheck_33267_good" classname="com.cardatechnologies.utils.validators.abaroutevalidator.Test_AbaRouteValidator_15" time="0"/>
  <testcase name="testAbaNumberCheck_34866_bad" classname="com.cardatechnologies.utils.validators.abaroutevalidator.Test_AbaRouteValidator_15" time="0"/>
  <testcase name="testAbaNumberCheck_34865_good" classname="com.cardatechnologies.utils.validators.abaroutevalidator.Test_AbaRouteValidator_15" time="0"/>
  <testcase name="testAbaNumberCheck_33925_good" classname="com.cardatechnologies.utils.validators.abaroutevalidator.Test_AbaRouteValidator_15" time="0"/>
  <testcase name="testAbaNumberCheck_34868_bad" classname="com.cardatechnologies.utils.validators.abaroutevalidator.Test_AbaRouteValidator_15" time="0"/>
  <testcase name="testAbaNumberCheck_32790_bad" classname="com.cardatechnologies.utils.validators.abaroutevalidator.Test_AbaRouteValidator_15" time="0"/>
  <testcase name="testAbaNumberCheck_32792_bad" classname="com.cardatechnologies.utils.validators.abaroutevalidator.Test_AbaRouteValidator_15" time="0"/>
  <testcase name="testAbaNumberCheck_34739_good" classname="com.cardatechnologies.utils.validators.abaroutevalidator.Test_AbaRouteValidator_15" time="0"/>
  <testcase name="testAbaNumberCheck_32794_bad" classname="com.cardatechnologies.utils.validators.abaroutevalidator.Test_AbaRouteValidator_15" time="0"/>
  <testcase name="testAbaNumberCheck_32796_bad" classname="com.cardatechnologies.utils.validators.abaroutevalidator.Test_AbaRouteValidator_15" time="0"/>
  <testcase name="testAbaNumberCheck_33763_good" classname="com.cardatechnologies.utils.validators.abaroutevalidator.Test_AbaRouteValidator_15" time="0"/>
  <testcase name="testAbaNumberCheck_32823_good" classname="com.cardatechnologies.utils.validators.abaroutevalidator.Test_AbaRouteValidator_15" time="0.001"/>
  <testcase name="testAbaNumberCheck_32798_bad" classname="com.cardatechnologies.utils.validators.abaroutevalidator.Test_AbaRouteValidator_15" time="0"/>
  <testcase name="testAbaNumberCheck_34577_good" classname="com.cardatechnologies.utils.validators.abaroutevalidator.Test_AbaRouteValidator_15" time="0"/>
  <testcase name="testAbaNumberCheck_33637_good" classname="com.cardatechnologies.utils.validators.abaroutevalidator.Test_AbaRouteValidator_15" time="0"/>
  <testcase name="testAbaNumberCheck_32661_good" classname="com.cardatechnologies.utils.validators.abaroutevalidator.Test_AbaRouteValidator_15" time="0"/>
  <testcase name="testAbaNumberCheck_33475_good" classname="com.cardatechnologies.utils.validators.abaroutevalidator.Test_AbaRouteValidator_15" time="0"/>
  <testcase name="testAbaNumberCheck_32535_good" classname="com.cardatechnologies.utils.validators.abaroutevalidator.Test_AbaRouteValidator_15" time="0"/>
  <testcase name="testAbaNumberCheck_34289_good" classname="com.cardatechnologies.utils.validators.abaroutevalidator.Test_AbaRouteValidator_15" time="0"/>
  <testcase name="testAbaNumberCheck_34870_bad" classname="com.cardatechnologies.utils.validators.abaroutevalidator.Test_AbaRouteValidator_15" time="0"/>
  <testcase name="testAbaNumberCheck_33349_good" classname="com.cardatechnologies.utils.validators.abaroutevalidator.Test_AbaRouteValidator_15" time="0"/>
  <testcase name="testAbaNumberCheck_34872_bad" classname="com.cardatechnologies.utils.validators.abaroutevalidator.Test_AbaRouteValidator_15" time="0"/>
  <testcase name="testAbaNumberCheck_34947_good" classname="com.cardatechnologies.utils.validators.abaroutevalidator.Test_AbaRouteValidator_15" time="0"/>
  <testcase name="testAbaNumberCheck_34874_bad" classname="com.cardatechnologies.utils.validators.abaroutevalidator.Test_AbaRouteValidator_15" time="0"/>
  <testcase name="testAbaNumberCheck_34876_bad" classname="com.cardatechnologies.utils.validators.abaroutevalidator.Test_AbaRouteValidator_15" time="0"/>
  <testcase name="testAbaNumberCheck_33971_good" classname="com.cardatechnologies.utils.validators.abaroutevalidator.Test_AbaRouteValidator_15" time="0"/>
  <testcase name="testAbaNumberCheck_33187_good" classname="com.cardatechnologies.utils.validators.abaroutevalidator.Test_AbaRouteValidator_15" time="0"/>
  <testcase name="testAbaNumberCheck_34878_bad" classname="com.cardatechnologies.utils.validators.abaroutevalidator.Test_AbaRouteValidator_15" time="0"/>
  <testcase name="testAbaNumberCheck_34785_good" classname="com.cardatechnologies.utils.validators.abaroutevalidator.Test_AbaRouteValidator_15" time="0"/>
  <testcase name="testAbaNumberCheck_33845_good" classname="com.cardatechnologies.utils.validators.abaroutevalidator.Test_AbaRouteValidator_15" time="0"/>
  <testcase name="testAbaNumberCheck_32905_good" classname="com.cardatechnologies.utils.validators.abaroutevalidator.Test_AbaRouteValidator_15" time="0"/>
  <testcase name="testAbaNumberCheck_34659_good" classname="com.cardatechnologies.utils.validators.abaroutevalidator.Test_AbaRouteValidator_15" time="0"/>
  <testcase name="testAbaNumberCheck_33719_good" classname="com.cardatechnologies.utils.validators.abaroutevalidator.Test_AbaRouteValidator_15" time="0"/>
  <testcase name="testAbaNumberCheck_33683_good" classname="com.cardatechnologies.utils.validators.abaroutevalidator.Test_AbaRouteValidator_15" time="0"/>
  <testcase name="testAbaNumberCheck_32743_good" classname="com.cardatechnologies.utils.validators.abaroutevalidator.Test_AbaRouteValidator_15" time="0"/>
  <testcase name="testAbaNumberCheck_34497_good" classname="com.cardatechnologies.utils.validators.abaroutevalidator.Test_AbaRouteValidator_15" time="0"/>
  <testcase name="testAbaNumberCheck_33557_good" classname="com.cardatechnologies.utils.validators.abaroutevalidator.Test_AbaRouteValidator_15" time="0"/>
  <testcase name="testAbaNumberCheck_32617_good" classname="com.cardatechnologies.utils.validators.abaroutevalidator.Test_AbaRouteValidator_15" time="0"/>
  <testcase name="testAbaNumberCheck_32581_good" classname="com.cardatechnologies.utils.validators.abaroutevalidator.Test_AbaRouteValidator_15" time="0"/>
  <testcase name="testAbaNumberCheck_33395_good" classname="com.cardatechnologies.utils.validators.abaroutevalidator.Test_AbaRouteValidator_15" time="0"/>
  <testcase name="testAbaNumberCheck_34880_bad" classname="com.cardatechnologies.utils.validators.abaroutevalidator.Test_AbaRouteValidator_15" time="0.001"/>
  <testcase name="testAbaNumberCheck_34993_good" classname="com.cardatechnologies.utils.validators.abaroutevalidator.Test_AbaRouteValidator_15" time="0"/>
  <testcase name="testAbaNumberCheck_34882_bad" classname="com.cardatechnologies.utils.validators.abaroutevalidator.Test_AbaRouteValidator_15" time="0"/>
  <testcase name="testAbaNumberCheck_34884_bad" classname="com.cardatechnologies.utils.validators.abaroutevalidator.Test_AbaRouteValidator_15" time="0"/>
  <testcase name="testAbaNumberCheck_33269_good" classname="com.cardatechnologies.utils.validators.abaroutevalidator.Test_AbaRouteValidator_15" time="0"/>
  <testcase name="testAbaNumberCheck_34886_bad" classname="com.cardatechnologies.utils.validators.abaroutevalidator.Test_AbaRouteValidator_15" time="0"/>
  <testcase name="testAbaNumberCheck_34867_good" classname="com.cardatechnologies.utils.validators.abaroutevalidator.Test_AbaRouteValidator_15" time="0"/>
  <testcase name="testAbaNumberCheck_33927_good" classname="com.cardatechnologies.utils.validators.abaroutevalidator.Test_AbaRouteValidator_15" time="0"/>
  <testcase name="testAbaNumberCheck_34888_bad" classname="com.cardatechnologies.utils.validators.abaroutevalidator.Test_AbaRouteValidator_15" time="0"/>
  <testcase name="testAbaNumberCheck_33891_good" classname="com.cardatechnologies.utils.validators.abaroutevalidator.Test_AbaRouteValidator_15" time="0"/>
  <testcase name="testAbaNumberCheck_32951_good" classname="com.cardatechnologies.utils.validators.abaroutevalidator.Test_AbaRouteValidator_15" time="0"/>
  <testcase name="testAbaNumberCheck_33765_good" classname="com.cardatechnologies.utils.validators.abaroutevalidator.Test_AbaRouteValidator_15" time="0"/>
  <testcase name="testAbaNumberCheck_32825_good" classname="com.cardatechnologies.utils.validators.abaroutevalidator.Test_AbaRouteValidator_15" time="0"/>
  <testcase name="testAbaNumberCheck_34579_good" classname="com.cardatechnologies.utils.validators.abaroutevalidator.Test_AbaRouteValidator_15" time="0"/>
  <testcase name="testAbaNumberCheck_33639_good" classname="com.cardatechnologies.utils.validators.abaroutevalidator.Test_AbaRouteValidator_15" time="0"/>
  <testcase name="testAbaNumberCheck_32663_good" classname="com.cardatechnologies.utils.validators.abaroutevalidator.Test_AbaRouteValidator_15" time="0"/>
  <testcase name="testAbaNumberCheck_33477_good" classname="com.cardatechnologies.utils.validators.abaroutevalidator.Test_AbaRouteValidator_15" time="0"/>
  <testcase name="testAbaNumberCheck_32537_good" classname="com.cardatechnologies.utils.validators.abaroutevalidator.Test_AbaRouteValidator_15" time="0"/>
  <testcase name="testAbaNumberCheck_34890_bad" classname="com.cardatechnologies.utils.validators.abaroutevalidator.Test_AbaRouteValidator_15" time="0"/>
  <testcase name="testAbaNumberCheck_34892_bad" classname="com.cardatechnologies.utils.validators.abaroutevalidator.Test_AbaRouteValidator_15" time="0"/>
  <testcase name="testAbaNumberCheck_34949_good" classname="com.cardatechnologies.utils.validators.abaroutevalidator.Test_AbaRouteValidator_15" time="0"/>
  <testcase name="testAbaNumberCheck_34894_bad" classname="com.cardatechnologies.utils.validators.abaroutevalidator.Test_AbaRouteValidator_15" time="0"/>
  <testcase name="testAbaNumberCheck_34896_bad" classname="com.cardatechnologies.utils.validators.abaroutevalidator.Test_AbaRouteValidator_15" time="0"/>
  <testcase name="testAbaNumberCheck_33973_good" classname="com.cardatechnologies.utils.validators.abaroutevalidator.Test_AbaRouteValidator_15" time="0"/>
  <testcase name="testAbaNumberCheck_33189_good" classname="com.cardatechnologies.utils.validators.abaroutevalidator.Test_AbaRouteValidator_15" time="0"/>
  <testcase name="testAbaNumberCheck_34898_bad" classname="com.cardatechnologies.utils.validators.abaroutevalidator.Test_AbaRouteValidator_15" time="0"/>
  <testcase name="testAbaNumberCheck_34787_good" classname="com.cardatechnologies.utils.validators.abaroutevalidator.Test_AbaRouteValidator_15" time="0"/>
  <testcase name="testAbaNumberCheck_33847_good" classname="com.cardatechnologies.utils.validators.abaroutevalidator.Test_AbaRouteValidator_15" time="0"/>
  <testcase name="testAbaNumberCheck_32907_good" classname="com.cardatechnologies.utils.validators.abaroutevalidator.Test_AbaRouteValidator_15" time="0"/>
  <testcase name="testAbaNumberCheck_32871_good" classname="com.cardatechnologies.utils.validators.abaroutevalidator.Test_AbaRouteValidator_15" time="0.001"/>
  <testcase name="testAbaNumberCheck_33685_good" classname="com.cardatechnologies.utils.validators.abaroutevalidator.Test_AbaRouteValidator_15" time="0"/>
  <testcase name="testAbaNumberCheck_32745_good" classname="com.cardatechnologies.utils.validators.abaroutevalidator.Test_AbaRouteValidator_15" time="0"/>
  <testcase name="testAbaNumberCheck_34499_good" classname="com.cardatechnologies.utils.validators.abaroutevalidator.Test_AbaRouteValidator_15" time="0"/>
  <testcase name="testAbaNumberCheck_33559_good" classname="com.cardatechnologies.utils.validators.abaroutevalidator.Test_AbaRouteValidator_15" time="0"/>
  <testcase name="testAbaNumberCheck_32619_good" classname="com.cardatechnologies.utils.validators.abaroutevalidator.Test_AbaRouteValidator_15" time="0"/>
  <testcase name="testAbaNumberCheck_32583_good" classname="com.cardatechnologies.utils.validators.abaroutevalidator.Test_AbaRouteValidator_15" time="0"/>
  <testcase name="testAbaNumberCheck_33397_good" classname="com.cardatechnologies.utils.validators.abaroutevalidator.Test_AbaRouteValidator_15" time="0"/>
  <testcase name="testAbaNumberCheck_34995_good" classname="com.cardatechnologies.utils.validators.abaroutevalidator.Test_AbaRouteValidator_15" time="0"/>
  <testcase name="testAbaNumberCheck_34869_good" classname="com.cardatechnologies.utils.validators.abaroutevalidator.Test_AbaRouteValidator_15" time="0"/>
  <testcase name="testAbaNumberCheck_33929_good" classname="com.cardatechnologies.utils.validators.abaroutevalidator.Test_AbaRouteValidator_15" time="0"/>
  <testcase name="testAbaNumberCheck_33893_good" classname="com.cardatechnologies.utils.validators.abaroutevalidator.Test_AbaRouteValidator_15" time="0"/>
  <testcase name="testAbaNumberCheck_32953_good" classname="com.cardatechnologies.utils.validators.abaroutevalidator.Test_AbaRouteValidator_15" time="0"/>
  <testcase name="testAbaNumberCheck_33767_good" classname="com.cardatechnologies.utils.validators.abaroutevalidator.Test_AbaRouteValidator_15" time="0"/>
  <testcase name="testAbaNumberCheck_32827_good" classname="com.cardatechnologies.utils.validators.abaroutevalidator.Test_AbaRouteValidator_15" time="0"/>
  <testcase name="testAbaNumberCheck_32791_good" classname="com.cardatechnologies.utils.validators.abaroutevalidator.Test_AbaRouteValidator_15" time="0"/>
  <testcase name="testAbaNumberCheck_32665_good" classname="com.cardatechnologies.utils.validators.abaroutevalidator.Test_AbaRouteValidator_15" time="0"/>
  <testcase name="testAbaNumberCheck_33479_good" classname="com.cardatechnologies.utils.validators.abaroutevalidator.Test_AbaRouteValidator_15" time="0"/>
  <testcase name="testAbaNumberCheck_32539_good" classname="com.cardatechnologies.utils.validators.abaroutevalidator.Test_AbaRouteValidator_15" time="0"/>
  <testcase name="testAbaNumberCheck_33975_good" classname="com.cardatechnologies.utils.validators.abaroutevalidator.Test_AbaRouteValidator_15" time="0"/>
  <testcase name="testAbaNumberCheck_34789_good" classname="com.cardatechnologies.utils.validators.abaroutevalidator.Test_AbaRouteValidator_15" time="0"/>
  <testcase name="testAbaNumberCheck_33849_good" classname="com.cardatechnologies.utils.validators.abaroutevalidator.Test_AbaRouteValidator_15" time="0"/>
  <testcase name="testAbaNumberCheck_32909_good" classname="com.cardatechnologies.utils.validators.abaroutevalidator.Test_AbaRouteValidator_15" time="0"/>
  <testcase name="testAbaNumberCheck_32873_good" classname="com.cardatechnologies.utils.validators.abaroutevalidator.Test_AbaRouteValidator_15" time="0"/>
  <testcase name="testAbaNumberCheck_33687_good" classname="com.cardatechnologies.utils.validators.abaroutevalidator.Test_AbaRouteValidator_15" time="0"/>
  <testcase name="testAbaNumberCheck_32747_good" classname="com.cardatechnologies.utils.validators.abaroutevalidator.Test_AbaRouteValidator_15" time="0"/>
  <testcase name="testAbaNumberCheck_32585_good" classname="com.cardatechnologies.utils.validators.abaroutevalidator.Test_AbaRouteValidator_15" time="0"/>
  <testcase name="testAbaNumberCheck_33399_good" classname="com.cardatechnologies.utils.validators.abaroutevalidator.Test_AbaRouteValidator_15" time="0"/>
  <testcase name="testAbaNumberCheck_34997_good" classname="com.cardatechnologies.utils.validators.abaroutevalidator.Test_AbaRouteValidator_15" time="0"/>
  <testcase name="testAbaNumberCheck_33895_good" classname="com.cardatechnologies.utils.validators.abaroutevalidator.Test_AbaRouteValidator_15" time="0"/>
  <testcase name="testAbaNumberCheck_32955_good" classname="com.cardatechnologies.utils.validators.abaroutevalidator.Test_AbaRouteValidator_15" time="0"/>
  <testcase name="testAbaNumberCheck_33769_good" classname="com.cardatechnologies.utils.validators.abaroutevalidator.Test_AbaRouteValidator_15" time="0"/>
  <testcase name="testAbaNumberCheck_32829_good" classname="com.cardatechnologies.utils.validators.abaroutevalidator.Test_AbaRouteValidator_15" time="0.001"/>
  <testcase name="testAbaNumberCheck_32793_good" classname="com.cardatechnologies.utils.validators.abaroutevalidator.Test_AbaRouteValidator_15" time="0"/>
  <testcase name="testAbaNumberCheck_32667_good" classname="com.cardatechnologies.utils.validators.abaroutevalidator.Test_AbaRouteValidator_15" time="0"/>
  <testcase name="testAbaNumberCheck_33977_good" classname="com.cardatechnologies.utils.validators.abaroutevalidator.Test_AbaRouteValidator_15" time="0"/>
  <testcase name="testAbaNumberCheck_32875_good" classname="com.cardatechnologies.utils.validators.abaroutevalidator.Test_AbaRouteValidator_15" time="0"/>
  <testcase name="testAbaNumberCheck_33689_good" classname="com.cardatechnologies.utils.validators.abaroutevalidator.Test_AbaRouteValidator_15" time="0"/>
  <testcase name="testAbaNumberCheck_32749_good" classname="com.cardatechnologies.utils.validators.abaroutevalidator.Test_AbaRouteValidator_15" time="0"/>
  <testcase name="testAbaNumberCheck_32587_good" classname="com.cardatechnologies.utils.validators.abaroutevalidator.Test_AbaRouteValidator_15" time="0"/>
  <testcase name="testAbaNumberCheck_34999_good" classname="com.cardatechnologies.utils.validators.abaroutevalidator.Test_AbaRouteValidator_15" time="0"/>
  <testcase name="testAbaNumberCheck_33897_good" classname="com.cardatechnologies.utils.validators.abaroutevalidator.Test_AbaRouteValidator_15" time="0"/>
  <testcase name="testAbaNumberCheck_32957_good" classname="com.cardatechnologies.utils.validators.abaroutevalidator.Test_AbaRouteValidator_15" time="0"/>
  <testcase name="testAbaNumberCheck_32795_good" classname="com.cardatechnologies.utils.validators.abaroutevalidator.Test_AbaRouteValidator_15" time="0"/>
  <testcase name="testAbaNumberCheck_32669_good" classname="com.cardatechnologies.utils.validators.abaroutevalidator.Test_AbaRouteValidator_15" time="0"/>
  <testcase name="testAbaNumberCheck_33979_good" classname="com.cardatechnologies.utils.validators.abaroutevalidator.Test_AbaRouteValidator_15" time="0"/>
  <testcase name="testAbaNumberCheck_32877_good" classname="com.cardatechnologies.utils.validators.abaroutevalidator.Test_AbaRouteValidator_15" time="0"/>
  <testcase name="testAbaNumberCheck_32589_good" classname="com.cardatechnologies.utils.validators.abaroutevalidator.Test_AbaRouteValidator_15" time="0"/>
</testsuite>