<?xml version="1.0" encoding="UTF-8"?>
<testsuite name="com.cardatechnologies.utils.validators.abaroutevalidator.Test_AbaRouteValidator_17a" time="0.085" tests="2415" errors="0" skipped="0" failures="0">
  <properties>
[...]
</properties>
  <testcase name="testAbaNumberCheck_37413_good" classname="com.cardatechnologies.utils.validators.abaroutevalidator.Test_AbaRouteValidator_17a" time="0"/>
  <testcase name="testAbaNumberCheck_37251_good" classname="com.cardatechnologies.utils.validators.abaroutevalidator.Test_AbaRouteValidator_17a" time="0"/>
  <testcase name="testAbaNumberCheck_36311_good" classname="com.cardatechnologies.utils.validators.abaroutevalidator.Test_AbaRouteValidator_17a" time="0"/>
  <testcase name="testAbaNumberCheck_37125_good" classname="com.cardatechnologies.utils.validators.abaroutevalidator.Test_AbaRouteValidator_17a" time="0"/>
  <testcase name="testAbaNumberCheck_36023_good" classname="com.cardatechnologies.utils.validators.abaroutevalidator.Test_AbaRouteValidator_17a" time="0"/>
  <testcase name="testAbaNumberCheck_37333_good" classname="com.cardatechnologies.utils.validators.abaroutevalidator.Test_AbaRouteValidator_17a" time="0"/>
  <testcase name="testAbaNumberCheck_37207_good" classname="com.cardatechnologies.utils.validators.abaroutevalidator.Test_AbaRouteValidator_17a" time="0"/>
  <testcase name="testAbaNumberCheck_37171_good" classname="com.cardatechnologies.utils.validators.abaroutevalidator.Test_AbaRouteValidator_17a" time="0"/>
  <testcase name="testAbaNumberCheck_36231_good" classname="com.cardatechnologies.utils.validators.abaroutevalidator.Test_AbaRouteValidator_17a" time="0"/>
  <testcase name="testAbaNumberCheck_37045_good" classname="com.cardatechnologies.utils.validators.abaroutevalidator.Test_AbaRouteValidator_17a" time="0"/>
  <testcase name="testAbaNumberCheck_36105_good" classname="com.cardatechnologies.utils.validators.abaroutevalidator.Test_AbaRouteValidator_17a" time="0"/>
  <testcase name="testAbaNumberCheck_36601_good" classname="com.cardatechnologies.utils.validators.abaroutevalidator.Test_AbaRouteValidator_17a" time="0"/>
  <testcase name="testAbaNumberCheck_37415_good" classname="com.cardatechnologies.utils.validators.abaroutevalidator.Test_AbaRouteValidator_17a" time="0"/>
  <testcase name="testAbaNumberCheck_37253_good" classname="com.cardatechnologies.utils.validators.abaroutevalidator.Test_AbaRouteValidator_17a" time="0"/>
  <testcase name="testAbaNumberCheck_36313_good" classname="com.cardatechnologies.utils.validators.abaroutevalidator.Test_AbaRouteValidator_17a" time="0"/>
  <testcase name="testAbaNumberCheck_37127_good" classname="com.cardatechnologies.utils.validators.abaroutevalidator.Test_AbaRouteValidator_17a" time="0"/>
  <testcase name="testAbaNumberCheck_37091_good" classname="com.cardatechnologies.utils.validators.abaroutevalidator.Test_AbaRouteValidator_17a" time="0"/>
  <testcase name="testAbaNumberCheck_36151_good" classname="com.cardatechnologies.utils.validators.abaroutevalidator.Test_AbaRouteValidator_17a" time="0"/>
  <testcase name="testAbaNumberCheck_35211_good" classname="com.cardatechnologies.utils.validators.abaroutevalidator.Test_AbaRouteValidator_17a" time="0"/>
  <testcase name="testAbaNumberCheck_36025_good" classname="com.cardatechnologies.utils.validators.abaroutevalidator.Test_AbaRouteValidator_17a" time="0"/>
  <testcase name="testAbaNumberCheck_37461_good" classname="com.cardatechnologies.utils.validators.abaroutevalidator.Test_AbaRouteValidator_17a" time="0"/>
  <testcase name="testAbaNumberCheck_36521_good" classname="com.cardatechnologies.utils.validators.abaroutevalidator.Test_AbaRouteValidator_17a" time="0"/>
  <testcase name="testAbaNumberCheck_37335_good" classname="com.cardatechnologies.utils.validators.abaroutevalidator.Test_AbaRouteValidator_17a" time="0"/>
  <testcase name="testAbaNumberCheck_37209_good" classname="com.cardatechnologies.utils.validators.abaroutevalidator.Test_AbaRouteValidator_17a" time="0"/>
  <testcase name="testAbaNumberCheck_37173_good" classname="com.cardatechnologies.utils.validators.abaroutevalidator.Test_AbaRouteValidator_17a" time="0"/>
  <testcase name="testAbaNumberCheck_36233_good" classname="com.cardatechnologies.utils.validators.abaroutevalidator.Test_AbaRouteValidator_17a" time="0"/>
  <testcase name="testAbaNumberCheck_37047_good" classname="com.cardatechnologies.utils.validators.abaroutevalidator.Test_AbaRouteValidator_17a" time="0"/>
  <testcase name="testAbaNumberCheck_36107_good" classname="com.cardatechnologies.utils.validators.abaroutevalidator.Test_AbaRouteValidator_17a" time="0"/>
  <testcase name="testAbaNumberCheck_36071_good" classname="com.cardatechnologies.utils.validators.abaroutevalidator.Test_AbaRouteValidator_17a" time="0"/>
  <testcase name="testAbaNumberCheck_35131_good" classname="com.cardatechnologies.utils.validators.abaroutevalidator.Test_AbaRouteValidator_17a" time="0"/>
  <testcase name="testAbaNumberCheck_36603_good" classname="com.cardatechnologies.utils.validators.abaroutevalidator.Test_AbaRouteValidator_17a" time="0"/>
  <testcase name="testAbaNumberCheck_37417_good" classname="com.cardatechnologies.utils.validators.abaroutevalidator.Test_AbaRouteValidator_17a" time="0"/>
  <testcase name="testAbaNumberCheck_37381_good" classname="com.cardatechnologies.utils.validators.abaroutevalidator.Test_AbaRouteValidator_17a" time="0"/>
  <testcase name="testAbaNumberCheck_36441_good" classname="com.cardatechnologies.utils.validators.abaroutevalidator.Test_AbaRouteValidator_17a" time="0"/>
  <testcase name="testAbaNumberCheck_35501_good" classname="com.cardatechnologies.utils.validators.abaroutevalidator.Test_AbaRouteValidator_17a" time="0"/>
  <testcase name="testAbaNumberCheck_37255_good" classname="com.cardatechnologies.utils.validators.abaroutevalidator.Test_AbaRouteValidator_17a" time="0"/>
  <testcase name="testAbaNumberCheck_36315_good" classname="com.cardatechnologies.utils.validators.abaroutevalidator.Test_AbaRouteValidator_17a" time="0"/>
  <testcase name="testAbaNumberCheck_37129_good" classname="com.cardatechnologies.utils.validators.abaroutevalidator.Test_AbaRouteValidator_17a" time="0"/>
  <testcase name="testAbaNumberCheck_37093_good" classname="com.cardatechnologies.utils.validators.abaroutevalidator.Test_AbaRouteValidator_17a" time="0"/>
  <testcase name="testAbaNumberCheck_36153_good" classname="com.cardatechnologies.utils.validators.abaroutevalidator.Test_AbaRouteValidator_17a" time="0"/>
  <testcase name="testAbaNumberCheck_35213_good" classname="com.cardatechnologies.utils.validators.abaroutevalidator.Test_AbaRouteValidator_17a" time="0"/>
  <testcase name="testAbaNumberCheck_36811_good" classname="com.cardatechnologies.utils.validators.abaroutevalidator.Test_AbaRouteValidator_17a" time="0"/>
  <testcase name="testAbaNumberCheck_36027_good" classname="com.cardatechnologies.utils.validators.abaroutevalidator.Test_AbaRouteValidator_17a" time="0"/>
  <testcase name="testAbaNumberCheck_37463_good" classname="com.cardatechnologies.utils.validators.abaroutevalidator.Test_AbaRouteValidator_17a" time="0"/>
  <testcase name="testAbaNumberCheck_36523_good" classname="com.cardatechnologies.utils.validators.abaroutevalidator.Test_AbaRouteValidator_17a" time="0"/>
  <testcase name="testAbaNumberCheck_37337_good" classname="com.cardatechnologies.utils.validators.abaroutevalidator.Test_AbaRouteValidator_17a" time="0"/>
  <testcase name="testAbaNumberCheck_36361_good" classname="com.cardatechnologies.utils.validators.abaroutevalidator.Test_AbaRouteValidator_17a" time="0"/>
  <testcase name="testAbaNumberCheck_35421_good" classname="com.cardatechnologies.utils.validators.abaroutevalidator.Test_AbaRouteValidator_17a" time="0"/>
  <testcase name="testAbaNumberCheck_37175_good" classname="com.cardatechnologies.utils.validators.abaroutevalidator.Test_AbaRouteValidator_17a" time="0"/>
  <testcase name="testAbaNumberCheck_36235_good" classname="com.cardatechnologies.utils.validators.abaroutevalidator.Test_AbaRouteValidator_17a" time="0"/>
  <testcase name="testAbaNumberCheck_37049_good" classname="com.cardatechnologies.utils.validators.abaroutevalidator.Test_AbaRouteValidator_17a" time="0"/>
  <testcase name="testAbaNumberCheck_36109_good" classname="com.cardatechnologies.utils.validators.abaroutevalidator.Test_AbaRouteValidator_17a" time="0"/>
  <testcase name="testAbaNumberCheck_36073_good" classname="com.cardatechnologies.utils.validators.abaroutevalidator.Test_AbaRouteValidator_17a" time="0"/>
  <testcase name="testAbaNumberCheck_35133_good" classname="com.cardatechnologies.utils.validators.abaroutevalidator.Test_AbaRouteValidator_17a" time="0"/>
  <testcase name="testAbaNumberCheck_36731_good" classname="com.cardatechnologies.utils.validators.abaroutevalidator.Test_AbaRouteValidator_17a" time="0"/>
  <testcase name="testAbaNumberCheck_36605_good" classname="com.cardatechnologies.utils.validators.abaroutevalidator.Test_AbaRouteValidator_17a" time="0"/>
  <testcase name="testAbaNumberCheck_37419_good" classname="com.cardatechnologies.utils.validators.abaroutevalidator.Test_AbaRouteValidator_17a" time="0"/>
  <testcase name="testAbaNumberCheck_37383_good" classname="com.cardatechnologies.utils.validators.abaroutevalidator.Test_AbaRouteValidator_17a" time="0"/>
  <testcase name="testAbaNumberCheck_36443_good" classname="com.cardatechnologies.utils.validators.abaroutevalidator.Test_AbaRouteValidator_17a" time="0"/>
  <testcase name="testAbaNumberCheck_35503_good" classname="com.cardatechnologies.utils.validators.abaroutevalidator.Test_AbaRouteValidator_17a" time="0"/>
  <testcase name="testAbaNumberCheck_37257_good" classname="com.cardatechnologies.utils.validators.abaroutevalidator.Test_AbaRouteValidator_17a" time="0"/>
  <testcase name="testAbaNumberCheck_36317_good" classname="com.cardatechnologies.utils.validators.abaroutevalidator.Test_AbaRouteValidator_17a" time="0"/>
  <testcase name="testAbaNumberCheck_36281_good" classname="com.cardatechnologies.utils.validators.abaroutevalidator.Test_AbaRouteValidator_17a" time="0"/>
  <testcase name="testAbaNumberCheck_35341_good" classname="com.cardatechnologies.utils.validators.abaroutevalidator.Test_AbaRouteValidator_17a" time="0"/>
  <testcase name="testAbaNumberCheck_37095_good" classname="com.cardatechnologies.utils.validators.abaroutevalidator.Test_AbaRouteValidator_17a" time="0"/>
  <testcase name="testAbaNumberCheck_36155_good" classname="com.cardatechnologies.utils.validators.abaroutevalidator.Test_AbaRouteValidator_17a" time="0"/>
  <testcase name="testAbaNumberCheck_35215_good" classname="com.cardatechnologies.utils.validators.abaroutevalidator.Test_AbaRouteValidator_17a" time="0"/>
  <testcase name="testAbaNumberCheck_36813_good" classname="com.cardatechnologies.utils.validators.abaroutevalidator.Test_AbaRouteValidator_17a" time="0"/>
  <testcase name="testAbaNumberCheck_36029_good" classname="com.cardatechnologies.utils.validators.abaroutevalidator.Test_AbaRouteValidator_17a" time="0"/>
  <testcase name="testAbaNumberCheck_36651_good" classname="com.cardatechnologies.utils.validators.abaroutevalidator.Test_AbaRouteValidator_17a" time="0"/>
  <testcase name="testAbaNumberCheck_35711_good" classname="com.cardatechnologies.utils.validators.abaroutevalidator.Test_AbaRouteValidator_17a" time="0"/>
  <testcase name="testAbaNumberCheck_37465_good" classname="com.cardatechnologies.utils.validators.abaroutevalidator.Test_AbaRouteValidator_17a" time="0"/>
  <testcase name="testAbaNumberCheck_36525_good" classname="com.cardatechnologies.utils.validators.abaroutevalidator.Test_AbaRouteValidator_17a" time="0"/>
  <testcase name="testAbaNumberCheck_37339_good" classname="com.cardatechnologies.utils.validators.abaroutevalidator.Test_AbaRouteValidator_17a" time="0"/>
  <testcase name="testAbaNumberCheck_36363_good" classname="com.cardatechnologies.utils.validators.abaroutevalidator.Test_AbaRouteValidator_17a" time="0"/>
  <testcase name="testAbaNumberCheck_35423_good" classname="com.cardatechnologies.utils.validators.abaroutevalidator.Test_AbaRouteValidator_17a" time="0"/>
  <testcase name="testAbaNumberCheck_37177_good" classname="com.cardatechnologies.utils.validators.abaroutevalidator.Test_AbaRouteValidator_17a" time="0"/>
  <testcase name="testAbaNumberCheck_36000_bad" classname="com.cardatechnologies.utils.validators.abaroutevalidator.Test_AbaRouteValidator_17a" time="0"/>
  <testcase name="testAbaNumberCheck_36237_good" classname="com.cardatechnologies.utils.validators.abaroutevalidator.Test_AbaRouteValidator_17a" time="0"/>
  <testcase name="testAbaNumberCheck_36002_bad" classname="com.cardatechnologies.utils.validators.abaroutevalidator.Test_AbaRouteValidator_17a" time="0"/>
  <testcase name="testAbaNumberCheck_35261_good" classname="com.cardatechnologies.utils.validators.abaroutevalidator.Test_AbaRouteValidator_17a" time="0"/>
  <testcase name="testAbaNumberCheck_36004_bad" classname="com.cardatechnologies.utils.validators.abaroutevalidator.Test_AbaRouteValidator_17a" time="0"/>
  <testcase name="testAbaNumberCheck_36006_bad" classname="com.cardatechnologies.utils.validators.abaroutevalidator.Test_AbaRouteValidator_17a" time="0"/>
  <testcase name="testAbaNumberCheck_36075_good" classname="com.cardatechnologies.utils.validators.abaroutevalidator.Test_AbaRouteValidator_17a" time="0"/>
  <testcase name="testAbaNumberCheck_36008_bad" classname="com.cardatechnologies.utils.validators.abaroutevalidator.Test_AbaRouteValidator_17a" time="0"/>
  <testcase name="testAbaNumberCheck_35135_good" classname="com.cardatechnologies.utils.validators.abaroutevalidator.Test_AbaRouteValidator_17a" time="0"/>
  <testcase name="testAbaNumberCheck_36733_good" classname="com.cardatechnologies.utils.validators.abaroutevalidator.Test_AbaRouteValidator_17a" time="0"/>
  <testcase name="testAbaNumberCheck_36607_good" classname="com.cardatechnologies.utils.validators.abaroutevalidator.Test_AbaRouteValidator_17a" time="0"/>
  <testcase name="testAbaNumberCheck_36571_good" classname="com.cardatechnologies.utils.validators.abaroutevalidator.Test_AbaRouteValidator_17a" time="0"/>
  <testcase name="testAbaNumberCheck_35631_good" classname="com.cardatechnologies.utils.validators.abaroutevalidator.Test_AbaRouteValidator_17a" time="0"/>
  <testcase name="testAbaNumberCheck_37385_good" classname="com.cardatechnologies.utils.validators.abaroutevalidator.Test_AbaRouteValidator_17a" time="0"/>
  <testcase name="testAbaNumberCheck_36445_good" classname="com.cardatechnologies.utils.validators.abaroutevalidator.Test_AbaRouteValidator_17a" time="0"/>
  <testcase name="testAbaNumberCheck_35505_good" classname="com.cardatechnologies.utils.validators.abaroutevalidator.Test_AbaRouteValidator_17a" time="0"/>
  <testcase name="testAbaNumberCheck_37259_good" classname="com.cardatechnologies.utils.validators.abaroutevalidator.Test_AbaRouteValidator_17a" time="0"/>
  <testcase name="testAbaNumberCheck_36319_good" classname="com.cardatechnologies.utils.validators.abaroutevalidator.Test_AbaRouteValidator_17a" time="0"/>
  <testcase name="testAbaNumberCheck_36283_good" classname="com.cardatechnologies.utils.validators.abaroutevalidator.Test_AbaRouteValidator_17a" time="0"/>
  <testcase name="testAbaNumberCheck_35343_good" classname="com.cardatechnologies.utils.validators.abaroutevalidator.Test_AbaRouteValidator_17a" time="0"/>
  <testcase name="testAbaNumberCheck_36010_bad" classname="com.cardatechnologies.utils.validators.abaroutevalidator.Test_AbaRouteValidator_17a" time="0"/>
  <testcase name="testAbaNumberCheck_36012_bad" classname="com.cardatechnologies.utils.validators.abaroutevalidator.Test_AbaRouteValidator_17a" time="0"/>
  <testcase name="testAbaNumberCheck_36941_good" classname="com.cardatechnologies.utils.validators.abaroutevalidator.Test_AbaRouteValidator_17a" time="0"/>
  <testcase name="testAbaNumberCheck_37097_good" classname="com.cardatechnologies.utils.validators.abaroutevalidator.Test_AbaRouteValidator_17a" time="0"/>
  <testcase name="testAbaNumberCheck_35200_bad" classname="com.cardatechnologies.utils.validators.abaroutevalidator.Test_AbaRouteValidator_17a" time="0"/>
  <testcase name="testAbaNumberCheck_36157_good" classname="com.cardatechnologies.utils.validators.abaroutevalidator.Test_AbaRouteValidator_17a" time="0"/>
  <testcase name="testAbaNumberCheck_36014_bad" classname="com.cardatechnologies.utils.validators.abaroutevalidator.Test_AbaRouteValidator_17a" time="0"/>
  <testcase name="testAbaNumberCheck_35217_good" classname="com.cardatechnologies.utils.validators.abaroutevalidator.Test_AbaRouteValidator_17a" time="0"/>
  <testcase name="testAbaNumberCheck_35202_bad" classname="com.cardatechnologies.utils.validators.abaroutevalidator.Test_AbaRouteValidator_17a" time="0"/>
  <testcase name="testAbaNumberCheck_36016_bad" classname="com.cardatechnologies.utils.validators.abaroutevalidator.Test_AbaRouteValidator_17a" time="0"/>
  <testcase name="testAbaNumberCheck_36815_good" classname="com.cardatechnologies.utils.validators.abaroutevalidator.Test_AbaRouteValidator_17a" time="0"/>
  <testcase name="testAbaNumberCheck_35181_good" classname="com.cardatechnologies.utils.validators.abaroutevalidator.Test_AbaRouteValidator_17a" time="0"/>
  <testcase name="testAbaNumberCheck_35204_bad" classname="com.cardatechnologies.utils.validators.abaroutevalidator.Test_AbaRouteValidator_17a" time="0"/>
  <testcase name="testAbaNumberCheck_36018_bad" classname="com.cardatechnologies.utils.validators.abaroutevalidator.Test_AbaRouteValidator_17a" time="0"/>
  <testcase name="testAbaNumberCheck_35206_bad" classname="com.cardatechnologies.utils.validators.abaroutevalidator.Test_AbaRouteValidator_17a" time="0"/>
  <testcase name="testAbaNumberCheck_35208_bad" classname="com.cardatechnologies.utils.validators.abaroutevalidator.Test_AbaRouteValidator_17a" time="0"/>
  <testcase name="testAbaNumberCheck_36653_good" classname="com.cardatechnologies.utils.validators.abaroutevalidator.Test_AbaRouteValidator_17a" time="0"/>
  <testcase name="testAbaNumberCheck_35713_good" classname="com.cardatechnologies.utils.validators.abaroutevalidator.Test_AbaRouteValidator_17a" time="0"/>
  <testcase name="testAbaNumberCheck_37467_good" classname="com.cardatechnologies.utils.validators.abaroutevalidator.Test_AbaRouteValidator_17a" time="0"/>
  <testcase name="testAbaNumberCheck_36527_good" classname="com.cardatechnologies.utils.validators.abaroutevalidator.Test_AbaRouteValidator_17a" time="0"/>
  <testcase name="testAbaNumberCheck_36491_good" classname="com.cardatechnologies.utils.validators.abaroutevalidator.Test_AbaRouteValidator_17a" time="0"/>
  <testcase name="testAbaNumberCheck_35551_good" classname="com.cardatechnologies.utils.validators.abaroutevalidator.Test_AbaRouteValidator_17a" time="0"/>
  <testcase name="testAbaNumberCheck_36365_good" classname="com.cardatechnologies.utils.validators.abaroutevalidator.Test_AbaRouteValidator_17a" time="0"/>
  <testcase name="testAbaNumberCheck_35425_good" classname="com.cardatechnologies.utils.validators.abaroutevalidator.Test_AbaRouteValidator_17a" time="0"/>
  <testcase name="testAbaNumberCheck_37179_good" classname="com.cardatechnologies.utils.validators.abaroutevalidator.Test_AbaRouteValidator_17a" time="0"/>
  <testcase name="testAbaNumberCheck_36020_bad" classname="com.cardatechnologies.utils.validators.abaroutevalidator.Test_AbaRouteValidator_17a" time="0"/>
  <testcase name="testAbaNumberCheck_36239_good" classname="com.cardatechnologies.utils.validators.abaroutevalidator.Test_AbaRouteValidator_17a" time="0"/>
  <testcase name="testAbaNumberCheck_36022_bad" classname="com.cardatechnologies.utils.validators.abaroutevalidator.Test_AbaRouteValidator_17a" time="0"/>
  <testcase name="testAbaNumberCheck_35263_good" classname="com.cardatechnologies.utils.validators.abaroutevalidator.Test_AbaRouteValidator_17a" time="0"/>
  <testcase name="testAbaNumberCheck_35210_bad" classname="com.cardatechnologies.utils.validators.abaroutevalidator.Test_AbaRouteValidator_17a" time="0"/>
  <testcase name="testAbaNumberCheck_36024_bad" classname="com.cardatechnologies.utils.validators.abaroutevalidator.Test_AbaRouteValidator_17a" time="0"/>
  <testcase name="testAbaNumberCheck_35212_bad" classname="com.cardatechnologies.utils.validators.abaroutevalidator.Test_AbaRouteValidator_17a" time="0"/>
  <testcase name="testAbaNumberCheck_36861_good" classname="com.cardatechnologies.utils.validators.abaroutevalidator.Test_AbaRouteValidator_17a" time="0"/>
  <testcase name="testAbaNumberCheck_36026_bad" classname="com.cardatechnologies.utils.validators.abaroutevalidator.Test_AbaRouteValidator_17a" time="0"/>
  <testcase name="testAbaNumberCheck_35921_good" classname="com.cardatechnologies.utils.validators.abaroutevalidator.Test_AbaRouteValidator_17a" time="0"/>
  <testcase name="testAbaNumberCheck_36077_good" classname="com.cardatechnologies.utils.validators.abaroutevalidator.Test_AbaRouteValidator_17a" time="0"/>
  <testcase name="testAbaNumberCheck_35214_bad" classname="com.cardatechnologies.utils.validators.abaroutevalidator.Test_AbaRouteValidator_17a" time="0"/>
  <testcase name="testAbaNumberCheck_36028_bad" classname="com.cardatechnologies.utils.validators.abaroutevalidator.Test_AbaRouteValidator_17a" time="0"/>
  <testcase name="testAbaNumberCheck_35137_good" classname="com.cardatechnologies.utils.validators.abaroutevalidator.Test_AbaRouteValidator_17a" time="0"/>
  <testcase name="testAbaNumberCheck_35216_bad" classname="com.cardatechnologies.utils.validators.abaroutevalidator.Test_AbaRouteValidator_17a" time="0"/>
  <testcase name="testAbaNumberCheck_36735_good" classname="com.cardatechnologies.utils.validators.abaroutevalidator.Test_AbaRouteValidator_17a" time="0"/>
  <testcase name="testAbaNumberCheck_35218_bad" classname="com.cardatechnologies.utils.validators.abaroutevalidator.Test_AbaRouteValidator_17a" time="0"/>
  <testcase name="testAbaNumberCheck_36609_good" classname="com.cardatechnologies.utils.validators.abaroutevalidator.Test_AbaRouteValidator_17a" time="0"/>
  <testcase name="testAbaNumberCheck_36573_good" classname="com.cardatechnologies.utils.validators.abaroutevalidator.Test_AbaRouteValidator_17a" time="0"/>
  <testcase name="testAbaNumberCheck_35633_good" classname="com.cardatechnologies.utils.validators.abaroutevalidator.Test_AbaRouteValidator_17a" time="0"/>
  <testcase name="testAbaNumberCheck_37387_good" classname="com.cardatechnologies.utils.validators.abaroutevalidator.Test_AbaRouteValidator_17a" time="0"/>
  <testcase name="testAbaNumberCheck_36447_good" classname="com.cardatechnologies.utils.validators.abaroutevalidator.Test_AbaRouteValidator_17a" time="0"/>
  <testcase name="testAbaNumberCheck_35507_good" classname="com.cardatechnologies.utils.validators.abaroutevalidator.Test_AbaRouteValidator_17a" time="0"/>
  <testcase name="testAbaNumberCheck_35471_good" classname="com.cardatechnologies.utils.validators.abaroutevalidator.Test_AbaRouteValidator_17a" time="0"/>
  <testcase name="testAbaNumberCheck_36285_good" classname="com.cardatechnologies.utils.validators.abaroutevalidator.Test_AbaRouteValidator_17a" time="0"/>
  <testcase name="testAbaNumberCheck_35345_good" classname="com.cardatechnologies.utils.validators.abaroutevalidator.Test_AbaRouteValidator_17a" time="0"/>
  <testcase name="testAbaNumberCheck_36030_bad" classname="com.cardatechnologies.utils.validators.abaroutevalidator.Test_AbaRouteValidator_17a" time="0"/>
  <testcase name="testAbaNumberCheck_36032_bad" classname="com.cardatechnologies.utils.validators.abaroutevalidator.Test_AbaRouteValidator_17a" time="0"/>
  <testcase name="testAbaNumberCheck_36943_good" classname="com.cardatechnologies.utils.validators.abaroutevalidator.Test_AbaRouteValidator_17a" time="0"/>
  <testcase name="testAbaNumberCheck_37099_good" classname="com.cardatechnologies.utils.validators.abaroutevalidator.Test_AbaRouteValidator_17a" time="0"/>
  <testcase name="testAbaNumberCheck_35220_bad" classname="com.cardatechnologies.utils.validators.abaroutevalidator.Test_AbaRouteValidator_17a" time="0"/>
  <testcase name="testAbaNumberCheck_36159_good" classname="com.cardatechnologies.utils.validators.abaroutevalidator.Test_AbaRouteValidator_17a" time="0"/>
  <testcase name="testAbaNumberCheck_36034_bad" classname="com.cardatechnologies.utils.validators.abaroutevalidator.Test_AbaRouteValidator_17a" time="0"/>
  <testcase name="testAbaNumberCheck_35219_good" classname="com.cardatechnologies.utils.validators.abaroutevalidator.Test_AbaRouteValidator_17a" time="0"/>
  <testcase name="testAbaNumberCheck_35222_bad" classname="com.cardatechnologies.utils.validators.abaroutevalidator.Test_AbaRouteValidator_17a" time="0"/>
  <testcase name="testAbaNumberCheck_36036_bad" classname="com.cardatechnologies.utils.validators.abaroutevalidator.Test_AbaRouteValidator_17a" time="0"/>
  <testcase name="testAbaNumberCheck_36817_good" classname="com.cardatechnologies.utils.validators.abaroutevalidator.Test_AbaRouteValidator_17a" time="0"/>
  <testcase name="testAbaNumberCheck_35183_good" classname="com.cardatechnologies.utils.validators.abaroutevalidator.Test_AbaRouteValidator_17a" time="0"/>
  <testcase name="testAbaNumberCheck_35224_bad" classname="com.cardatechnologies.utils.validators.abaroutevalidator.Test_AbaRouteValidator_17a" time="0"/>
  <testcase name="testAbaNumberCheck_36038_bad" classname="com.cardatechnologies.utils.validators.abaroutevalidator.Test_AbaRouteValidator_17a" time="0"/>
  <testcase name="testAbaNumberCheck_36781_good" classname="com.cardatechnologies.utils.validators.abaroutevalidator.Test_AbaRouteValidator_17a" time="0"/>
  <testcase name="testAbaNumberCheck_35226_bad" classname="com.cardatechnologies.utils.validators.abaroutevalidator.Test_AbaRouteValidator_17a" time="0"/>
  <testcase name="testAbaNumberCheck_35841_good" classname="com.cardatechnologies.utils.validators.abaroutevalidator.Test_AbaRouteValidator_17a" time="0"/>
  <testcase name="testAbaNumberCheck_35228_bad" classname="com.cardatechnologies.utils.validators.abaroutevalidator.Test_AbaRouteValidator_17a" time="0"/>
  <testcase name="testAbaNumberCheck_36655_good" classname="com.cardatechnologies.utils.validators.abaroutevalidator.Test_AbaRouteValidator_17a" time="0"/>
  <testcase name="testAbaNumberCheck_35715_good" classname="com.cardatechnologies.utils.validators.abaroutevalidator.Test_AbaRouteValidator_17a" time="0"/>
  <testcase name="testAbaNumberCheck_37469_good" classname="com.cardatechnologies.utils.validators.abaroutevalidator.Test_AbaRouteValidator_17a" time="0"/>
  <testcase name="testAbaNumberCheck_36529_good" classname="com.cardatechnologies.utils.validators.abaroutevalidator.Test_AbaRouteValidator_17a" time="0"/>
  <testcase name="testAbaNumberCheck_36493_good" classname="com.cardatechnologies.utils.validators.abaroutevalidator.Test_AbaRouteValidator_17a" time="0"/>
  <testcase name="testAbaNumberCheck_35553_good" classname="com.cardatechnologies.utils.validators.abaroutevalidator.Test_AbaRouteValidator_17a" time="0"/>
  <testcase name="testAbaNumberCheck_37300_bad" classname="com.cardatechnologies.utils.validators.abaroutevalidator.Test_AbaRouteValidator_17a" time="0"/>
  <testcase name="testAbaNumberCheck_36367_good" classname="com.cardatechnologies.utils.validators.abaroutevalidator.Test_AbaRouteValidator_17a" time="0"/>
  <testcase name="testAbaNumberCheck_35427_good" classname="com.cardatechnologies.utils.validators.abaroutevalidator.Test_AbaRouteValidator_17a" time="0"/>
  <testcase name="testAbaNumberCheck_37302_bad" classname="com.cardatechnologies.utils.validators.abaroutevalidator.Test_AbaRouteValidator_17a" time="0"/>
  <testcase name="testAbaNumberCheck_35391_good" classname="com.cardatechnologies.utils.validators.abaroutevalidator.Test_AbaRouteValidator_17a" time="0"/>
  <testcase name="testAbaNumberCheck_37304_bad" classname="com.cardatechnologies.utils.validators.abaroutevalidator.Test_AbaRouteValidator_17a" time="0"/>
  <testcase name="testAbaNumberCheck_36040_bad" classname="com.cardatechnologies.utils.validators.abaroutevalidator.Test_AbaRouteValidator_17a" time="0"/>
  <testcase name="testAbaNumberCheck_37306_bad" classname="com.cardatechnologies.utils.validators.abaroutevalidator.Test_AbaRouteValidator_17a" time="0"/>
  <testcase name="testAbaNumberCheck_36042_bad" classname="com.cardatechnologies.utils.validators.abaroutevalidator.Test_AbaRouteValidator_17a" time="0"/>
  <testcase name="testAbaNumberCheck_37308_bad" classname="com.cardatechnologies.utils.validators.abaroutevalidator.Test_AbaRouteValidator_17a" time="0"/>
  <testcase name="testAbaNumberCheck_35265_good" classname="com.cardatechnologies.utils.validators.abaroutevalidator.Test_AbaRouteValidator_17a" time="0"/>
  <testcase name="testAbaNumberCheck_35230_bad" classname="com.cardatechnologies.utils.validators.abaroutevalidator.Test_AbaRouteValidator_17a" time="0"/>
  <testcase name="testAbaNumberCheck_36044_bad" classname="com.cardatechnologies.utils.validators.abaroutevalidator.Test_AbaRouteValidator_17a" time="0"/>
  <testcase name="testAbaNumberCheck_35232_bad" classname="com.cardatechnologies.utils.validators.abaroutevalidator.Test_AbaRouteValidator_17a" time="0"/>
  <testcase name="testAbaNumberCheck_36863_good" classname="com.cardatechnologies.utils.validators.abaroutevalidator.Test_AbaRouteValidator_17a" time="0"/>
  <testcase name="testAbaNumberCheck_36046_bad" classname="com.cardatechnologies.utils.validators.abaroutevalidator.Test_AbaRouteValidator_17a" time="0"/>
  <testcase name="testAbaNumberCheck_35923_good" classname="com.cardatechnologies.utils.validators.abaroutevalidator.Test_AbaRouteValidator_17a" time="0"/>
  <testcase name="testAbaNumberCheck_36079_good" classname="com.cardatechnologies.utils.validators.abaroutevalidator.Test_AbaRouteValidator_17a" time="0"/>
  <testcase name="testAbaNumberCheck_35234_bad" classname="com.cardatechnologies.utils.validators.abaroutevalidator.Test_AbaRouteValidator_17a" time="0"/>
  <testcase name="testAbaNumberCheck_36048_bad" classname="com.cardatechnologies.utils.validators.abaroutevalidator.Test_AbaRouteValidator_17a" time="0"/>
  <testcase name="testAbaNumberCheck_35139_good" classname="com.cardatechnologies.utils.validators.abaroutevalidator.Test_AbaRouteValidator_17a" time="0"/>
  <testcase name="testAbaNumberCheck_35236_bad" classname="com.cardatechnologies.utils.validators.abaroutevalidator.Test_AbaRouteValidator_17a" time="0"/>
  <testcase name="testAbaNumberCheck_36737_good" classname="com.cardatechnologies.utils.validators.abaroutevalidator.Test_AbaRouteValidator_17a" time="0"/>
  <testcase name="testAbaNumberCheck_35238_bad" classname="com.cardatechnologies.utils.validators.abaroutevalidator.Test_AbaRouteValidator_17a" time="0"/>
  <testcase name="testAbaNumberCheck_35761_good" classname="com.cardatechnologies.utils.validators.abaroutevalidator.Test_AbaRouteValidator_17a" time="0"/>
  <testcase name="testAbaNumberCheck_36575_good" classname="com.cardatechnologies.utils.validators.abaroutevalidator.Test_AbaRouteValidator_17a" time="0"/>
  <testcase name="testAbaNumberCheck_35635_good" classname="com.cardatechnologies.utils.validators.abaroutevalidator.Test_AbaRouteValidator_17a" time="0"/>
  <testcase name="testAbaNumberCheck_37389_good" classname="com.cardatechnologies.utils.validators.abaroutevalidator.Test_AbaRouteValidator_17a" time="0"/>
  <testcase name="testAbaNumberCheck_36449_good" classname="com.cardatechnologies.utils.validators.abaroutevalidator.Test_AbaRouteValidator_17a" time="0"/>
  <testcase name="testAbaNumberCheck_35509_good" classname="com.cardatechnologies.utils.validators.abaroutevalidator.Test_AbaRouteValidator_17a" time="0"/>
  <testcase name="testAbaNumberCheck_35473_good" classname="com.cardatechnologies.utils.validators.abaroutevalidator.Test_AbaRouteValidator_17a" time="0"/>
  <testcase name="testAbaNumberCheck_37310_bad" classname="com.cardatechnologies.utils.validators.abaroutevalidator.Test_AbaRouteValidator_17a" time="0"/>
  <testcase name="testAbaNumberCheck_37312_bad" classname="com.cardatechnologies.utils.validators.abaroutevalidator.Test_AbaRouteValidator_17a" time="0"/>
  <testcase name="testAbaNumberCheck_36500_bad" classname="com.cardatechnologies.utils.validators.abaroutevalidator.Test_AbaRouteValidator_17a" time="0"/>
  <testcase name="testAbaNumberCheck_36287_good" classname="com.cardatechnologies.utils.validators.abaroutevalidator.Test_AbaRouteValidator_17a" time="0"/>
  <testcase name="testAbaNumberCheck_37314_bad" classname="com.cardatechnologies.utils.validators.abaroutevalidator.Test_AbaRouteValidator_17a" time="0"/>
  <testcase name="testAbaNumberCheck_35347_good" classname="com.cardatechnologies.utils.validators.abaroutevalidator.Test_AbaRouteValidator_17a" time="0"/>
  <testcase name="testAbaNumberCheck_36050_bad" classname="com.cardatechnologies.utils.validators.abaroutevalidator.Test_AbaRouteValidator_17a" time="0"/>
  <testcase name="testAbaNumberCheck_36502_bad" classname="com.cardatechnologies.utils.validators.abaroutevalidator.Test_AbaRouteValidator_17a" time="0"/>
  <testcase name="testAbaNumberCheck_37316_bad" classname="com.cardatechnologies.utils.validators.abaroutevalidator.Test_AbaRouteValidator_17a" time="0"/>
  <testcase name="testAbaNumberCheck_36052_bad" classname="com.cardatechnologies.utils.validators.abaroutevalidator.Test_AbaRouteValidator_17a" time="0"/>
  <testcase name="testAbaNumberCheck_36945_good" classname="com.cardatechnologies.utils.validators.abaroutevalidator.Test_AbaRouteValidator_17a" time="0"/>
  <testcase name="testAbaNumberCheck_36504_bad" classname="com.cardatechnologies.utils.validators.abaroutevalidator.Test_AbaRouteValidator_17a" time="0"/>
  <testcase name="testAbaNumberCheck_37318_bad" classname="com.cardatechnologies.utils.validators.abaroutevalidator.Test_AbaRouteValidator_17a" time="0"/>
  <testcase name="testAbaNumberCheck_35240_bad" classname="com.cardatechnologies.utils.validators.abaroutevalidator.Test_AbaRouteValidator_17a" time="0"/>
  <testcase name="testAbaNumberCheck_36054_bad" classname="com.cardatechnologies.utils.validators.abaroutevalidator.Test_AbaRouteValidator_17a" time="0"/>
  <testcase name="testAbaNumberCheck_36506_bad" classname="com.cardatechnologies.utils.validators.abaroutevalidator.Test_AbaRouteValidator_17a" time="0"/>
  <testcase name="testAbaNumberCheck_35242_bad" classname="com.cardatechnologies.utils.validators.abaroutevalidator.Test_AbaRouteValidator_17a" time="0"/>
  <testcase name="testAbaNumberCheck_36056_bad" classname="com.cardatechnologies.utils.validators.abaroutevalidator.Test_AbaRouteValidator_17a" time="0"/>
  <testcase name="testAbaNumberCheck_36819_good" classname="com.cardatechnologies.utils.validators.abaroutevalidator.Test_AbaRouteValidator_17a" time="0"/>
  <testcase name="testAbaNumberCheck_36508_bad" classname="com.cardatechnologies.utils.validators.abaroutevalidator.Test_AbaRouteValidator_17a" time="0"/>
  <testcase name="testAbaNumberCheck_35185_good" classname="com.cardatechnologies.utils.validators.abaroutevalidator.Test_AbaRouteValidator_17a" time="0"/>
  <testcase name="testAbaNumberCheck_35244_bad" classname="com.cardatechnologies.utils.validators.abaroutevalidator.Test_AbaRouteValidator_17a" time="0"/>
  <testcase name="testAbaNumberCheck_36058_bad" classname="com.cardatechnologies.utils.validators.abaroutevalidator.Test_AbaRouteValidator_17a" time="0"/>
  <testcase name="testAbaNumberCheck_36783_good" classname="com.cardatechnologies.utils.validators.abaroutevalidator.Test_AbaRouteValidator_17a" time="0"/>
  <testcase name="testAbaNumberCheck_35246_bad" classname="com.cardatechnologies.utils.validators.abaroutevalidator.Test_AbaRouteValidator_17a" time="0"/>
  <testcase name="testAbaNumberCheck_35843_good" classname="com.cardatechnologies.utils.validators.abaroutevalidator.Test_AbaRouteValidator_17a" time="0"/>
  <testcase name="testAbaNumberCheck_35248_bad" classname="com.cardatechnologies.utils.validators.abaroutevalidator.Test_AbaRouteValidator_17a" time="0"/>
  <testcase name="testAbaNumberCheck_36657_good" classname="com.cardatechnologies.utils.validators.abaroutevalidator.Test_AbaRouteValidator_17a" time="0"/>
  <testcase name="testAbaNumberCheck_35717_good" classname="com.cardatechnologies.utils.validators.abaroutevalidator.Test_AbaRouteValidator_17a" time="0"/>
  <testcase name="testAbaNumberCheck_35681_good" classname="com.cardatechnologies.utils.validators.abaroutevalidator.Test_AbaRouteValidator_17a" time="0"/>
  <testcase name="testAbaNumberCheck_36495_good" classname="com.cardatechnologies.utils.validators.abaroutevalidator.Test_AbaRouteValidator_17a" time="0"/>
  <testcase name="testAbaNumberCheck_35555_good" classname="com.cardatechnologies.utils.validators.abaroutevalidator.Test_AbaRouteValidator_17a" time="0"/>
  <testcase name="testAbaNumberCheck_37320_bad" classname="com.cardatechnologies.utils.validators.abaroutevalidator.Test_AbaRouteValidator_17a" time="0"/>
  <testcase name="testAbaNumberCheck_36369_good" classname="com.cardatechnologies.utils.validators.abaroutevalidator.Test_AbaRouteValidator_17a" time="0"/>
  <testcase name="testAbaNumberCheck_35429_good" classname="com.cardatechnologies.utils.validators.abaroutevalidator.Test_AbaRouteValidator_17a" time="0"/>
  <testcase name="testAbaNumberCheck_37322_bad" classname="com.cardatechnologies.utils.validators.abaroutevalidator.Test_AbaRouteValidator_17a" time="0"/>
  <testcase name="testAbaNumberCheck_35393_good" classname="com.cardatechnologies.utils.validators.abaroutevalidator.Test_AbaRouteValidator_17a" time="0"/>
  <testcase name="testAbaNumberCheck_36510_bad" classname="com.cardatechnologies.utils.validators.abaroutevalidator.Test_AbaRouteValidator_17a" time="0"/>
  <testcase name="testAbaNumberCheck_37324_bad" classname="com.cardatechnologies.utils.validators.abaroutevalidator.Test_AbaRouteValidator_17a" time="0"/>
  <testcase name="testAbaNumberCheck_36060_bad" classname="com.cardatechnologies.utils.validators.abaroutevalidator.Test_AbaRouteValidator_17a" time="0.001"/>
  <testcase name="testAbaNumberCheck_36512_bad" classname="com.cardatechnologies.utils.validators.abaroutevalidator.Test_AbaRouteValidator_17a" time="0"/>
  <testcase name="testAbaNumberCheck_36991_good" classname="com.cardatechnologies.utils.validators.abaroutevalidator.Test_AbaRouteValidator_17a" time="0"/>
  <testcase name="testAbaNumberCheck_37326_bad" classname="com.cardatechnologies.utils.validators.abaroutevalidator.Test_AbaRouteValidator_17a" time="0"/>
  <testcase name="testAbaNumberCheck_36062_bad" classname="com.cardatechnologies.utils.validators.abaroutevalidator.Test_AbaRouteValidator_17a" time="0"/>
  <testcase name="testAbaNumberCheck_35700_bad" classname="com.cardatechnologies.utils.validators.abaroutevalidator.Test_AbaRouteValidator_17a" time="0"/>
  <testcase name="testAbaNumberCheck_36514_bad" classname="com.cardatechnologies.utils.validators.abaroutevalidator.Test_AbaRouteValidator_17a" time="0"/>
  <testcase name="testAbaNumberCheck_37328_bad" classname="com.cardatechnologies.utils.validators.abaroutevalidator.Test_AbaRouteValidator_17a" time="0"/>
  <testcase name="testAbaNumberCheck_35267_good" classname="com.cardatechnologies.utils.validators.abaroutevalidator.Test_AbaRouteValidator_17a" time="0"/>
  <testcase name="testAbaNumberCheck_35250_bad" classname="com.cardatechnologies.utils.validators.abaroutevalidator.Test_AbaRouteValidator_17a" time="0"/>
  <testcase name="testAbaNumberCheck_36064_bad" classname="com.cardatechnologies.utils.validators.abaroutevalidator.Test_AbaRouteValidator_17a" time="0"/>
  <testcase name="testAbaNumberCheck_35702_bad" classname="com.cardatechnologies.utils.validators.abaroutevalidator.Test_AbaRouteValidator_17a" time="0"/>
  <testcase name="testAbaNumberCheck_36516_bad" classname="com.cardatechnologies.utils.validators.abaroutevalidator.Test_AbaRouteValidator_17a" time="0"/>
  <testcase name="testAbaNumberCheck_35252_bad" classname="com.cardatechnologies.utils.validators.abaroutevalidator.Test_AbaRouteValidator_17a" time="0"/>
  <testcase name="testAbaNumberCheck_36865_good" classname="com.cardatechnologies.utils.validators.abaroutevalidator.Test_AbaRouteValidator_17a" time="0"/>
  <testcase name="testAbaNumberCheck_36066_bad" classname="com.cardatechnologies.utils.validators.abaroutevalidator.Test_AbaRouteValidator_17a" time="0"/>
  <testcase name="testAbaNumberCheck_35925_good" classname="com.cardatechnologies.utils.validators.abaroutevalidator.Test_AbaRouteValidator_17a" time="0"/>
  <testcase name="testAbaNumberCheck_35704_bad" classname="com.cardatechnologies.utils.validators.abaroutevalidator.Test_AbaRouteValidator_17a" time="0"/>
  <testcase name="testAbaNumberCheck_36518_bad" classname="com.cardatechnologies.utils.validators.abaroutevalidator.Test_AbaRouteValidator_17a" time="0"/>
  <testcase name="testAbaNumberCheck_35254_bad" classname="com.cardatechnologies.utils.validators.abaroutevalidator.Test_AbaRouteValidator_17a" time="0"/>
  <testcase name="testAbaNumberCheck_36068_bad" classname="com.cardatechnologies.utils.validators.abaroutevalidator.Test_AbaRouteValidator_17a" time="0"/>
  <testcase name="testAbaNumberCheck_35706_bad" classname="com.cardatechnologies.utils.validators.abaroutevalidator.Test_AbaRouteValidator_17a" time="0"/>
  <testcase name="testAbaNumberCheck_35256_bad" classname="com.cardatechnologies.utils.validators.abaroutevalidator.Test_AbaRouteValidator_17a" time="0"/>
  <testcase name="testAbaNumberCheck_36739_good" classname="com.cardatechnologies.utils.validators.abaroutevalidator.Test_AbaRouteValidator_17a" time="0"/>
  <testcase name="testAbaNumberCheck_35708_bad" classname="com.cardatechnologies.utils.validators.abaroutevalidator.Test_AbaRouteValidator_17a" time="0"/>
  <testcase name="testAbaNumberCheck_35258_bad" classname="com.cardatechnologies.utils.validators.abaroutevalidator.Test_AbaRouteValidator_17a" time="0"/>
  <testcase name="testAbaNumberCheck_35763_good" classname="com.cardatechnologies.utils.validators.abaroutevalidator.Test_AbaRouteValidator_17a" time="0"/>
  <testcase name="testAbaNumberCheck_36577_good" classname="com.cardatechnologies.utils.validators.abaroutevalidator.Test_AbaRouteValidator_17a" time="0"/>
  <testcase name="testAbaNumberCheck_35637_good" classname="com.cardatechnologies.utils.validators.abaroutevalidator.Test_AbaRouteValidator_17a" time="0"/>
  <testcase name="testAbaNumberCheck_35475_good" classname="com.cardatechnologies.utils.validators.abaroutevalidator.Test_AbaRouteValidator_17a" time="0"/>
  <testcase name="testAbaNumberCheck_37330_bad" classname="com.cardatechnologies.utils.validators.abaroutevalidator.Test_AbaRouteValidator_17a" time="0"/>
  <testcase name="testAbaNumberCheck_37332_bad" classname="com.cardatechnologies.utils.validators.abaroutevalidator.Test_AbaRouteValidator_17a" time="0"/>
  <testcase name="testAbaNumberCheck_36520_bad" classname="com.cardatechnologies.utils.validators.abaroutevalidator.Test_AbaRouteValidator_17a" time="0"/>
  <testcase name="testAbaNumberCheck_36289_good" classname="com.cardatechnologies.utils.validators.abaroutevalidator.Test_AbaRouteValidator_17a" time="0"/>
  <testcase name="testAbaNumberCheck_37334_bad" classname="com.cardatechnologies.utils.validators.abaroutevalidator.Test_AbaRouteValidator_17a" time="0"/>
  <testcase name="testAbaNumberCheck_35349_good" classname="com.cardatechnologies.utils.validators.abaroutevalidator.Test_AbaRouteValidator_17a" time="0"/>
  <testcase name="testAbaNumberCheck_36070_bad" classname="com.cardatechnologies.utils.validators.abaroutevalidator.Test_AbaRouteValidator_17a" time="0"/>
  <testcase name="testAbaNumberCheck_36522_bad" classname="com.cardatechnologies.utils.validators.abaroutevalidator.Test_AbaRouteValidator_17a" time="0"/>
  <testcase name="testAbaNumberCheck_37336_bad" classname="com.cardatechnologies.utils.validators.abaroutevalidator.Test_AbaRouteValidator_17a" time="0"/>
  <testcase name="testAbaNumberCheck_36072_bad" classname="com.cardatechnologies.utils.validators.abaroutevalidator.Test_AbaRouteValidator_17a" time="0"/>
  <testcase name="testAbaNumberCheck_36947_good" classname="com.cardatechnologies.utils.validators.abaroutevalidator.Test_AbaRouteValidator_17a" time="0"/>
  <testcase name="testAbaNumberCheck_35710_bad" classname="com.cardatechnologies.utils.validators.abaroutevalidator.Test_AbaRouteValidator_17a" time="0"/>
  <testcase name="testAbaNumberCheck_36524_bad" classname="com.cardatechnologies.utils.validators.abaroutevalidator.Test_AbaRouteValidator_17a" time="0"/>
  <testcase name="testAbaNumberCheck_37338_bad" classname="com.cardatechnologies.utils.validators.abaroutevalidator.Test_AbaRouteValidator_17a" time="0"/>
  <testcase name="testAbaNumberCheck_35260_bad" classname="com.cardatechnologies.utils.validators.abaroutevalidator.Test_AbaRouteValidator_17a" time="0"/>
  <testcase name="testAbaNumberCheck_36074_bad" classname="com.cardatechnologies.utils.validators.abaroutevalidator.Test_AbaRouteValidator_17a" time="0"/>
  <testcase name="testAbaNumberCheck_35712_bad" classname="com.cardatechnologies.utils.validators.abaroutevalidator.Test_AbaRouteValidator_17a" time="0"/>
  <testcase name="testAbaNumberCheck_36526_bad" classname="com.cardatechnologies.utils.validators.abaroutevalidator.Test_AbaRouteValidator_17a" time="0"/>
  <testcase name="testAbaNumberCheck_35971_good" classname="com.cardatechnologies.utils.validators.abaroutevalidator.Test_AbaRouteValidator_17a" time="0"/>
  <testcase name="testAbaNumberCheck_35262_bad" classname="com.cardatechnologies.utils.validators.abaroutevalidator.Test_AbaRouteValidator_17a" time="0"/>
  <testcase name="testAbaNumberCheck_36076_bad" classname="com.cardatechnologies.utils.validators.abaroutevalidator.Test_AbaRouteValidator_17a" time="0"/>
  <testcase name="testAbaNumberCheck_35714_bad" classname="com.cardatechnologies.utils.validators.abaroutevalidator.Test_AbaRouteValidator_17a" time="0"/>
  <testcase name="testAbaNumberCheck_36528_bad" classname="com.cardatechnologies.utils.validators.abaroutevalidator.Test_AbaRouteValidator_17a" time="0"/>
  <testcase name="testAbaNumberCheck_35187_good" classname="com.cardatechnologies.utils.validators.abaroutevalidator.Test_AbaRouteValidator_17a" time="0"/>
  <testcase name="testAbaNumberCheck_35264_bad" classname="com.cardatechnologies.utils.validators.abaroutevalidator.Test_AbaRouteValidator_17a" time="0"/>
  <testcase name="testAbaNumberCheck_36078_bad" classname="com.cardatechnologies.utils.validators.abaroutevalidator.Test_AbaRouteValidator_17a" time="0"/>
  <testcase name="testAbaNumberCheck_35716_bad" classname="com.cardatechnologies.utils.validators.abaroutevalidator.Test_AbaRouteValidator_17a" time="0"/>
  <testcase name="testAbaNumberCheck_36785_good" classname="com.cardatechnologies.utils.validators.abaroutevalidator.Test_AbaRouteValidator_17a" time="0"/>
  <testcase name="testAbaNumberCheck_35266_bad" classname="com.cardatechnologies.utils.validators.abaroutevalidator.Test_AbaRouteValidator_17a" time="0"/>
  <testcase name="testAbaNumberCheck_35845_good" classname="com.cardatechnologies.utils.validators.abaroutevalidator.Test_AbaRouteValidator_17a" time="0"/>
  <testcase name="testAbaNumberCheck_35718_bad" classname="com.cardatechnologies.utils.validators.abaroutevalidator.Test_AbaRouteValidator_17a" time="0"/>
  <testcase name="testAbaNumberCheck_35268_bad" classname="com.cardatechnologies.utils.validators.abaroutevalidator.Test_AbaRouteValidator_17a" time="0"/>
  <testcase name="testAbaNumberCheck_36659_good" classname="com.cardatechnologies.utils.validators.abaroutevalidator.Test_AbaRouteValidator_17a" time="0"/>
  <testcase name="testAbaNumberCheck_35719_good" classname="com.cardatechnologies.utils.validators.abaroutevalidator.Test_AbaRouteValidator_17a" time="0"/>
  <testcase name="testAbaNumberCheck_35683_good" classname="com.cardatechnologies.utils.validators.abaroutevalidator.Test_AbaRouteValidator_17a" time="0"/>
  <testcase name="testAbaNumberCheck_36497_good" classname="com.cardatechnologies.utils.validators.abaroutevalidator.Test_AbaRouteValidator_17a" time="0"/>
  <testcase name="testAbaNumberCheck_35557_good" classname="com.cardatechnologies.utils.validators.abaroutevalidator.Test_AbaRouteValidator_17a" time="0"/>
  <testcase name="testAbaNumberCheck_37340_bad" classname="com.cardatechnologies.utils.validators.abaroutevalidator.Test_AbaRouteValidator_17a" time="0"/>
  <testcase name="testAbaNumberCheck_37342_bad" classname="com.cardatechnologies.utils.validators.abaroutevalidator.Test_AbaRouteValidator_17a" time="0"/>
  <testcase name="testAbaNumberCheck_35395_good" classname="com.cardatechnologies.utils.validators.abaroutevalidator.Test_AbaRouteValidator_17a" time="0"/>
  <testcase name="testAbaNumberCheck_36530_bad" classname="com.cardatechnologies.utils.validators.abaroutevalidator.Test_AbaRouteValidator_17a" time="0"/>
  <testcase name="testAbaNumberCheck_37344_bad" classname="com.cardatechnologies.utils.validators.abaroutevalidator.Test_AbaRouteValidator_17a" time="0"/>
  <testcase name="testAbaNumberCheck_36080_bad" classname="com.cardatechnologies.utils.validators.abaroutevalidator.Test_AbaRouteValidator_17a" time="0"/>
  <testcase name="testAbaNumberCheck_36532_bad" classname="com.cardatechnologies.utils.validators.abaroutevalidator.Test_AbaRouteValidator_17a" time="0"/>
  <testcase name="testAbaNumberCheck_36993_good" classname="com.cardatechnologies.utils.validators.abaroutevalidator.Test_AbaRouteValidator_17a" time="0"/>
  <testcase name="testAbaNumberCheck_37346_bad" classname="com.cardatechnologies.utils.validators.abaroutevalidator.Test_AbaRouteValidator_17a" time="0"/>
  <testcase name="testAbaNumberCheck_36082_bad" classname="com.cardatechnologies.utils.validators.abaroutevalidator.Test_AbaRouteValidator_17a" time="0"/>
  <testcase name="testAbaNumberCheck_35720_bad" classname="com.cardatechnologies.utils.validators.abaroutevalidator.Test_AbaRouteValidator_17a" time="0"/>
  <testcase name="testAbaNumberCheck_36534_bad" classname="com.cardatechnologies.utils.validators.abaroutevalidator.Test_AbaRouteValidator_17a" time="0"/>
  <testcase name="testAbaNumberCheck_37348_bad" classname="com.cardatechnologies.utils.validators.abaroutevalidator.Test_AbaRouteValidator_17a" time="0"/>
  <testcase name="testAbaNumberCheck_35269_good" classname="com.cardatechnologies.utils.validators.abaroutevalidator.Test_AbaRouteValidator_17a" time="0"/>
  <testcase name="testAbaNumberCheck_35270_bad" classname="com.cardatechnologies.utils.validators.abaroutevalidator.Test_AbaRouteValidator_17a" time="0"/>
  <testcase name="testAbaNumberCheck_36084_bad" classname="com.cardatechnologies.utils.validators.abaroutevalidator.Test_AbaRouteValidator_17a" time="0"/>
  <testcase name="testAbaNumberCheck_35722_bad" classname="com.cardatechnologies.utils.validators.abaroutevalidator.Test_AbaRouteValidator_17a" time="0"/>
  <testcase name="testAbaNumberCheck_36536_bad" classname="com.cardatechnologies.utils.validators.abaroutevalidator.Test_AbaRouteValidator_17a" time="0"/>
  <testcase name="testAbaNumberCheck_35272_bad" classname="com.cardatechnologies.utils.validators.abaroutevalidator.Test_AbaRouteValidator_17a" time="0"/>
  <testcase name="testAbaNumberCheck_36867_good" classname="com.cardatechnologies.utils.validators.abaroutevalidator.Test_AbaRouteValidator_17a" time="0"/>
  <testcase name="testAbaNumberCheck_36086_bad" classname="com.cardatechnologies.utils.validators.abaroutevalidator.Test_AbaRouteValidator_17a" time="0"/>
  <testcase name="testAbaNumberCheck_35927_good" classname="com.cardatechnologies.utils.validators.abaroutevalidator.Test_AbaRouteValidator_17a" time="0"/>
  <testcase name="testAbaNumberCheck_35724_bad" classname="com.cardatechnologies.utils.validators.abaroutevalidator.Test_AbaRouteValidator_17a" time="0"/>
  <testcase name="testAbaNumberCheck_36538_bad" classname="com.cardatechnologies.utils.validators.abaroutevalidator.Test_AbaRouteValidator_17a" time="0"/>
  <testcase name="testAbaNumberCheck_35274_bad" classname="com.cardatechnologies.utils.validators.abaroutevalidator.Test_AbaRouteValidator_17a" time="0"/>
  <testcase name="testAbaNumberCheck_36088_bad" classname="com.cardatechnologies.utils.validators.abaroutevalidator.Test_AbaRouteValidator_17a" time="0"/>
  <testcase name="testAbaNumberCheck_35726_bad" classname="com.cardatechnologies.utils.validators.abaroutevalidator.Test_AbaRouteValidator_17a" time="0"/>
  <testcase name="testAbaNumberCheck_35891_good" classname="com.cardatechnologies.utils.validators.abaroutevalidator.Test_AbaRouteValidator_17a" time="0"/>
  <testcase name="testAbaNumberCheck_35276_bad" classname="com.cardatechnologies.utils.validators.abaroutevalidator.Test_AbaRouteValidator_17a" time="0"/>
  <testcase name="testAbaNumberCheck_35728_bad" classname="com.cardatechnologies.utils.validators.abaroutevalidator.Test_AbaRouteValidator_17a" time="0"/>
  <testcase name="testAbaNumberCheck_35278_bad" classname="com.cardatechnologies.utils.validators.abaroutevalidator.Test_AbaRouteValidator_17a" time="0"/>
  <testcase name="testAbaNumberCheck_35765_good" classname="com.cardatechnologies.utils.validators.abaroutevalidator.Test_AbaRouteValidator_17a" time="0"/>
  <testcase name="testAbaNumberCheck_36579_good" classname="com.cardatechnologies.utils.validators.abaroutevalidator.Test_AbaRouteValidator_17a" time="0"/>
  <testcase name="testAbaNumberCheck_35639_good" classname="com.cardatechnologies.utils.validators.abaroutevalidator.Test_AbaRouteValidator_17a" time="0"/>
  <testcase name="testAbaNumberCheck_35477_good" classname="com.cardatechnologies.utils.validators.abaroutevalidator.Test_AbaRouteValidator_17a" time="0"/>
  <testcase name="testAbaNumberCheck_37350_bad" classname="com.cardatechnologies.utils.validators.abaroutevalidator.Test_AbaRouteValidator_17a" time="0"/>
  <testcase name="testAbaNumberCheck_37352_bad" classname="com.cardatechnologies.utils.validators.abaroutevalidator.Test_AbaRouteValidator_17a" time="0"/>
  <testcase name="testAbaNumberCheck_36540_bad" classname="com.cardatechnologies.utils.validators.abaroutevalidator.Test_AbaRouteValidator_17a" time="0"/>
  <testcase name="testAbaNumberCheck_37354_bad" classname="com.cardatechnologies.utils.validators.abaroutevalidator.Test_AbaRouteValidator_17a" time="0"/>
  <testcase name="testAbaNumberCheck_36090_bad" classname="com.cardatechnologies.utils.validators.abaroutevalidator.Test_AbaRouteValidator_17a" time="0"/>
  <testcase name="testAbaNumberCheck_36542_bad" classname="com.cardatechnologies.utils.validators.abaroutevalidator.Test_AbaRouteValidator_17a" time="0"/>
  <testcase name="testAbaNumberCheck_37356_bad" classname="com.cardatechnologies.utils.validators.abaroutevalidator.Test_AbaRouteValidator_17a" time="0"/>
  <testcase name="testAbaNumberCheck_36092_bad" classname="com.cardatechnologies.utils.validators.abaroutevalidator.Test_AbaRouteValidator_17a" time="0"/>
  <testcase name="testAbaNumberCheck_36949_good" classname="com.cardatechnologies.utils.validators.abaroutevalidator.Test_AbaRouteValidator_17a" time="0"/>
  <testcase name="testAbaNumberCheck_35730_bad" classname="com.cardatechnologies.utils.validators.abaroutevalidator.Test_AbaRouteValidator_17a" time="0"/>
  <testcase name="testAbaNumberCheck_36544_bad" classname="com.cardatechnologies.utils.validators.abaroutevalidator.Test_AbaRouteValidator_17a" time="0"/>
  <testcase name="testAbaNumberCheck_37358_bad" classname="com.cardatechnologies.utils.validators.abaroutevalidator.Test_AbaRouteValidator_17a" time="0"/>
  <testcase name="testAbaNumberCheck_35280_bad" classname="com.cardatechnologies.utils.validators.abaroutevalidator.Test_AbaRouteValidator_17a" time="0"/>
  <testcase name="testAbaNumberCheck_36094_bad" classname="com.cardatechnologies.utils.validators.abaroutevalidator.Test_AbaRouteValidator_17a" time="0"/>
  <testcase name="testAbaNumberCheck_35732_bad" classname="com.cardatechnologies.utils.validators.abaroutevalidator.Test_AbaRouteValidator_17a" time="0"/>
  <testcase name="testAbaNumberCheck_36546_bad" classname="com.cardatechnologies.utils.validators.abaroutevalidator.Test_AbaRouteValidator_17a" time="0"/>
  <testcase name="testAbaNumberCheck_35973_good" classname="com.cardatechnologies.utils.validators.abaroutevalidator.Test_AbaRouteValidator_17a" time="0"/>
  <testcase name="testAbaNumberCheck_35282_bad" classname="com.cardatechnologies.utils.validators.abaroutevalidator.Test_AbaRouteValidator_17a" time="0"/>
  <testcase name="testAbaNumberCheck_36096_bad" classname="com.cardatechnologies.utils.validators.abaroutevalidator.Test_AbaRouteValidator_17a" time="0"/>
  <testcase name="testAbaNumberCheck_35734_bad" classname="com.cardatechnologies.utils.validators.abaroutevalidator.Test_AbaRouteValidator_17a" time="0"/>
  <testcase name="testAbaNumberCheck_36548_bad" classname="com.cardatechnologies.utils.validators.abaroutevalidator.Test_AbaRouteValidator_17a" time="0"/>
  <testcase name="testAbaNumberCheck_35189_good" classname="com.cardatechnologies.utils.validators.abaroutevalidator.Test_AbaRouteValidator_17a" time="0"/>
  <testcase name="testAbaNumberCheck_35284_bad" classname="com.cardatechnologies.utils.validators.abaroutevalidator.Test_AbaRouteValidator_17a" time="0"/>
  <testcase name="testAbaNumberCheck_36098_bad" classname="com.cardatechnologies.utils.validators.abaroutevalidator.Test_AbaRouteValidator_17a" time="0"/>
  <testcase name="testAbaNumberCheck_35736_bad" classname="com.cardatechnologies.utils.validators.abaroutevalidator.Test_AbaRouteValidator_17a" time="0"/>
  <testcase name="testAbaNumberCheck_36787_good" classname="com.cardatechnologies.utils.validators.abaroutevalidator.Test_AbaRouteValidator_17a" time="0"/>
  <testcase name="testAbaNumberCheck_35286_bad" classname="com.cardatechnologies.utils.validators.abaroutevalidator.Test_AbaRouteValidator_17a" time="0"/>
  <testcase name="testAbaNumberCheck_35847_good" classname="com.cardatechnologies.utils.validators.abaroutevalidator.Test_AbaRouteValidator_17a" time="0"/>
  <testcase name="testAbaNumberCheck_35738_bad" classname="com.cardatechnologies.utils.validators.abaroutevalidator.Test_AbaRouteValidator_17a" time="0"/>
  <testcase name="testAbaNumberCheck_35288_bad" classname="com.cardatechnologies.utils.validators.abaroutevalidator.Test_AbaRouteValidator_17a" time="0"/>
  <testcase name="testAbaNumberCheck_35685_good" classname="com.cardatechnologies.utils.validators.abaroutevalidator.Test_AbaRouteValidator_17a" time="0"/>
  <testcase name="testAbaNumberCheck_36499_good" classname="com.cardatechnologies.utils.validators.abaroutevalidator.Test_AbaRouteValidator_17a" time="0"/>
  <testcase name="testAbaNumberCheck_35559_good" classname="com.cardatechnologies.utils.validators.abaroutevalidator.Test_AbaRouteValidator_17a" time="0"/>
  <testcase name="testAbaNumberCheck_37360_bad" classname="com.cardatechnologies.utils.validators.abaroutevalidator.Test_AbaRouteValidator_17a" time="0"/>
  <testcase name="testAbaNumberCheck_37362_bad" classname="com.cardatechnologies.utils.validators.abaroutevalidator.Test_AbaRouteValidator_17a" time="0"/>
  <testcase name="testAbaNumberCheck_35397_good" classname="com.cardatechnologies.utils.validators.abaroutevalidator.Test_AbaRouteValidator_17a" time="0"/>
  <testcase name="testAbaNumberCheck_36550_bad" classname="com.cardatechnologies.utils.validators.abaroutevalidator.Test_AbaRouteValidator_17a" time="0"/>
  <testcase name="testAbaNumberCheck_37364_bad" classname="com.cardatechnologies.utils.validators.abaroutevalidator.Test_AbaRouteValidator_17a" time="0"/>
  <testcase name="testAbaNumberCheck_36552_bad" classname="com.cardatechnologies.utils.validators.abaroutevalidator.Test_AbaRouteValidator_17a" time="0"/>
  <testcase name="testAbaNumberCheck_36995_good" classname="com.cardatechnologies.utils.validators.abaroutevalidator.Test_AbaRouteValidator_17a" time="0"/>
  <testcase name="testAbaNumberCheck_37366_bad" classname="com.cardatechnologies.utils.validators.abaroutevalidator.Test_AbaRouteValidator_17a" time="0"/>
  <testcase name="testAbaNumberCheck_35740_bad" classname="com.cardatechnologies.utils.validators.abaroutevalidator.Test_AbaRouteValidator_17a" time="0"/>
  <testcase name="testAbaNumberCheck_36554_bad" classname="com.cardatechnologies.utils.validators.abaroutevalidator.Test_AbaRouteValidator_17a" time="0"/>
  <testcase name="testAbaNumberCheck_37368_bad" classname="com.cardatechnologies.utils.validators.abaroutevalidator.Test_AbaRouteValidator_17a" time="0"/>
  <testcase name="testAbaNumberCheck_35290_bad" classname="com.cardatechnologies.utils.validators.abaroutevalidator.Test_AbaRouteValidator_17a" time="0"/>
  <testcase name="testAbaNumberCheck_35742_bad" classname="com.cardatechnologies.utils.validators.abaroutevalidator.Test_AbaRouteValidator_17a" time="0"/>
  <testcase name="testAbaNumberCheck_36556_bad" classname="com.cardatechnologies.utils.validators.abaroutevalidator.Test_AbaRouteValidator_17a" time="0.001"/>
  <testcase name="testAbaNumberCheck_35292_bad" classname="com.cardatechnologies.utils.validators.abaroutevalidator.Test_AbaRouteValidator_17a" time="0"/>
  <testcase name="testAbaNumberCheck_36869_good" classname="com.cardatechnologies.utils.validators.abaroutevalidator.Test_AbaRouteValidator_17a" time="0"/>
  <testcase name="testAbaNumberCheck_35929_good" classname="com.cardatechnologies.utils.validators.abaroutevalidator.Test_AbaRouteValidator_17a" time="0"/>
  <testcase name="testAbaNumberCheck_35744_bad" classname="com.cardatechnologies.utils.validators.abaroutevalidator.Test_AbaRouteValidator_17a" time="0"/>
  <testcase name="testAbaNumberCheck_36558_bad" classname="com.cardatechnologies.utils.validators.abaroutevalidator.Test_AbaRouteValidator_17a" time="0"/>
  <testcase name="testAbaNumberCheck_35294_bad" classname="com.cardatechnologies.utils.validators.abaroutevalidator.Test_AbaRouteValidator_17a" time="0"/>
  <testcase name="testAbaNumberCheck_35746_bad" classname="com.cardatechnologies.utils.validators.abaroutevalidator.Test_AbaRouteValidator_17a" time="0"/>
  <testcase name="testAbaNumberCheck_35893_good" classname="com.cardatechnologies.utils.validators.abaroutevalidator.Test_AbaRouteValidator_17a" time="0"/>
  <testcase name="testAbaNumberCheck_35296_bad" classname="com.cardatechnologies.utils.validators.abaroutevalidator.Test_AbaRouteValidator_17a" time="0"/>
  <testcase name="testAbaNumberCheck_35748_bad" classname="com.cardatechnologies.utils.validators.abaroutevalidator.Test_AbaRouteValidator_17a" time="0"/>
  <testcase name="testAbaNumberCheck_35298_bad" classname="com.cardatechnologies.utils.validators.abaroutevalidator.Test_AbaRouteValidator_17a" time="0"/>
  <testcase name="testAbaNumberCheck_35767_good" classname="com.cardatechnologies.utils.validators.abaroutevalidator.Test_AbaRouteValidator_17a" time="0"/>
  <testcase name="testAbaNumberCheck_35479_good" classname="com.cardatechnologies.utils.validators.abaroutevalidator.Test_AbaRouteValidator_17a" time="0"/>
  <testcase name="testAbaNumberCheck_37370_bad" classname="com.cardatechnologies.utils.validators.abaroutevalidator.Test_AbaRouteValidator_17a" time="0"/>
  <testcase name="testAbaNumberCheck_37372_bad" classname="com.cardatechnologies.utils.validators.abaroutevalidator.Test_AbaRouteValidator_17a" time="0"/>
  <testcase name="testAbaNumberCheck_36560_bad" classname="com.cardatechnologies.utils.validators.abaroutevalidator.Test_AbaRouteValidator_17a" time="0"/>
  <testcase name="testAbaNumberCheck_37374_bad" classname="com.cardatechnologies.utils.validators.abaroutevalidator.Test_AbaRouteValidator_17a" time="0"/>
  <testcase name="testAbaNumberCheck_36562_bad" classname="com.cardatechnologies.utils.validators.abaroutevalidator.Test_AbaRouteValidator_17a" time="0"/>
  <testcase name="testAbaNumberCheck_37376_bad" classname="com.cardatechnologies.utils.validators.abaroutevalidator.Test_AbaRouteValidator_17a" time="0"/>
  <testcase name="testAbaNumberCheck_35750_bad" classname="com.cardatechnologies.utils.validators.abaroutevalidator.Test_AbaRouteValidator_17a" time="0"/>
  <testcase name="testAbaNumberCheck_36564_bad" classname="com.cardatechnologies.utils.validators.abaroutevalidator.Test_AbaRouteValidator_17a" time="0"/>
  <testcase name="testAbaNumberCheck_37378_bad" classname="com.cardatechnologies.utils.validators.abaroutevalidator.Test_AbaRouteValidator_17a" time="0"/>
  <testcase name="testAbaNumberCheck_35752_bad" classname="com.cardatechnologies.utils.validators.abaroutevalidator.Test_AbaRouteValidator_17a" time="0"/>
  <testcase name="testAbaNumberCheck_36566_bad" classname="com.cardatechnologies.utils.validators.abaroutevalidator.Test_AbaRouteValidator_17a" time="0"/>
  <testcase name="testAbaNumberCheck_35975_good" classname="com.cardatechnologies.utils.validators.abaroutevalidator.Test_AbaRouteValidator_17a" time="0"/>
  <testcase name="testAbaNumberCheck_35754_bad" classname="com.cardatechnologies.utils.validators.abaroutevalidator.Test_AbaRouteValidator_17a" time="0"/>
  <testcase name="testAbaNumberCheck_36568_bad" classname="com.cardatechnologies.utils.validators.abaroutevalidator.Test_AbaRouteValidator_17a" time="0"/>
  <testcase name="testAbaNumberCheck_35756_bad" classname="com.cardatechnologies.utils.validators.abaroutevalidator.Test_AbaRouteValidator_17a" time="0"/>
  <testcase name="testAbaNumberCheck_36789_good" classname="com.cardatechnologies.utils.validators.abaroutevalidator.Test_AbaRouteValidator_17a" time="0"/>
  <testcase name="testAbaNumberCheck_35849_good" classname="com.cardatechnologies.utils.validators.abaroutevalidator.Test_AbaRouteValidator_17a" time="0"/>
  <testcase name="testAbaNumberCheck_35758_bad" classname="com.cardatechnologies.utils.validators.abaroutevalidator.Test_AbaRouteValidator_17a" time="0"/>
  <testcase name="testAbaNumberCheck_35687_good" classname="com.cardatechnologies.utils.validators.abaroutevalidator.Test_AbaRouteValidator_17a" time="0"/>
  <testcase name="testAbaNumberCheck_37380_bad" classname="com.cardatechnologies.utils.validators.abaroutevalidator.Test_AbaRouteValidator_17a" time="0"/>
  <testcase name="testAbaNumberCheck_37382_bad" classname="com.cardatechnologies.utils.validators.abaroutevalidator.Test_AbaRouteValidator_17a" time="0"/>
  <testcase name="testAbaNumberCheck_35399_good" classname="com.cardatechnologies.utils.validators.abaroutevalidator.Test_AbaRouteValidator_17a" time="0"/>
  <testcase name="testAbaNumberCheck_36570_bad" classname="com.cardatechnologies.utils.validators.abaroutevalidator.Test_AbaRouteValidator_17a" time="0"/>
  <testcase name="testAbaNumberCheck_37384_bad" classname="com.cardatechnologies.utils.validators.abaroutevalidator.Test_AbaRouteValidator_17a" time="0"/>
  <testcase name="testAbaNumberCheck_36572_bad" classname="com.cardatechnologies.utils.validators.abaroutevalidator.Test_AbaRouteValidator_17a" time="0"/>
  <testcase name="testAbaNumberCheck_36997_good" classname="com.cardatechnologies.utils.validators.abaroutevalidator.Test_AbaRouteValidator_17a" time="0"/>
  <testcase name="testAbaNumberCheck_37386_bad" classname="com.cardatechnologies.utils.validators.abaroutevalidator.Test_AbaRouteValidator_17a" time="0"/>
  <testcase name="testAbaNumberCheck_35760_bad" classname="com.cardatechnologies.utils.validators.abaroutevalidator.Test_AbaRouteValidator_17a" time="0"/>
  <testcase name="testAbaNumberCheck_36574_bad" classname="com.cardatechnologies.utils.validators.abaroutevalidator.Test_AbaRouteValidator_17a" time="0"/>
  <testcase name="testAbaNumberCheck_37388_bad" classname="com.cardatechnologies.utils.validators.abaroutevalidator.Test_AbaRouteValidator_17a" time="0"/>
  <testcase name="testAbaNumberCheck_35762_bad" classname="com.cardatechnologies.utils.validators.abaroutevalidator.Test_AbaRouteValidator_17a" time="0"/>
  <testcase name="testAbaNumberCheck_36576_bad" classname="com.cardatechnologies.utils.validators.abaroutevalidator.Test_AbaRouteValidator_17a" time="0"/>
  <testcase name="testAbaNumberCheck_35764_bad" classname="com.cardatechnologies.utils.validators.abaroutevalidator.Test_AbaRouteValidator_17a" time="0"/>
  <testcase name="testAbaNumberCheck_36578_bad" classname="com.cardatechnologies.utils.validators.abaroutevalidator.Test_AbaRouteValidator_17a" time="0"/>
  <testcase name="testAbaNumberCheck_35766_bad" classname="com.cardatechnologies.utils.validators.abaroutevalidator.Test_AbaRouteValidator_17a" time="0"/>
  <testcase name="testAbaNumberCheck_35895_good" classname="com.cardatechnologies.utils.validators.abaroutevalidator.Test_AbaRouteValidator_17a" time="0"/>
  <testcase name="testAbaNumberCheck_35768_bad" classname="com.cardatechnologies.utils.validators.abaroutevalidator.Test_AbaRouteValidator_17a" time="0"/>
  <testcase name="testAbaNumberCheck_35769_good" classname="com.cardatechnologies.utils.validators.abaroutevalidator.Test_AbaRouteValidator_17a" time="0"/>
  <testcase name="testAbaNumberCheck_37390_bad" classname="com.cardatechnologies.utils.validators.abaroutevalidator.Test_AbaRouteValidator_17a" time="0"/>
  <testcase name="testAbaNumberCheck_37392_bad" classname="com.cardatechnologies.utils.validators.abaroutevalidator.Test_AbaRouteValidator_17a" time="0"/>
  <testcase name="testAbaNumberCheck_36580_bad" classname="com.cardatechnologies.utils.validators.abaroutevalidator.Test_AbaRouteValidator_17a" time="0"/>
  <testcase name="testAbaNumberCheck_37394_bad" classname="com.cardatechnologies.utils.validators.abaroutevalidator.Test_AbaRouteValidator_17a" time="0"/>
  <testcase name="testAbaNumberCheck_36582_bad" classname="com.cardatechnologies.utils.validators.abaroutevalidator.Test_AbaRouteValidator_17a" time="0"/>
  <testcase name="testAbaNumberCheck_37396_bad" classname="com.cardatechnologies.utils.validators.abaroutevalidator.Test_AbaRouteValidator_17a" time="0"/>
  <testcase name="testAbaNumberCheck_35770_bad" classname="com.cardatechnologies.utils.validators.abaroutevalidator.Test_AbaRouteValidator_17a" time="0"/>
  <testcase name="testAbaNumberCheck_36584_bad" classname="com.cardatechnologies.utils.validators.abaroutevalidator.Test_AbaRouteValidator_17a" time="0"/>
  <testcase name="testAbaNumberCheck_37398_bad" classname="com.cardatechnologies.utils.validators.abaroutevalidator.Test_AbaRouteValidator_17a" time="0"/>
  <testcase name="testAbaNumberCheck_35772_bad" classname="com.cardatechnologies.utils.validators.abaroutevalidator.Test_AbaRouteValidator_17a" time="0"/>
  <testcase name="testAbaNumberCheck_36586_bad" classname="com.cardatechnologies.utils.validators.abaroutevalidator.Test_AbaRouteValidator_17a" time="0"/>
  <testcase name="testAbaNumberCheck_35977_good" classname="com.cardatechnologies.utils.validators.abaroutevalidator.Test_AbaRouteValidator_17a" time="0"/>
  <testcase name="testAbaNumberCheck_35774_bad" classname="com.cardatechnologies.utils.validators.abaroutevalidator.Test_AbaRouteValidator_17a" time="0"/>
  <testcase name="testAbaNumberCheck_36588_bad" classname="com.cardatechnologies.utils.validators.abaroutevalidator.Test_AbaRouteValidator_17a" time="0"/>
  <testcase name="testAbaNumberCheck_35776_bad" classname="com.cardatechnologies.utils.validators.abaroutevalidator.Test_AbaRouteValidator_17a" time="0"/>
  <testcase name="testAbaNumberCheck_35778_bad" classname="com.cardatechnologies.utils.validators.abaroutevalidator.Test_AbaRouteValidator_17a" time="0"/>
  <testcase name="testAbaNumberCheck_35689_good" classname="com.cardatechnologies.utils.validators.abaroutevalidator.Test_AbaRouteValidator_17a" time="0"/>
  <testcase name="testAbaNumberCheck_36590_bad" classname="com.cardatechnologies.utils.validators.abaroutevalidator.Test_AbaRouteValidator_17a" time="0"/>
  <testcase name="testAbaNumberCheck_36592_bad" classname="com.cardatechnologies.utils.validators.abaroutevalidator.Test_AbaRouteValidator_17a" time="0"/>
  <testcase name="testAbaNumberCheck_36999_good" classname="com.cardatechnologies.utils.validators.abaroutevalidator.Test_AbaRouteValidator_17a" time="0"/>
  <testcase name="testAbaNumberCheck_35780_bad" classname="com.cardatechnologies.utils.validators.abaroutevalidator.Test_AbaRouteValidator_17a" time="0"/>
  <testcase name="testAbaNumberCheck_36594_bad" classname="com.cardatechnologies.utils.validators.abaroutevalidator.Test_AbaRouteValidator_17a" time="0"/>
  <testcase name="testAbaNumberCheck_35782_bad" classname="com.cardatechnologies.utils.validators.abaroutevalidator.Test_AbaRouteValidator_17a" time="0"/>
  <testcase name="testAbaNumberCheck_36596_bad" classname="com.cardatechnologies.utils.validators.abaroutevalidator.Test_AbaRouteValidator_17a" time="0"/>
  <testcase name="testAbaNumberCheck_35784_bad" classname="com.cardatechnologies.utils.validators.abaroutevalidator.Test_AbaRouteValidator_17a" time="0"/>
  <testcase name="testAbaNumberCheck_36598_bad" classname="com.cardatechnologies.utils.validators.abaroutevalidator.Test_AbaRouteValidator_17a" time="0"/>
  <testcase name="testAbaNumberCheck_35786_bad" classname="com.cardatechnologies.utils.validators.abaroutevalidator.Test_AbaRouteValidator_17a" time="0"/>
  <testcase name="testAbaNumberCheck_35897_good" classname="com.cardatechnologies.utils.validators.abaroutevalidator.Test_AbaRouteValidator_17a" time="0"/>
  <testcase name="testAbaNumberCheck_35788_bad" classname="com.cardatechnologies.utils.validators.abaroutevalidator.Test_AbaRouteValidator_17a" time="0"/>
  <testcase name="testAbaNumberCheck_35790_bad" classname="com.cardatechnologies.utils.validators.abaroutevalidator.Test_AbaRouteValidator_17a" time="0"/>
  <testcase name="testAbaNumberCheck_35792_bad" classname="com.cardatechnologies.utils.validators.abaroutevalidator.Test_AbaRouteValidator_17a" time="0"/>
  <testcase name="testAbaNumberCheck_35979_good" classname="com.cardatechnologies.utils.validators.abaroutevalidator.Test_AbaRouteValidator_17a" time="0"/>
  <testcase name="testAbaNumberCheck_35794_bad" classname="com.cardatechnologies.utils.validators.abaroutevalidator.Test_AbaRouteValidator_17a" time="0"/>
  <testcase name="testAbaNumberCheck_35796_bad" classname="com.cardatechnologies.utils.validators.abaroutevalidator.Test_AbaRouteValidator_17a" time="0"/>
  <testcase name="testAbaNumberCheck_35798_bad" classname="com.cardatechnologies.utils.validators.abaroutevalidator.Test_AbaRouteValidator_17a" time="0"/>
  <testcase name="testAbaNumberCheck_37001_good" classname="com.cardatechnologies.utils.validators.abaroutevalidator.Test_AbaRouteValidator_17a" time="0"/>
  <testcase name="testAbaNumberCheck_35899_good" classname="com.cardatechnologies.utils.validators.abaroutevalidator.Test_AbaRouteValidator_17a" time="0"/>
  <testcase name="testAbaNumberCheck_37003_good" classname="com.cardatechnologies.utils.validators.abaroutevalidator.Test_AbaRouteValidator_17a" time="0"/>
  <testcase name="testAbaNumberCheck_37211_good" classname="com.cardatechnologies.utils.validators.abaroutevalidator.Test_AbaRouteValidator_17a" time="0"/>
  <testcase name="testAbaNumberCheck_37131_good" classname="com.cardatechnologies.utils.validators.abaroutevalidator.Test_AbaRouteValidator_17a" time="0"/>
  <testcase name="testAbaNumberCheck_37005_good" classname="com.cardatechnologies.utils.validators.abaroutevalidator.Test_AbaRouteValidator_17a" time="0"/>
  <testcase name="testAbaNumberCheck_37213_good" classname="com.cardatechnologies.utils.validators.abaroutevalidator.Test_AbaRouteValidator_17a" time="0"/>
  <testcase name="testAbaNumberCheck_37051_good" classname="com.cardatechnologies.utils.validators.abaroutevalidator.Test_AbaRouteValidator_17a" time="0"/>
  <testcase name="testAbaNumberCheck_36111_good" classname="com.cardatechnologies.utils.validators.abaroutevalidator.Test_AbaRouteValidator_17a" time="0"/>
  <testcase name="testAbaNumberCheck_37421_good" classname="com.cardatechnologies.utils.validators.abaroutevalidator.Test_AbaRouteValidator_17a" time="0"/>
  <testcase name="testAbaNumberCheck_37133_good" classname="com.cardatechnologies.utils.validators.abaroutevalidator.Test_AbaRouteValidator_17a" time="0"/>
  <testcase name="testAbaNumberCheck_37007_good" classname="com.cardatechnologies.utils.validators.abaroutevalidator.Test_AbaRouteValidator_17a" time="0"/>
  <testcase name="testAbaNumberCheck_36031_good" classname="com.cardatechnologies.utils.validators.abaroutevalidator.Test_AbaRouteValidator_17a" time="0"/>
  <testcase name="testAbaNumberCheck_37341_good" classname="com.cardatechnologies.utils.validators.abaroutevalidator.Test_AbaRouteValidator_17a" time="0"/>
  <testcase name="testAbaNumberCheck_36401_good" classname="com.cardatechnologies.utils.validators.abaroutevalidator.Test_AbaRouteValidator_17a" time="0"/>
  <testcase name="testAbaNumberCheck_37215_good" classname="com.cardatechnologies.utils.validators.abaroutevalidator.Test_AbaRouteValidator_17a" time="0"/>
  <testcase name="testAbaNumberCheck_37053_good" classname="com.cardatechnologies.utils.validators.abaroutevalidator.Test_AbaRouteValidator_17a" time="0"/>
  <testcase name="testAbaNumberCheck_36113_good" classname="com.cardatechnologies.utils.validators.abaroutevalidator.Test_AbaRouteValidator_17a" time="0"/>
  <testcase name="testAbaNumberCheck_37423_good" classname="com.cardatechnologies.utils.validators.abaroutevalidator.Test_AbaRouteValidator_17a" time="0"/>
  <testcase name="testAbaNumberCheck_37261_good" classname="com.cardatechnologies.utils.validators.abaroutevalidator.Test_AbaRouteValidator_17a" time="0"/>
  <testcase name="testAbaNumberCheck_36321_good" classname="com.cardatechnologies.utils.validators.abaroutevalidator.Test_AbaRouteValidator_17a" time="0"/>
  <testcase name="testAbaNumberCheck_37135_good" classname="com.cardatechnologies.utils.validators.abaroutevalidator.Test_AbaRouteValidator_17a" time="0"/>
  <testcase name="testAbaNumberCheck_37009_good" classname="com.cardatechnologies.utils.validators.abaroutevalidator.Test_AbaRouteValidator_17a" time="0"/>
  <testcase name="testAbaNumberCheck_36033_good" classname="com.cardatechnologies.utils.validators.abaroutevalidator.Test_AbaRouteValidator_17a" time="0"/>
  <testcase name="testAbaNumberCheck_37343_good" classname="com.cardatechnologies.utils.validators.abaroutevalidator.Test_AbaRouteValidator_17a" time="0"/>
  <testcase name="testAbaNumberCheck_36403_good" classname="com.cardatechnologies.utils.validators.abaroutevalidator.Test_AbaRouteValidator_17a" time="0"/>
  <testcase name="testAbaNumberCheck_37217_good" classname="com.cardatechnologies.utils.validators.abaroutevalidator.Test_AbaRouteValidator_17a" time="0"/>
  <testcase name="testAbaNumberCheck_37181_good" classname="com.cardatechnologies.utils.validators.abaroutevalidator.Test_AbaRouteValidator_17a" time="0"/>
  <testcase name="testAbaNumberCheck_36241_good" classname="com.cardatechnologies.utils.validators.abaroutevalidator.Test_AbaRouteValidator_17a" time="0"/>
  <testcase name="testAbaNumberCheck_35301_good" classname="com.cardatechnologies.utils.validators.abaroutevalidator.Test_AbaRouteValidator_17a" time="0"/>
  <testcase name="testAbaNumberCheck_37055_good" classname="com.cardatechnologies.utils.validators.abaroutevalidator.Test_AbaRouteValidator_17a" time="0"/>
  <testcase name="testAbaNumberCheck_36115_good" classname="com.cardatechnologies.utils.validators.abaroutevalidator.Test_AbaRouteValidator_17a" time="0"/>
  <testcase name="testAbaNumberCheck_36611_good" classname="com.cardatechnologies.utils.validators.abaroutevalidator.Test_AbaRouteValidator_17a" time="0"/>
  <testcase name="testAbaNumberCheck_37425_good" classname="com.cardatechnologies.utils.validators.abaroutevalidator.Test_AbaRouteValidator_17a" time="0"/>
  <testcase name="testAbaNumberCheck_37263_good" classname="com.cardatechnologies.utils.validators.abaroutevalidator.Test_AbaRouteValidator_17a" time="0"/>
[...]
  <testcase name="testAbaNumberCheck_36462_bad" classname="com.cardatechnologies.utils.validators.abaroutevalidator.Test_AbaRouteValidator_17a" time="0"/>
  <testcase name="testAbaNumberCheck_37276_bad" classname="com.cardatechnologies.utils.validators.abaroutevalidator.Test_AbaRouteValidator_17a" time="0"/>
  <testcase name="testAbaNumberCheck_36914_bad" classname="com.cardatechnologies.utils.validators.abaroutevalidator.Test_AbaRouteValidator_17a" time="0"/>
  <testcase name="testAbaNumberCheck_35650_bad" classname="com.cardatechnologies.utils.validators.abaroutevalidator.Test_AbaRouteValidator_17a" time="0"/>
  <testcase name="testAbaNumberCheck_36464_bad" classname="com.cardatechnologies.utils.validators.abaroutevalidator.Test_AbaRouteValidator_17a" time="0"/>
  <testcase name="testAbaNumberCheck_37278_bad" classname="com.cardatechnologies.utils.validators.abaroutevalidator.Test_AbaRouteValidator_17a" time="0"/>
  <testcase name="testAbaNumberCheck_36916_bad" classname="com.cardatechnologies.utils.validators.abaroutevalidator.Test_AbaRouteValidator_17a" time="0"/>
  <testcase name="testAbaNumberCheck_35652_bad" classname="com.cardatechnologies.utils.validators.abaroutevalidator.Test_AbaRouteValidator_17a" time="0"/>
  <testcase name="testAbaNumberCheck_36466_bad" classname="com.cardatechnologies.utils.validators.abaroutevalidator.Test_AbaRouteValidator_17a" time="0"/>
  <testcase name="testAbaNumberCheck_35965_good" classname="com.cardatechnologies.utils.validators.abaroutevalidator.Test_AbaRouteValidator_17a" time="0"/>
  <testcase name="testAbaNumberCheck_36918_bad" classname="com.cardatechnologies.utils.validators.abaroutevalidator.Test_AbaRouteValidator_17a" time="0.001"/>
  <testcase name="testAbaNumberCheck_35654_bad" classname="com.cardatechnologies.utils.validators.abaroutevalidator.Test_AbaRouteValidator_17a" time="0"/>
  <testcase name="testAbaNumberCheck_36468_bad" classname="com.cardatechnologies.utils.validators.abaroutevalidator.Test_AbaRouteValidator_17a" time="0"/>
  <testcase name="testAbaNumberCheck_35656_bad" classname="com.cardatechnologies.utils.validators.abaroutevalidator.Test_AbaRouteValidator_17a" time="0"/>
  <testcase name="testAbaNumberCheck_36779_good" classname="com.cardatechnologies.utils.validators.abaroutevalidator.Test_AbaRouteValidator_17a" time="0"/>
  <testcase name="testAbaNumberCheck_35839_good" classname="com.cardatechnologies.utils.validators.abaroutevalidator.Test_AbaRouteValidator_17a" time="0"/>
  <testcase name="testAbaNumberCheck_35658_bad" classname="com.cardatechnologies.utils.validators.abaroutevalidator.Test_AbaRouteValidator_17a" time="0"/>
  <testcase name="testAbaNumberCheck_35677_good" classname="com.cardatechnologies.utils.validators.abaroutevalidator.Test_AbaRouteValidator_17a" time="0"/>
  <testcase name="testAbaNumberCheck_37280_bad" classname="com.cardatechnologies.utils.validators.abaroutevalidator.Test_AbaRouteValidator_17a" time="0"/>
  <testcase name="testAbaNumberCheck_37282_bad" classname="com.cardatechnologies.utils.validators.abaroutevalidator.Test_AbaRouteValidator_17a" time="0"/>
  <testcase name="testAbaNumberCheck_36920_bad" classname="com.cardatechnologies.utils.validators.abaroutevalidator.Test_AbaRouteValidator_17a" time="0"/>
  <testcase name="testAbaNumberCheck_35389_good" classname="com.cardatechnologies.utils.validators.abaroutevalidator.Test_AbaRouteValidator_17a" time="0"/>
  <testcase name="testAbaNumberCheck_36470_bad" classname="com.cardatechnologies.utils.validators.abaroutevalidator.Test_AbaRouteValidator_17a" time="0"/>
  <testcase name="testAbaNumberCheck_37284_bad" classname="com.cardatechnologies.utils.validators.abaroutevalidator.Test_AbaRouteValidator_17a" time="0"/>
  <testcase name="testAbaNumberCheck_36922_bad" classname="com.cardatechnologies.utils.validators.abaroutevalidator.Test_AbaRouteValidator_17a" time="0"/>
  <testcase name="testAbaNumberCheck_36472_bad" classname="com.cardatechnologies.utils.validators.abaroutevalidator.Test_AbaRouteValidator_17a" time="0"/>
  <testcase name="testAbaNumberCheck_36987_good" classname="com.cardatechnologies.utils.validators.abaroutevalidator.Test_AbaRouteValidator_17a" time="0"/>
  <testcase name="testAbaNumberCheck_37286_bad" classname="com.cardatechnologies.utils.validators.abaroutevalidator.Test_AbaRouteValidator_17a" time="0"/>
  <testcase name="testAbaNumberCheck_36924_bad" classname="com.cardatechnologies.utils.validators.abaroutevalidator.Test_AbaRouteValidator_17a" time="0"/>
  <testcase name="testAbaNumberCheck_35660_bad" classname="com.cardatechnologies.utils.validators.abaroutevalidator.Test_AbaRouteValidator_17a" time="0"/>
  <testcase name="testAbaNumberCheck_36474_bad" classname="com.cardatechnologies.utils.validators.abaroutevalidator.Test_AbaRouteValidator_17a" time="0"/>
  <testcase name="testAbaNumberCheck_37288_bad" classname="com.cardatechnologies.utils.validators.abaroutevalidator.Test_AbaRouteValidator_17a" time="0.001"/>
  <testcase name="testAbaNumberCheck_36926_bad" classname="com.cardatechnologies.utils.validators.abaroutevalidator.Test_AbaRouteValidator_17a" time="0"/>
  <testcase name="testAbaNumberCheck_35662_bad" classname="com.cardatechnologies.utils.validators.abaroutevalidator.Test_AbaRouteValidator_17a" time="0"/>
  <testcase name="testAbaNumberCheck_36476_bad" classname="com.cardatechnologies.utils.validators.abaroutevalidator.Test_AbaRouteValidator_17a" time="0"/>
  <testcase name="testAbaNumberCheck_36928_bad" classname="com.cardatechnologies.utils.validators.abaroutevalidator.Test_AbaRouteValidator_17a" time="0"/>
  <testcase name="testAbaNumberCheck_35664_bad" classname="com.cardatechnologies.utils.validators.abaroutevalidator.Test_AbaRouteValidator_17a" time="0"/>
  <testcase name="testAbaNumberCheck_36478_bad" classname="com.cardatechnologies.utils.validators.abaroutevalidator.Test_AbaRouteValidator_17a" time="0"/>
  <testcase name="testAbaNumberCheck_35666_bad" classname="com.cardatechnologies.utils.validators.abaroutevalidator.Test_AbaRouteValidator_17a" time="0"/>
  <testcase name="testAbaNumberCheck_35885_good" classname="com.cardatechnologies.utils.validators.abaroutevalidator.Test_AbaRouteValidator_17a" time="0"/>
  <testcase name="testAbaNumberCheck_35668_bad" classname="com.cardatechnologies.utils.validators.abaroutevalidator.Test_AbaRouteValidator_17a" time="0"/>
  <testcase name="testAbaNumberCheck_36699_good" classname="com.cardatechnologies.utils.validators.abaroutevalidator.Test_AbaRouteValidator_17a" time="0"/>
  <testcase name="testAbaNumberCheck_35759_good" classname="com.cardatechnologies.utils.validators.abaroutevalidator.Test_AbaRouteValidator_17a" time="0"/>
  <testcase name="testAbaNumberCheck_35597_good" classname="com.cardatechnologies.utils.validators.abaroutevalidator.Test_AbaRouteValidator_17a" time="0"/>
  <testcase name="testAbaNumberCheck_37290_bad" classname="com.cardatechnologies.utils.validators.abaroutevalidator.Test_AbaRouteValidator_17a" time="0"/>
  <testcase name="testAbaNumberCheck_37292_bad" classname="com.cardatechnologies.utils.validators.abaroutevalidator.Test_AbaRouteValidator_17a" time="0"/>
  <testcase name="testAbaNumberCheck_36930_bad" classname="com.cardatechnologies.utils.validators.abaroutevalidator.Test_AbaRouteValidator_17a" time="0"/>
  <testcase name="testAbaNumberCheck_36480_bad" classname="com.cardatechnologies.utils.validators.abaroutevalidator.Test_AbaRouteValidator_17a" time="0"/>
  <testcase name="testAbaNumberCheck_37294_bad" classname="com.cardatechnologies.utils.validators.abaroutevalidator.Test_AbaRouteValidator_17a" time="0"/>
  <testcase name="testAbaNumberCheck_36932_bad" classname="com.cardatechnologies.utils.validators.abaroutevalidator.Test_AbaRouteValidator_17a" time="0"/>
  <testcase name="testAbaNumberCheck_36482_bad" classname="com.cardatechnologies.utils.validators.abaroutevalidator.Test_AbaRouteValidator_17a" time="0"/>
  <testcase name="testAbaNumberCheck_37296_bad" classname="com.cardatechnologies.utils.validators.abaroutevalidator.Test_AbaRouteValidator_17a" time="0"/>
  <testcase name="testAbaNumberCheck_36934_bad" classname="com.cardatechnologies.utils.validators.abaroutevalidator.Test_AbaRouteValidator_17a" time="0"/>
  <testcase name="testAbaNumberCheck_35670_bad" classname="com.cardatechnologies.utils.validators.abaroutevalidator.Test_AbaRouteValidator_17a" time="0"/>
  <testcase name="testAbaNumberCheck_36484_bad" classname="com.cardatechnologies.utils.validators.abaroutevalidator.Test_AbaRouteValidator_17a" time="0"/>
  <testcase name="testAbaNumberCheck_37298_bad" classname="com.cardatechnologies.utils.validators.abaroutevalidator.Test_AbaRouteValidator_17a" time="0"/>
  <testcase name="testAbaNumberCheck_36936_bad" classname="com.cardatechnologies.utils.validators.abaroutevalidator.Test_AbaRouteValidator_17a" time="0"/>
  <testcase name="testAbaNumberCheck_35672_bad" classname="com.cardatechnologies.utils.validators.abaroutevalidator.Test_AbaRouteValidator_17a" time="0.001"/>
  <testcase name="testAbaNumberCheck_36486_bad" classname="com.cardatechnologies.utils.validators.abaroutevalidator.Test_AbaRouteValidator_17a" time="0"/>
  <testcase name="testAbaNumberCheck_35967_good" classname="com.cardatechnologies.utils.validators.abaroutevalidator.Test_AbaRouteValidator_17a" time="0"/>
  <testcase name="testAbaNumberCheck_36938_bad" classname="com.cardatechnologies.utils.validators.abaroutevalidator.Test_AbaRouteValidator_17a" time="0"/>
  <testcase name="testAbaNumberCheck_35674_bad" classname="com.cardatechnologies.utils.validators.abaroutevalidator.Test_AbaRouteValidator_17a" time="0"/>
  <testcase name="testAbaNumberCheck_36488_bad" classname="com.cardatechnologies.utils.validators.abaroutevalidator.Test_AbaRouteValidator_17a" time="0"/>
  <testcase name="testAbaNumberCheck_35676_bad" classname="com.cardatechnologies.utils.validators.abaroutevalidator.Test_AbaRouteValidator_17a" time="0"/>
  <testcase name="testAbaNumberCheck_35678_bad" classname="com.cardatechnologies.utils.validators.abaroutevalidator.Test_AbaRouteValidator_17a" time="0"/>
  <testcase name="testAbaNumberCheck_35679_good" classname="com.cardatechnologies.utils.validators.abaroutevalidator.Test_AbaRouteValidator_17a" time="0"/>
  <testcase name="testAbaNumberCheck_36940_bad" classname="com.cardatechnologies.utils.validators.abaroutevalidator.Test_AbaRouteValidator_17a" time="0"/>
  <testcase name="testAbaNumberCheck_36490_bad" classname="com.cardatechnologies.utils.validators.abaroutevalidator.Test_AbaRouteValidator_17a" time="0"/>
  <testcase name="testAbaNumberCheck_36942_bad" classname="com.cardatechnologies.utils.validators.abaroutevalidator.Test_AbaRouteValidator_17a" time="0"/>
  <testcase name="testAbaNumberCheck_36492_bad" classname="com.cardatechnologies.utils.validators.abaroutevalidator.Test_AbaRouteValidator_17a" time="0"/>
  <testcase name="testAbaNumberCheck_36989_good" classname="com.cardatechnologies.utils.validators.abaroutevalidator.Test_AbaRouteValidator_17a" time="0"/>
  <testcase name="testAbaNumberCheck_36944_bad" classname="com.cardatechnologies.utils.validators.abaroutevalidator.Test_AbaRouteValidator_17a" time="0"/>
  <testcase name="testAbaNumberCheck_35680_bad" classname="com.cardatechnologies.utils.validators.abaroutevalidator.Test_AbaRouteValidator_17a" time="0"/>
  <testcase name="testAbaNumberCheck_36494_bad" classname="com.cardatechnologies.utils.validators.abaroutevalidator.Test_AbaRouteValidator_17a" time="0"/>
  <testcase name="testAbaNumberCheck_36946_bad" classname="com.cardatechnologies.utils.validators.abaroutevalidator.Test_AbaRouteValidator_17a" time="0"/>
  <testcase name="testAbaNumberCheck_35682_bad" classname="com.cardatechnologies.utils.validators.abaroutevalidator.Test_AbaRouteValidator_17a" time="0"/>
  <testcase name="testAbaNumberCheck_36496_bad" classname="com.cardatechnologies.utils.validators.abaroutevalidator.Test_AbaRouteValidator_17a" time="0"/>
  <testcase name="testAbaNumberCheck_36948_bad" classname="com.cardatechnologies.utils.validators.abaroutevalidator.Test_AbaRouteValidator_17a" time="0"/>
  <testcase name="testAbaNumberCheck_35684_bad" classname="com.cardatechnologies.utils.validators.abaroutevalidator.Test_AbaRouteValidator_17a" time="0"/>
  <testcase name="testAbaNumberCheck_36498_bad" classname="com.cardatechnologies.utils.validators.abaroutevalidator.Test_AbaRouteValidator_17a" time="0"/>
  <testcase name="testAbaNumberCheck_35686_bad" classname="com.cardatechnologies.utils.validators.abaroutevalidator.Test_AbaRouteValidator_17a" time="0"/>
  <testcase name="testAbaNumberCheck_35887_good" classname="com.cardatechnologies.utils.validators.abaroutevalidator.Test_AbaRouteValidator_17a" time="0"/>
  <testcase name="testAbaNumberCheck_35688_bad" classname="com.cardatechnologies.utils.validators.abaroutevalidator.Test_AbaRouteValidator_17a" time="0"/>
  <testcase name="testAbaNumberCheck_35599_good" classname="com.cardatechnologies.utils.validators.abaroutevalidator.Test_AbaRouteValidator_17a" time="0"/>
  <testcase name="testAbaNumberCheck_36950_bad" classname="com.cardatechnologies.utils.validators.abaroutevalidator.Test_AbaRouteValidator_17a" time="0"/>
  <testcase name="testAbaNumberCheck_36952_bad" classname="com.cardatechnologies.utils.validators.abaroutevalidator.Test_AbaRouteValidator_17a" time="0"/>
  <testcase name="testAbaNumberCheck_36954_bad" classname="com.cardatechnologies.utils.validators.abaroutevalidator.Test_AbaRouteValidator_17a" time="0"/>
  <testcase name="testAbaNumberCheck_35690_bad" classname="com.cardatechnologies.utils.validators.abaroutevalidator.Test_AbaRouteValidator_17a" time="0"/>
  <testcase name="testAbaNumberCheck_36956_bad" classname="com.cardatechnologies.utils.validators.abaroutevalidator.Test_AbaRouteValidator_17a" time="0"/>
  <testcase name="testAbaNumberCheck_35692_bad" classname="com.cardatechnologies.utils.validators.abaroutevalidator.Test_AbaRouteValidator_17a" time="0"/>
  <testcase name="testAbaNumberCheck_35969_good" classname="com.cardatechnologies.utils.validators.abaroutevalidator.Test_AbaRouteValidator_17a" time="0"/>
  <testcase name="testAbaNumberCheck_36958_bad" classname="com.cardatechnologies.utils.validators.abaroutevalidator.Test_AbaRouteValidator_17a" time="0"/>
  <testcase name="testAbaNumberCheck_35694_bad" classname="com.cardatechnologies.utils.validators.abaroutevalidator.Test_AbaRouteValidator_17a" time="0"/>
  <testcase name="testAbaNumberCheck_35696_bad" classname="com.cardatechnologies.utils.validators.abaroutevalidator.Test_AbaRouteValidator_17a" time="0"/>
  <testcase name="testAbaNumberCheck_35698_bad" classname="com.cardatechnologies.utils.validators.abaroutevalidator.Test_AbaRouteValidator_17a" time="0"/>
  <testcase name="testAbaNumberCheck_36960_bad" classname="com.cardatechnologies.utils.validators.abaroutevalidator.Test_AbaRouteValidator_17a" time="0"/>
  <testcase name="testAbaNumberCheck_36962_bad" classname="com.cardatechnologies.utils.validators.abaroutevalidator.Test_AbaRouteValidator_17a" time="0"/>
  <testcase name="testAbaNumberCheck_36964_bad" classname="com.cardatechnologies.utils.validators.abaroutevalidator.Test_AbaRouteValidator_17a" time="0"/>
  <testcase name="testAbaNumberCheck_36966_bad" classname="com.cardatechnologies.utils.validators.abaroutevalidator.Test_AbaRouteValidator_17a" time="0"/>
  <testcase name="testAbaNumberCheck_36968_bad" classname="com.cardatechnologies.utils.validators.abaroutevalidator.Test_AbaRouteValidator_17a" time="0"/>
  <testcase name="testAbaNumberCheck_35889_good" classname="com.cardatechnologies.utils.validators.abaroutevalidator.Test_AbaRouteValidator_17a" time="0"/>
  <testcase name="testAbaNumberCheck_36970_bad" classname="com.cardatechnologies.utils.validators.abaroutevalidator.Test_AbaRouteValidator_17a" time="0"/>
  <testcase name="testAbaNumberCheck_36972_bad" classname="com.cardatechnologies.utils.validators.abaroutevalidator.Test_AbaRouteValidator_17a" time="0"/>
  <testcase name="testAbaNumberCheck_36974_bad" classname="com.cardatechnologies.utils.validators.abaroutevalidator.Test_AbaRouteValidator_17a" time="0.001"/>
  <testcase name="testAbaNumberCheck_36976_bad" classname="com.cardatechnologies.utils.validators.abaroutevalidator.Test_AbaRouteValidator_17a" time="0"/>
  <testcase name="testAbaNumberCheck_36978_bad" classname="com.cardatechnologies.utils.validators.abaroutevalidator.Test_AbaRouteValidator_17a" time="0"/>
  <testcase name="testAbaNumberCheck_36980_bad" classname="com.cardatechnologies.utils.validators.abaroutevalidator.Test_AbaRouteValidator_17a" time="0"/>
  <testcase name="testAbaNumberCheck_36982_bad" classname="com.cardatechnologies.utils.validators.abaroutevalidator.Test_AbaRouteValidator_17a" time="0"/>
  <testcase name="testAbaNumberCheck_36984_bad" classname="com.cardatechnologies.utils.validators.abaroutevalidator.Test_AbaRouteValidator_17a" time="0"/>
  <testcase name="testAbaNumberCheck_36986_bad" classname="com.cardatechnologies.utils.validators.abaroutevalidator.Test_AbaRouteValidator_17a" time="0"/>
  <testcase name="testAbaNumberCheck_36988_bad" classname="com.cardatechnologies.utils.validators.abaroutevalidator.Test_AbaRouteValidator_17a" time="0"/>
  <testcase name="testAbaNumberCheck_37201_good" classname="com.cardatechnologies.utils.validators.abaroutevalidator.Test_AbaRouteValidator_17a" time="0"/>
  <testcase name="testAbaNumberCheck_36990_bad" classname="com.cardatechnologies.utils.validators.abaroutevalidator.Test_AbaRouteValidator_17a" time="0"/>
  <testcase name="testAbaNumberCheck_36992_bad" classname="com.cardatechnologies.utils.validators.abaroutevalidator.Test_AbaRouteValidator_17a" time="0"/>
  <testcase name="testAbaNumberCheck_36994_bad" classname="com.cardatechnologies.utils.validators.abaroutevalidator.Test_AbaRouteValidator_17a" time="0"/>
  <testcase name="testAbaNumberCheck_36996_bad" classname="com.cardatechnologies.utils.validators.abaroutevalidator.Test_AbaRouteValidator_17a" time="0"/>
  <testcase name="testAbaNumberCheck_36998_bad" classname="com.cardatechnologies.utils.validators.abaroutevalidator.Test_AbaRouteValidator_17a" time="0"/>
  <testcase name="testAbaNumberCheck_37121_good" classname="com.cardatechnologies.utils.validators.abaroutevalidator.Test_AbaRouteValidator_17a" time="0"/>
  <testcase name="testAbaNumberCheck_37203_good" classname="com.cardatechnologies.utils.validators.abaroutevalidator.Test_AbaRouteValidator_17a" time="0"/>
  <testcase name="testAbaNumberCheck_37041_good" classname="com.cardatechnologies.utils.validators.abaroutevalidator.Test_AbaRouteValidator_17a" time="0"/>
  <testcase name="testAbaNumberCheck_36101_good" classname="com.cardatechnologies.utils.validators.abaroutevalidator.Test_AbaRouteValidator_17a" time="0"/>
  <testcase name="testAbaNumberCheck_37411_good" classname="com.cardatechnologies.utils.validators.abaroutevalidator.Test_AbaRouteValidator_17a" time="0"/>
  <testcase name="testAbaNumberCheck_37123_good" classname="com.cardatechnologies.utils.validators.abaroutevalidator.Test_AbaRouteValidator_17a" time="0"/>
  <testcase name="testAbaNumberCheck_36021_good" classname="com.cardatechnologies.utils.validators.abaroutevalidator.Test_AbaRouteValidator_17a" time="0"/>
  <testcase name="testAbaNumberCheck_37331_good" classname="com.cardatechnologies.utils.validators.abaroutevalidator.Test_AbaRouteValidator_17a" time="0"/>
  <testcase name="testAbaNumberCheck_37205_good" classname="com.cardatechnologies.utils.validators.abaroutevalidator.Test_AbaRouteValidator_17a" time="0"/>
  <testcase name="testAbaNumberCheck_37043_good" classname="com.cardatechnologies.utils.validators.abaroutevalidator.Test_AbaRouteValidator_17a" time="0"/>
  <testcase name="testAbaNumberCheck_36103_good" classname="com.cardatechnologies.utils.validators.abaroutevalidator.Test_AbaRouteValidator_17a" time="0"/>
</testsuite>