<?xml version="1.0" encoding="UTF-8"?>
<testsuite xmlns:xsi="http://www.w3.org/2001/XMLSchema-instance" xsi:noNamespaceSchemaLocation="https://maven.apache.org/surefire/maven-surefire-plugin/xsd/surefire-test-report-3.0.xsd" version="3.0" name="com.cardatechnologies.utils.validators.abaroutevalidator.Test_AbaRouteValidator_13a" time="42.404" tests="2200" errors="0" skipped="0" failures="0">
  <properties>
[...]
</properties>
  <testcase name="testAbaNumberCheck_27121_good" classname="com.cardatechnologies.utils.validators.abaroutevalidator.Test_AbaRouteValidator_13a" time="0.01"/>
  <testcase name="testAbaNumberCheck_27041_good" classname="com.cardatechnologies.utils.validators.abaroutevalidator.Test_AbaRouteValidator_13a" time="0.018"/>
  <testcase name="testAbaNumberCheck_26101_good" classname="com.cardatechnologies.utils.validators.abaroutevalidator.Test_AbaRouteValidator_13a" time="0.018"/>
  <testcase name="testAbaNumberCheck_27123_good" classname="com.cardatechnologies.utils.validators.abaroutevalidator.Test_AbaRouteValidator_13a" time="0.022"/>
  <testcase name="testAbaNumberCheck_26021_good" classname="com.cardatechnologies.utils.validators.abaroutevalidator.Test_AbaRouteValidator_13a" time="0.022"/>
  <testcase name="testAbaNumberCheck_27043_good" classname="com.cardatechnologies.utils.validators.abaroutevalidator.Test_AbaRouteValidator_13a" time="0.017"/>
  <testcase name="testAbaNumberCheck_26103_good" classname="com.cardatechnologies.utils.validators.abaroutevalidator.Test_AbaRouteValidator_13a" time="0.019"/>
  <testcase name="testAbaNumberCheck_25001_good" classname="com.cardatechnologies.utils.validators.abaroutevalidator.Test_AbaRouteValidator_13a" time="0.026"/>
  <testcase name="testAbaNumberCheck_26311_good" classname="com.cardatechnologies.utils.validators.abaroutevalidator.Test_AbaRouteValidator_13a" time="0.021"/>
  <testcase name="testAbaNumberCheck_27125_good" classname="com.cardatechnologies.utils.validators.abaroutevalidator.Test_AbaRouteValidator_13a" time="0.027"/>
  <testcase name="testAbaNumberCheck_26023_good" classname="com.cardatechnologies.utils.validators.abaroutevalidator.Test_AbaRouteValidator_13a" time="0.019"/>
  <testcase name="testAbaNumberCheck_27171_good" classname="com.cardatechnologies.utils.validators.abaroutevalidator.Test_AbaRouteValidator_13a" time="0.018"/>
  <testcase name="testAbaNumberCheck_26231_good" classname="com.cardatechnologies.utils.validators.abaroutevalidator.Test_AbaRouteValidator_13a" time="0.02"/>
  <testcase name="testAbaNumberCheck_27045_good" classname="com.cardatechnologies.utils.validators.abaroutevalidator.Test_AbaRouteValidator_13a" time="0.023"/>
  <testcase name="testAbaNumberCheck_26105_good" classname="com.cardatechnologies.utils.validators.abaroutevalidator.Test_AbaRouteValidator_13a" time="0.022"/>
  <testcase name="testAbaNumberCheck_25003_good" classname="com.cardatechnologies.utils.validators.abaroutevalidator.Test_AbaRouteValidator_13a" time="0.022"/>
  <testcase name="testAbaNumberCheck_26601_good" classname="com.cardatechnologies.utils.validators.abaroutevalidator.Test_AbaRouteValidator_13a" time="0.023"/>
  <testcase name="testAbaNumberCheck_26313_good" classname="com.cardatechnologies.utils.validators.abaroutevalidator.Test_AbaRouteValidator_13a" time="0.022"/>
  <testcase name="testAbaNumberCheck_27127_good" classname="com.cardatechnologies.utils.validators.abaroutevalidator.Test_AbaRouteValidator_13a" time="0.021"/>
  <testcase name="testAbaNumberCheck_27091_good" classname="com.cardatechnologies.utils.validators.abaroutevalidator.Test_AbaRouteValidator_13a" time="0.023"/>
  <testcase name="testAbaNumberCheck_26151_good" classname="com.cardatechnologies.utils.validators.abaroutevalidator.Test_AbaRouteValidator_13a" time="0.023"/>
  <testcase name="testAbaNumberCheck_25211_good" classname="com.cardatechnologies.utils.validators.abaroutevalidator.Test_AbaRouteValidator_13a" time="0.019"/>
  <testcase name="testAbaNumberCheck_26025_good" classname="com.cardatechnologies.utils.validators.abaroutevalidator.Test_AbaRouteValidator_13a" time="0.02"/>
  <testcase name="testAbaNumberCheck_25000_bad" classname="com.cardatechnologies.utils.validators.abaroutevalidator.Test_AbaRouteValidator_13a" time="0.02"/>
  <testcase name="testAbaNumberCheck_25002_bad" classname="com.cardatechnologies.utils.validators.abaroutevalidator.Test_AbaRouteValidator_13a" time="0.02"/>
  <testcase name="testAbaNumberCheck_25004_bad" classname="com.cardatechnologies.utils.validators.abaroutevalidator.Test_AbaRouteValidator_13a" time="0.02"/>
  <testcase name="testAbaNumberCheck_25006_bad" classname="com.cardatechnologies.utils.validators.abaroutevalidator.Test_AbaRouteValidator_13a" time="0.02"/>
  <testcase name="testAbaNumberCheck_26521_good" classname="com.cardatechnologies.utils.validators.abaroutevalidator.Test_AbaRouteValidator_13a" time="0.02"/>
  <testcase name="testAbaNumberCheck_25008_bad" classname="com.cardatechnologies.utils.validators.abaroutevalidator.Test_AbaRouteValidator_13a" time="0.024"/>
  <testcase name="testAbaNumberCheck_27173_good" classname="com.cardatechnologies.utils.validators.abaroutevalidator.Test_AbaRouteValidator_13a" time="0.021"/>
  <testcase name="testAbaNumberCheck_26233_good" classname="com.cardatechnologies.utils.validators.abaroutevalidator.Test_AbaRouteValidator_13a" time="0.019"/>
  <testcase name="testAbaNumberCheck_27047_good" classname="com.cardatechnologies.utils.validators.abaroutevalidator.Test_AbaRouteValidator_13a" time="0.019"/>
  <testcase name="testAbaNumberCheck_26107_good" classname="com.cardatechnologies.utils.validators.abaroutevalidator.Test_AbaRouteValidator_13a" time="0.029"/>
  <testcase name="testAbaNumberCheck_26071_good" classname="com.cardatechnologies.utils.validators.abaroutevalidator.Test_AbaRouteValidator_13a" time="0.023"/>
  <testcase name="testAbaNumberCheck_25131_good" classname="com.cardatechnologies.utils.validators.abaroutevalidator.Test_AbaRouteValidator_13a" time="0.023"/>
  <testcase name="testAbaNumberCheck_25010_bad" classname="com.cardatechnologies.utils.validators.abaroutevalidator.Test_AbaRouteValidator_13a" time="0.021"/>
  <testcase name="testAbaNumberCheck_25005_good" classname="com.cardatechnologies.utils.validators.abaroutevalidator.Test_AbaRouteValidator_13a" time="0.022"/>
  <testcase name="testAbaNumberCheck_25012_bad" classname="com.cardatechnologies.utils.validators.abaroutevalidator.Test_AbaRouteValidator_13a" time="0.023"/>
  <testcase name="testAbaNumberCheck_26603_good" classname="com.cardatechnologies.utils.validators.abaroutevalidator.Test_AbaRouteValidator_13a" time="0.022"/>
  <testcase name="testAbaNumberCheck_25014_bad" classname="com.cardatechnologies.utils.validators.abaroutevalidator.Test_AbaRouteValidator_13a" time="0.019"/>
  <testcase name="testAbaNumberCheck_25016_bad" classname="com.cardatechnologies.utils.validators.abaroutevalidator.Test_AbaRouteValidator_13a" time="0.019"/>
  <testcase name="testAbaNumberCheck_25018_bad" classname="com.cardatechnologies.utils.validators.abaroutevalidator.Test_AbaRouteValidator_13a" time="0.02"/>
  <testcase name="testAbaNumberCheck_26441_good" classname="com.cardatechnologies.utils.validators.abaroutevalidator.Test_AbaRouteValidator_13a" time="0.022"/>
  <testcase name="testAbaNumberCheck_25501_good" classname="com.cardatechnologies.utils.validators.abaroutevalidator.Test_AbaRouteValidator_13a" time="0.022"/>
  <testcase name="testAbaNumberCheck_26315_good" classname="com.cardatechnologies.utils.validators.abaroutevalidator.Test_AbaRouteValidator_13a" time="0.026"/>
  <testcase name="testAbaNumberCheck_27129_good" classname="com.cardatechnologies.utils.validators.abaroutevalidator.Test_AbaRouteValidator_13a" time="0.023"/>
  <testcase name="testAbaNumberCheck_27093_good" classname="com.cardatechnologies.utils.validators.abaroutevalidator.Test_AbaRouteValidator_13a" time="0.02"/>
  <testcase name="testAbaNumberCheck_26153_good" classname="com.cardatechnologies.utils.validators.abaroutevalidator.Test_AbaRouteValidator_13a" time="0.018"/>
  <testcase name="testAbaNumberCheck_25213_good" classname="com.cardatechnologies.utils.validators.abaroutevalidator.Test_AbaRouteValidator_13a" time="0.017"/>
  <testcase name="testAbaNumberCheck_26811_good" classname="com.cardatechnologies.utils.validators.abaroutevalidator.Test_AbaRouteValidator_13a" time="0.018"/>
  <testcase name="testAbaNumberCheck_26027_good" classname="com.cardatechnologies.utils.validators.abaroutevalidator.Test_AbaRouteValidator_13a" time="0.018"/>
  <testcase name="testAbaNumberCheck_25051_good" classname="com.cardatechnologies.utils.validators.abaroutevalidator.Test_AbaRouteValidator_13a" time="0.018"/>
  <testcase name="testAbaNumberCheck_25020_bad" classname="com.cardatechnologies.utils.validators.abaroutevalidator.Test_AbaRouteValidator_13a" time="0.017"/>
  <testcase name="testAbaNumberCheck_25022_bad" classname="com.cardatechnologies.utils.validators.abaroutevalidator.Test_AbaRouteValidator_13a" time="0.025"/>
  <testcase name="testAbaNumberCheck_25024_bad" classname="com.cardatechnologies.utils.validators.abaroutevalidator.Test_AbaRouteValidator_13a" time="0.018"/>
  <testcase name="testAbaNumberCheck_25026_bad" classname="com.cardatechnologies.utils.validators.abaroutevalidator.Test_AbaRouteValidator_13a" time="0.017"/>
  <testcase name="testAbaNumberCheck_26523_good" classname="com.cardatechnologies.utils.validators.abaroutevalidator.Test_AbaRouteValidator_13a" time="0.018"/>
  <testcase name="testAbaNumberCheck_25028_bad" classname="com.cardatechnologies.utils.validators.abaroutevalidator.Test_AbaRouteValidator_13a" time="0.026"/>
  <testcase name="testAbaNumberCheck_26361_good" classname="com.cardatechnologies.utils.validators.abaroutevalidator.Test_AbaRouteValidator_13a" time="0.019"/>
  <testcase name="testAbaNumberCheck_25421_good" classname="com.cardatechnologies.utils.validators.abaroutevalidator.Test_AbaRouteValidator_13a" time="0.018"/>
  <testcase name="testAbaNumberCheck_27175_good" classname="com.cardatechnologies.utils.validators.abaroutevalidator.Test_AbaRouteValidator_13a" time="0.019"/>
  <testcase name="testAbaNumberCheck_26235_good" classname="com.cardatechnologies.utils.validators.abaroutevalidator.Test_AbaRouteValidator_13a" time="0.018"/>
  <testcase name="testAbaNumberCheck_27100_bad" classname="com.cardatechnologies.utils.validators.abaroutevalidator.Test_AbaRouteValidator_13a" time="0.017"/>
  <testcase name="testAbaNumberCheck_27049_good" classname="com.cardatechnologies.utils.validators.abaroutevalidator.Test_AbaRouteValidator_13a" time="0.018"/>
  <testcase name="testAbaNumberCheck_26109_good" classname="com.cardatechnologies.utils.validators.abaroutevalidator.Test_AbaRouteValidator_13a" time="0.017"/>
  <testcase name="testAbaNumberCheck_27102_bad" classname="com.cardatechnologies.utils.validators.abaroutevalidator.Test_AbaRouteValidator_13a" time="0.018"/>
  <testcase name="testAbaNumberCheck_26073_good" classname="com.cardatechnologies.utils.validators.abaroutevalidator.Test_AbaRouteValidator_13a" time="0.018"/>
  <testcase name="testAbaNumberCheck_27104_bad" classname="com.cardatechnologies.utils.validators.abaroutevalidator.Test_AbaRouteValidator_13a" time="0.017"/>
  <testcase name="testAbaNumberCheck_25133_good" classname="com.cardatechnologies.utils.validators.abaroutevalidator.Test_AbaRouteValidator_13a" time="0.018"/>
  <testcase name="testAbaNumberCheck_27106_bad" classname="com.cardatechnologies.utils.validators.abaroutevalidator.Test_AbaRouteValidator_13a" time="0.018"/>
  <testcase name="testAbaNumberCheck_26731_good" classname="com.cardatechnologies.utils.validators.abaroutevalidator.Test_AbaRouteValidator_13a" time="0.023"/>
  <testcase name="testAbaNumberCheck_27108_bad" classname="com.cardatechnologies.utils.validators.abaroutevalidator.Test_AbaRouteValidator_13a" time="0.017"/>
  <testcase name="testAbaNumberCheck_25030_bad" classname="com.cardatechnologies.utils.validators.abaroutevalidator.Test_AbaRouteValidator_13a" time="0.019"/>
  <testcase name="testAbaNumberCheck_25007_good" classname="com.cardatechnologies.utils.validators.abaroutevalidator.Test_AbaRouteValidator_13a" time="0.018"/>
  <testcase name="testAbaNumberCheck_25032_bad" classname="com.cardatechnologies.utils.validators.abaroutevalidator.Test_AbaRouteValidator_13a" time="0.019"/>
  <testcase name="testAbaNumberCheck_26605_good" classname="com.cardatechnologies.utils.validators.abaroutevalidator.Test_AbaRouteValidator_13a" time="0.019"/>
  <testcase name="testAbaNumberCheck_25034_bad" classname="com.cardatechnologies.utils.validators.abaroutevalidator.Test_AbaRouteValidator_13a" time="0.02"/>
  <testcase name="testAbaNumberCheck_25036_bad" classname="com.cardatechnologies.utils.validators.abaroutevalidator.Test_AbaRouteValidator_13a" time="0.02"/>
  <testcase name="testAbaNumberCheck_25038_bad" classname="com.cardatechnologies.utils.validators.abaroutevalidator.Test_AbaRouteValidator_13a" time="0.02"/>
  <testcase name="testAbaNumberCheck_26443_good" classname="com.cardatechnologies.utils.validators.abaroutevalidator.Test_AbaRouteValidator_13a" time="0.018"/>
  <testcase name="testAbaNumberCheck_25503_good" classname="com.cardatechnologies.utils.validators.abaroutevalidator.Test_AbaRouteValidator_13a" time="0.024"/>
  <testcase name="testAbaNumberCheck_26317_good" classname="com.cardatechnologies.utils.validators.abaroutevalidator.Test_AbaRouteValidator_13a" time="0.022"/>
  <testcase name="testAbaNumberCheck_26281_good" classname="com.cardatechnologies.utils.validators.abaroutevalidator.Test_AbaRouteValidator_13a" time="0.02"/>
  <testcase name="testAbaNumberCheck_25341_good" classname="com.cardatechnologies.utils.validators.abaroutevalidator.Test_AbaRouteValidator_13a" time="0.018"/>
  <testcase name="testAbaNumberCheck_27095_good" classname="com.cardatechnologies.utils.validators.abaroutevalidator.Test_AbaRouteValidator_13a" time="0.029"/>
  <testcase name="testAbaNumberCheck_27110_bad" classname="com.cardatechnologies.utils.validators.abaroutevalidator.Test_AbaRouteValidator_13a" time="0.02"/>
  <testcase name="testAbaNumberCheck_26155_good" classname="com.cardatechnologies.utils.validators.abaroutevalidator.Test_AbaRouteValidator_13a" time="0.018"/>
  <testcase name="testAbaNumberCheck_25215_good" classname="com.cardatechnologies.utils.validators.abaroutevalidator.Test_AbaRouteValidator_13a" time="0.019"/>
  <testcase name="testAbaNumberCheck_27112_bad" classname="com.cardatechnologies.utils.validators.abaroutevalidator.Test_AbaRouteValidator_13a" time="0.02"/>
  <testcase name="testAbaNumberCheck_26813_good" classname="com.cardatechnologies.utils.validators.abaroutevalidator.Test_AbaRouteValidator_13a" time="0.019"/>
  <testcase name="testAbaNumberCheck_26300_bad" classname="com.cardatechnologies.utils.validators.abaroutevalidator.Test_AbaRouteValidator_13a" time="0.02"/>
  <testcase name="testAbaNumberCheck_27114_bad" classname="com.cardatechnologies.utils.validators.abaroutevalidator.Test_AbaRouteValidator_13a" time="0.018"/>
  <testcase name="testAbaNumberCheck_26029_good" classname="com.cardatechnologies.utils.validators.abaroutevalidator.Test_AbaRouteValidator_13a" time="0.017"/>
  <testcase name="testAbaNumberCheck_26302_bad" classname="com.cardatechnologies.utils.validators.abaroutevalidator.Test_AbaRouteValidator_13a" time="0.017"/>
  <testcase name="testAbaNumberCheck_27116_bad" classname="com.cardatechnologies.utils.validators.abaroutevalidator.Test_AbaRouteValidator_13a" time="0.02"/>
  <testcase name="testAbaNumberCheck_26304_bad" classname="com.cardatechnologies.utils.validators.abaroutevalidator.Test_AbaRouteValidator_13a" time="0.019"/>
  <testcase name="testAbaNumberCheck_27118_bad" classname="com.cardatechnologies.utils.validators.abaroutevalidator.Test_AbaRouteValidator_13a" time="0.019"/>
  <testcase name="testAbaNumberCheck_25053_good" classname="com.cardatechnologies.utils.validators.abaroutevalidator.Test_AbaRouteValidator_13a" time="0.019"/>
  <testcase name="testAbaNumberCheck_25040_bad" classname="com.cardatechnologies.utils.validators.abaroutevalidator.Test_AbaRouteValidator_13a" time="0.019"/>
  <testcase name="testAbaNumberCheck_26306_bad" classname="com.cardatechnologies.utils.validators.abaroutevalidator.Test_AbaRouteValidator_13a" time="0.02"/>
  <testcase name="testAbaNumberCheck_25042_bad" classname="com.cardatechnologies.utils.validators.abaroutevalidator.Test_AbaRouteValidator_13a" time="0.018"/>
  <testcase name="testAbaNumberCheck_26651_good" classname="com.cardatechnologies.utils.validators.abaroutevalidator.Test_AbaRouteValidator_13a" time="0.02"/>
  <testcase name="testAbaNumberCheck_25711_good" classname="com.cardatechnologies.utils.validators.abaroutevalidator.Test_AbaRouteValidator_13a" time="0.019"/>
  <testcase name="testAbaNumberCheck_26308_bad" classname="com.cardatechnologies.utils.validators.abaroutevalidator.Test_AbaRouteValidator_13a" time="0.019"/>
  <testcase name="testAbaNumberCheck_25044_bad" classname="com.cardatechnologies.utils.validators.abaroutevalidator.Test_AbaRouteValidator_13a" time="0.019"/>
  <testcase name="testAbaNumberCheck_25046_bad" classname="com.cardatechnologies.utils.validators.abaroutevalidator.Test_AbaRouteValidator_13a" time="0.019"/>
  <testcase name="testAbaNumberCheck_26525_good" classname="com.cardatechnologies.utils.validators.abaroutevalidator.Test_AbaRouteValidator_13a" time="0.021"/>
  <testcase name="testAbaNumberCheck_25048_bad" classname="com.cardatechnologies.utils.validators.abaroutevalidator.Test_AbaRouteValidator_13a" time="0.025"/>
  <testcase name="testAbaNumberCheck_26363_good" classname="com.cardatechnologies.utils.validators.abaroutevalidator.Test_AbaRouteValidator_13a" time="0.022"/>
  <testcase name="testAbaNumberCheck_25423_good" classname="com.cardatechnologies.utils.validators.abaroutevalidator.Test_AbaRouteValidator_13a" time="0.019"/>
  <testcase name="testAbaNumberCheck_27177_good" classname="com.cardatechnologies.utils.validators.abaroutevalidator.Test_AbaRouteValidator_13a" time="0.022"/>
  <testcase name="testAbaNumberCheck_26237_good" classname="com.cardatechnologies.utils.validators.abaroutevalidator.Test_AbaRouteValidator_13a" time="0.025"/>
  <testcase name="testAbaNumberCheck_25261_good" classname="com.cardatechnologies.utils.validators.abaroutevalidator.Test_AbaRouteValidator_13a" time="0.018"/>
  <testcase name="testAbaNumberCheck_27120_bad" classname="com.cardatechnologies.utils.validators.abaroutevalidator.Test_AbaRouteValidator_13a" time="0.023"/>
  <testcase name="testAbaNumberCheck_27122_bad" classname="com.cardatechnologies.utils.validators.abaroutevalidator.Test_AbaRouteValidator_13a" time="0.017"/>
  <testcase name="testAbaNumberCheck_26310_bad" classname="com.cardatechnologies.utils.validators.abaroutevalidator.Test_AbaRouteValidator_13a" time="0.018"/>
  <testcase name="testAbaNumberCheck_26075_good" classname="com.cardatechnologies.utils.validators.abaroutevalidator.Test_AbaRouteValidator_13a" time="0.017"/>
  <testcase name="testAbaNumberCheck_27124_bad" classname="com.cardatechnologies.utils.validators.abaroutevalidator.Test_AbaRouteValidator_13a" time="0.018"/>
  <testcase name="testAbaNumberCheck_25135_good" classname="com.cardatechnologies.utils.validators.abaroutevalidator.Test_AbaRouteValidator_13a" time="0.017"/>
  <testcase name="testAbaNumberCheck_26312_bad" classname="com.cardatechnologies.utils.validators.abaroutevalidator.Test_AbaRouteValidator_13a" time="0.018"/>
  <testcase name="testAbaNumberCheck_27126_bad" classname="com.cardatechnologies.utils.validators.abaroutevalidator.Test_AbaRouteValidator_13a" time="0.018"/>
  <testcase name="testAbaNumberCheck_26733_good" classname="com.cardatechnologies.utils.validators.abaroutevalidator.Test_AbaRouteValidator_13a" time="0.018"/>
  <testcase name="testAbaNumberCheck_25500_bad" classname="com.cardatechnologies.utils.validators.abaroutevalidator.Test_AbaRouteValidator_13a" time="0.018"/>
  <testcase name="testAbaNumberCheck_26314_bad" classname="com.cardatechnologies.utils.validators.abaroutevalidator.Test_AbaRouteValidator_13a" time="0.018"/>
  <testcase name="testAbaNumberCheck_27128_bad" classname="com.cardatechnologies.utils.validators.abaroutevalidator.Test_AbaRouteValidator_13a" time="0.017"/>
  <testcase name="testAbaNumberCheck_25050_bad" classname="com.cardatechnologies.utils.validators.abaroutevalidator.Test_AbaRouteValidator_13a" time="0.018"/>
  <testcase name="testAbaNumberCheck_25009_good" classname="com.cardatechnologies.utils.validators.abaroutevalidator.Test_AbaRouteValidator_13a" time="0.018"/>
  <testcase name="testAbaNumberCheck_25502_bad" classname="com.cardatechnologies.utils.validators.abaroutevalidator.Test_AbaRouteValidator_13a" time="0.018"/>
  <testcase name="testAbaNumberCheck_26316_bad" classname="com.cardatechnologies.utils.validators.abaroutevalidator.Test_AbaRouteValidator_13a" time="0.018"/>
  <testcase name="testAbaNumberCheck_25052_bad" classname="com.cardatechnologies.utils.validators.abaroutevalidator.Test_AbaRouteValidator_13a" time="0.018"/>
  <testcase name="testAbaNumberCheck_26607_good" classname="com.cardatechnologies.utils.validators.abaroutevalidator.Test_AbaRouteValidator_13a" time="0.018"/>
  <testcase name="testAbaNumberCheck_25504_bad" classname="com.cardatechnologies.utils.validators.abaroutevalidator.Test_AbaRouteValidator_13a" time="0.021"/>
  <testcase name="testAbaNumberCheck_26318_bad" classname="com.cardatechnologies.utils.validators.abaroutevalidator.Test_AbaRouteValidator_13a" time="0.018"/>
  <testcase name="testAbaNumberCheck_25054_bad" classname="com.cardatechnologies.utils.validators.abaroutevalidator.Test_AbaRouteValidator_13a" time="0.018"/>
  <testcase name="testAbaNumberCheck_25506_bad" classname="com.cardatechnologies.utils.validators.abaroutevalidator.Test_AbaRouteValidator_13a" time="0.018"/>
  <testcase name="testAbaNumberCheck_26571_good" classname="com.cardatechnologies.utils.validators.abaroutevalidator.Test_AbaRouteValidator_13a" time="0.024"/>
  <testcase name="testAbaNumberCheck_25056_bad" classname="com.cardatechnologies.utils.validators.abaroutevalidator.Test_AbaRouteValidator_13a" time="0.019"/>
  <testcase name="testAbaNumberCheck_25631_good" classname="com.cardatechnologies.utils.validators.abaroutevalidator.Test_AbaRouteValidator_13a" time="0.017"/>
  <testcase name="testAbaNumberCheck_25508_bad" classname="com.cardatechnologies.utils.validators.abaroutevalidator.Test_AbaRouteValidator_13a" time="0.024"/>
  <testcase name="testAbaNumberCheck_25058_bad" classname="com.cardatechnologies.utils.validators.abaroutevalidator.Test_AbaRouteValidator_13a" time="0.023"/>
  <testcase name="testAbaNumberCheck_26445_good" classname="com.cardatechnologies.utils.validators.abaroutevalidator.Test_AbaRouteValidator_13a" time="0.017"/>
  <testcase name="testAbaNumberCheck_25505_good" classname="com.cardatechnologies.utils.validators.abaroutevalidator.Test_AbaRouteValidator_13a" time="0.018"/>
  <testcase name="testAbaNumberCheck_26319_good" classname="com.cardatechnologies.utils.validators.abaroutevalidator.Test_AbaRouteValidator_13a" time="0.017"/>
  <testcase name="testAbaNumberCheck_26283_good" classname="com.cardatechnologies.utils.validators.abaroutevalidator.Test_AbaRouteValidator_13a" time="0.018"/>
  <testcase name="testAbaNumberCheck_25343_good" classname="com.cardatechnologies.utils.validators.abaroutevalidator.Test_AbaRouteValidator_13a" time="0.02"/>
  <testcase name="testAbaNumberCheck_26941_good" classname="com.cardatechnologies.utils.validators.abaroutevalidator.Test_AbaRouteValidator_13a" time="0.022"/>
  <testcase name="testAbaNumberCheck_27097_good" classname="com.cardatechnologies.utils.validators.abaroutevalidator.Test_AbaRouteValidator_13a" time="0.02"/>
  <testcase name="testAbaNumberCheck_27130_bad" classname="com.cardatechnologies.utils.validators.abaroutevalidator.Test_AbaRouteValidator_13a" time="0.022"/>
  <testcase name="testAbaNumberCheck_26157_good" classname="com.cardatechnologies.utils.validators.abaroutevalidator.Test_AbaRouteValidator_13a" time="0.02"/>
  <testcase name="testAbaNumberCheck_25217_good" classname="com.cardatechnologies.utils.validators.abaroutevalidator.Test_AbaRouteValidator_13a" time="0.022"/>
  <testcase name="testAbaNumberCheck_27132_bad" classname="com.cardatechnologies.utils.validators.abaroutevalidator.Test_AbaRouteValidator_13a" time="0.02"/>
  <testcase name="testAbaNumberCheck_26815_good" classname="com.cardatechnologies.utils.validators.abaroutevalidator.Test_AbaRouteValidator_13a" time="0.018"/>
  <testcase name="testAbaNumberCheck_25181_good" classname="com.cardatechnologies.utils.validators.abaroutevalidator.Test_AbaRouteValidator_13a" time="0.019"/>
  <testcase name="testAbaNumberCheck_26320_bad" classname="com.cardatechnologies.utils.validators.abaroutevalidator.Test_AbaRouteValidator_13a" time="0.018"/>
  <testcase name="testAbaNumberCheck_27134_bad" classname="com.cardatechnologies.utils.validators.abaroutevalidator.Test_AbaRouteValidator_13a" time="0.018"/>
  <testcase name="testAbaNumberCheck_26322_bad" classname="com.cardatechnologies.utils.validators.abaroutevalidator.Test_AbaRouteValidator_13a" time="0.018"/>
  <testcase name="testAbaNumberCheck_27136_bad" classname="com.cardatechnologies.utils.validators.abaroutevalidator.Test_AbaRouteValidator_13a" time="0.018"/>
  <testcase name="testAbaNumberCheck_25510_bad" classname="com.cardatechnologies.utils.validators.abaroutevalidator.Test_AbaRouteValidator_13a" time="0.018"/>
  <testcase name="testAbaNumberCheck_26324_bad" classname="com.cardatechnologies.utils.validators.abaroutevalidator.Test_AbaRouteValidator_13a" time="0.018"/>
  <testcase name="testAbaNumberCheck_27138_bad" classname="com.cardatechnologies.utils.validators.abaroutevalidator.Test_AbaRouteValidator_13a" time="0.018"/>
  <testcase name="testAbaNumberCheck_25055_good" classname="com.cardatechnologies.utils.validators.abaroutevalidator.Test_AbaRouteValidator_13a" time="0.017"/>
  <testcase name="testAbaNumberCheck_25060_bad" classname="com.cardatechnologies.utils.validators.abaroutevalidator.Test_AbaRouteValidator_13a" time="0.022"/>
  <testcase name="testAbaNumberCheck_25512_bad" classname="com.cardatechnologies.utils.validators.abaroutevalidator.Test_AbaRouteValidator_13a" time="0.022"/>
  <testcase name="testAbaNumberCheck_26326_bad" classname="com.cardatechnologies.utils.validators.abaroutevalidator.Test_AbaRouteValidator_13a" time="0.018"/>
  <testcase name="testAbaNumberCheck_25062_bad" classname="com.cardatechnologies.utils.validators.abaroutevalidator.Test_AbaRouteValidator_13a" time="0.018"/>
  <testcase name="testAbaNumberCheck_26653_good" classname="com.cardatechnologies.utils.validators.abaroutevalidator.Test_AbaRouteValidator_13a" time="0.025"/>
  <testcase name="testAbaNumberCheck_25713_good" classname="com.cardatechnologies.utils.validators.abaroutevalidator.Test_AbaRouteValidator_13a" time="0.02"/>
  <testcase name="testAbaNumberCheck_25514_bad" classname="com.cardatechnologies.utils.validators.abaroutevalidator.Test_AbaRouteValidator_13a" time="0.018"/>
  <testcase name="testAbaNumberCheck_26328_bad" classname="com.cardatechnologies.utils.validators.abaroutevalidator.Test_AbaRouteValidator_13a" time="0.017"/>
  <testcase name="testAbaNumberCheck_25064_bad" classname="com.cardatechnologies.utils.validators.abaroutevalidator.Test_AbaRouteValidator_13a" time="0.019"/>
  <testcase name="testAbaNumberCheck_25516_bad" classname="com.cardatechnologies.utils.validators.abaroutevalidator.Test_AbaRouteValidator_13a" time="0.021"/>
  <testcase name="testAbaNumberCheck_25066_bad" classname="com.cardatechnologies.utils.validators.abaroutevalidator.Test_AbaRouteValidator_13a" time="0.019"/>
  <testcase name="testAbaNumberCheck_26527_good" classname="com.cardatechnologies.utils.validators.abaroutevalidator.Test_AbaRouteValidator_13a" time="0.017"/>
  <testcase name="testAbaNumberCheck_25518_bad" classname="com.cardatechnologies.utils.validators.abaroutevalidator.Test_AbaRouteValidator_13a" time="0.018"/>
  <testcase name="testAbaNumberCheck_25068_bad" classname="com.cardatechnologies.utils.validators.abaroutevalidator.Test_AbaRouteValidator_13a" time="0.018"/>
  <testcase name="testAbaNumberCheck_26491_good" classname="com.cardatechnologies.utils.validators.abaroutevalidator.Test_AbaRouteValidator_13a" time="0.018"/>
  <testcase name="testAbaNumberCheck_25551_good" classname="com.cardatechnologies.utils.validators.abaroutevalidator.Test_AbaRouteValidator_13a" time="0.018"/>
  <testcase name="testAbaNumberCheck_26365_good" classname="com.cardatechnologies.utils.validators.abaroutevalidator.Test_AbaRouteValidator_13a" time="0.018"/>
  <testcase name="testAbaNumberCheck_25425_good" classname="com.cardatechnologies.utils.validators.abaroutevalidator.Test_AbaRouteValidator_13a" time="0.017"/>
  <testcase name="testAbaNumberCheck_27179_good" classname="com.cardatechnologies.utils.validators.abaroutevalidator.Test_AbaRouteValidator_13a" time="0.018"/>
  <testcase name="testAbaNumberCheck_26239_good" classname="com.cardatechnologies.utils.validators.abaroutevalidator.Test_AbaRouteValidator_13a" time="0.018"/>
  <testcase name="testAbaNumberCheck_25263_good" classname="com.cardatechnologies.utils.validators.abaroutevalidator.Test_AbaRouteValidator_13a" time="0.018"/>
  <testcase name="testAbaNumberCheck_27140_bad" classname="com.cardatechnologies.utils.validators.abaroutevalidator.Test_AbaRouteValidator_13a" time="0.018"/>
  <testcase name="testAbaNumberCheck_27142_bad" classname="com.cardatechnologies.utils.validators.abaroutevalidator.Test_AbaRouteValidator_13a" time="0.018"/>
  <testcase name="testAbaNumberCheck_26861_good" classname="com.cardatechnologies.utils.validators.abaroutevalidator.Test_AbaRouteValidator_13a" time="0.018"/>
  <testcase name="testAbaNumberCheck_25921_good" classname="com.cardatechnologies.utils.validators.abaroutevalidator.Test_AbaRouteValidator_13a" time="0.018"/>
  <testcase name="testAbaNumberCheck_26330_bad" classname="com.cardatechnologies.utils.validators.abaroutevalidator.Test_AbaRouteValidator_13a" time="0.02"/>
  <testcase name="testAbaNumberCheck_26077_good" classname="com.cardatechnologies.utils.validators.abaroutevalidator.Test_AbaRouteValidator_13a" time="0.019"/>
  <testcase name="testAbaNumberCheck_27144_bad" classname="com.cardatechnologies.utils.validators.abaroutevalidator.Test_AbaRouteValidator_13a" time="0.017"/>
  <testcase name="testAbaNumberCheck_25137_good" classname="com.cardatechnologies.utils.validators.abaroutevalidator.Test_AbaRouteValidator_13a" time="0.022"/>
  <testcase name="testAbaNumberCheck_26332_bad" classname="com.cardatechnologies.utils.validators.abaroutevalidator.Test_AbaRouteValidator_13a" time="0.02"/>
  <testcase name="testAbaNumberCheck_27146_bad" classname="com.cardatechnologies.utils.validators.abaroutevalidator.Test_AbaRouteValidator_13a" time="0.018"/>
  <testcase name="testAbaNumberCheck_26735_good" classname="com.cardatechnologies.utils.validators.abaroutevalidator.Test_AbaRouteValidator_13a" time="0.018"/>
  <testcase name="testAbaNumberCheck_25520_bad" classname="com.cardatechnologies.utils.validators.abaroutevalidator.Test_AbaRouteValidator_13a" time="0.028"/>
  <testcase name="testAbaNumberCheck_26334_bad" classname="com.cardatechnologies.utils.validators.abaroutevalidator.Test_AbaRouteValidator_13a" time="0.02"/>
  <testcase name="testAbaNumberCheck_27148_bad" classname="com.cardatechnologies.utils.validators.abaroutevalidator.Test_AbaRouteValidator_13a" time="0.021"/>
  <testcase name="testAbaNumberCheck_25070_bad" classname="com.cardatechnologies.utils.validators.abaroutevalidator.Test_AbaRouteValidator_13a" time="0.02"/>
  <testcase name="testAbaNumberCheck_25522_bad" classname="com.cardatechnologies.utils.validators.abaroutevalidator.Test_AbaRouteValidator_13a" time="0.02"/>
  <testcase name="testAbaNumberCheck_26336_bad" classname="com.cardatechnologies.utils.validators.abaroutevalidator.Test_AbaRouteValidator_13a" time="0.022"/>
  <testcase name="testAbaNumberCheck_25072_bad" classname="com.cardatechnologies.utils.validators.abaroutevalidator.Test_AbaRouteValidator_13a" time="0.021"/>
  <testcase name="testAbaNumberCheck_26609_good" classname="com.cardatechnologies.utils.validators.abaroutevalidator.Test_AbaRouteValidator_13a" time="0.021"/>
  <testcase name="testAbaNumberCheck_25524_bad" classname="com.cardatechnologies.utils.validators.abaroutevalidator.Test_AbaRouteValidator_13a" time="0.022"/>
  <testcase name="testAbaNumberCheck_26338_bad" classname="com.cardatechnologies.utils.validators.abaroutevalidator.Test_AbaRouteValidator_13a" time="0.021"/>
  <testcase name="testAbaNumberCheck_25074_bad" classname="com.cardatechnologies.utils.validators.abaroutevalidator.Test_AbaRouteValidator_13a" time="0.018"/>
  <testcase name="testAbaNumberCheck_25526_bad" classname="com.cardatechnologies.utils.validators.abaroutevalidator.Test_AbaRouteValidator_13a" time="0.018"/>
  <testcase name="testAbaNumberCheck_26573_good" classname="com.cardatechnologies.utils.validators.abaroutevalidator.Test_AbaRouteValidator_13a" time="0.018"/>
  <testcase name="testAbaNumberCheck_25076_bad" classname="com.cardatechnologies.utils.validators.abaroutevalidator.Test_AbaRouteValidator_13a" time="0.018"/>
  <testcase name="testAbaNumberCheck_25633_good" classname="com.cardatechnologies.utils.validators.abaroutevalidator.Test_AbaRouteValidator_13a" time="0.019"/>
  <testcase name="testAbaNumberCheck_25528_bad" classname="com.cardatechnologies.utils.validators.abaroutevalidator.Test_AbaRouteValidator_13a" time="0.022"/>
  <testcase name="testAbaNumberCheck_25078_bad" classname="com.cardatechnologies.utils.validators.abaroutevalidator.Test_AbaRouteValidator_13a" time="0.021"/>
  <testcase name="testAbaNumberCheck_26447_good" classname="com.cardatechnologies.utils.validators.abaroutevalidator.Test_AbaRouteValidator_13a" time="0.021"/>
  <testcase name="testAbaNumberCheck_25507_good" classname="com.cardatechnologies.utils.validators.abaroutevalidator.Test_AbaRouteValidator_13a" time="0.02"/>
  <testcase name="testAbaNumberCheck_25471_good" classname="com.cardatechnologies.utils.validators.abaroutevalidator.Test_AbaRouteValidator_13a" time="0.022"/>
  <testcase name="testAbaNumberCheck_26285_good" classname="com.cardatechnologies.utils.validators.abaroutevalidator.Test_AbaRouteValidator_13a" time="0.021"/>
  <testcase name="testAbaNumberCheck_25345_good" classname="com.cardatechnologies.utils.validators.abaroutevalidator.Test_AbaRouteValidator_13a" time="0.025"/>
  <testcase name="testAbaNumberCheck_26943_good" classname="com.cardatechnologies.utils.validators.abaroutevalidator.Test_AbaRouteValidator_13a" time="0.024"/>
  <testcase name="testAbaNumberCheck_27099_good" classname="com.cardatechnologies.utils.validators.abaroutevalidator.Test_AbaRouteValidator_13a" time="0.021"/>
  <testcase name="testAbaNumberCheck_27150_bad" classname="com.cardatechnologies.utils.validators.abaroutevalidator.Test_AbaRouteValidator_13a" time="0.022"/>
  <testcase name="testAbaNumberCheck_26159_good" classname="com.cardatechnologies.utils.validators.abaroutevalidator.Test_AbaRouteValidator_13a" time="0.027"/>
  <testcase name="testAbaNumberCheck_25219_good" classname="com.cardatechnologies.utils.validators.abaroutevalidator.Test_AbaRouteValidator_13a" time="0.019"/>
  <testcase name="testAbaNumberCheck_27152_bad" classname="com.cardatechnologies.utils.validators.abaroutevalidator.Test_AbaRouteValidator_13a" time="0.021"/>
  <testcase name="testAbaNumberCheck_26817_good" classname="com.cardatechnologies.utils.validators.abaroutevalidator.Test_AbaRouteValidator_13a" time="0.021"/>
  <testcase name="testAbaNumberCheck_25183_good" classname="com.cardatechnologies.utils.validators.abaroutevalidator.Test_AbaRouteValidator_13a" time="0.022"/>
  <testcase name="testAbaNumberCheck_26340_bad" classname="com.cardatechnologies.utils.validators.abaroutevalidator.Test_AbaRouteValidator_13a" time="0.019"/>
  <testcase name="testAbaNumberCheck_27154_bad" classname="com.cardatechnologies.utils.validators.abaroutevalidator.Test_AbaRouteValidator_13a" time="0.019"/>
  <testcase name="testAbaNumberCheck_26342_bad" classname="com.cardatechnologies.utils.validators.abaroutevalidator.Test_AbaRouteValidator_13a" time="0.019"/>
  <testcase name="testAbaNumberCheck_26781_good" classname="com.cardatechnologies.utils.validators.abaroutevalidator.Test_AbaRouteValidator_13a" time="0.019"/>
  <testcase name="testAbaNumberCheck_27156_bad" classname="com.cardatechnologies.utils.validators.abaroutevalidator.Test_AbaRouteValidator_13a" time="0.02"/>
  <testcase name="testAbaNumberCheck_25841_good" classname="com.cardatechnologies.utils.validators.abaroutevalidator.Test_AbaRouteValidator_13a" time="0.02"/>
  <testcase name="testAbaNumberCheck_25530_bad" classname="com.cardatechnologies.utils.validators.abaroutevalidator.Test_AbaRouteValidator_13a" time="0.019"/>
  <testcase name="testAbaNumberCheck_26344_bad" classname="com.cardatechnologies.utils.validators.abaroutevalidator.Test_AbaRouteValidator_13a" time="0.022"/>
  <testcase name="testAbaNumberCheck_27158_bad" classname="com.cardatechnologies.utils.validators.abaroutevalidator.Test_AbaRouteValidator_13a" time="0.021"/>
  <testcase name="testAbaNumberCheck_25057_good" classname="com.cardatechnologies.utils.validators.abaroutevalidator.Test_AbaRouteValidator_13a" time="0.021"/>
  <testcase name="testAbaNumberCheck_25080_bad" classname="com.cardatechnologies.utils.validators.abaroutevalidator.Test_AbaRouteValidator_13a" time="0.02"/>
  <testcase name="testAbaNumberCheck_25532_bad" classname="com.cardatechnologies.utils.validators.abaroutevalidator.Test_AbaRouteValidator_13a" time="0.019"/>
  <testcase name="testAbaNumberCheck_26346_bad" classname="com.cardatechnologies.utils.validators.abaroutevalidator.Test_AbaRouteValidator_13a" time="0.018"/>
  <testcase name="testAbaNumberCheck_25082_bad" classname="com.cardatechnologies.utils.validators.abaroutevalidator.Test_AbaRouteValidator_13a" time="0.018"/>
  <testcase name="testAbaNumberCheck_26655_good" classname="com.cardatechnologies.utils.validators.abaroutevalidator.Test_AbaRouteValidator_13a" time="0.017"/>
  <testcase name="testAbaNumberCheck_25715_good" classname="com.cardatechnologies.utils.validators.abaroutevalidator.Test_AbaRouteValidator_13a" time="0.018"/>
  <testcase name="testAbaNumberCheck_25534_bad" classname="com.cardatechnologies.utils.validators.abaroutevalidator.Test_AbaRouteValidator_13a" time="0.018"/>
  <testcase name="testAbaNumberCheck_26348_bad" classname="com.cardatechnologies.utils.validators.abaroutevalidator.Test_AbaRouteValidator_13a" time="0.021"/>
  <testcase name="testAbaNumberCheck_25084_bad" classname="com.cardatechnologies.utils.validators.abaroutevalidator.Test_AbaRouteValidator_13a" time="0.021"/>
  <testcase name="testAbaNumberCheck_25536_bad" classname="com.cardatechnologies.utils.validators.abaroutevalidator.Test_AbaRouteValidator_13a" time="0.018"/>
  <testcase name="testAbaNumberCheck_25086_bad" classname="com.cardatechnologies.utils.validators.abaroutevalidator.Test_AbaRouteValidator_13a" time="0.018"/>
  <testcase name="testAbaNumberCheck_26529_good" classname="com.cardatechnologies.utils.validators.abaroutevalidator.Test_AbaRouteValidator_13a" time="0.025"/>
  <testcase name="testAbaNumberCheck_25538_bad" classname="com.cardatechnologies.utils.validators.abaroutevalidator.Test_AbaRouteValidator_13a" time="0.019"/>
  <testcase name="testAbaNumberCheck_25088_bad" classname="com.cardatechnologies.utils.validators.abaroutevalidator.Test_AbaRouteValidator_13a" time="0.021"/>
  <testcase name="testAbaNumberCheck_26493_good" classname="com.cardatechnologies.utils.validators.abaroutevalidator.Test_AbaRouteValidator_13a" time="0.02"/>
  <testcase name="testAbaNumberCheck_25553_good" classname="com.cardatechnologies.utils.validators.abaroutevalidator.Test_AbaRouteValidator_13a" time="0.02"/>
  <testcase name="testAbaNumberCheck_26367_good" classname="com.cardatechnologies.utils.validators.abaroutevalidator.Test_AbaRouteValidator_13a" time="0.021"/>
  <testcase name="testAbaNumberCheck_25427_good" classname="com.cardatechnologies.utils.validators.abaroutevalidator.Test_AbaRouteValidator_13a" time="0.022"/>
  <testcase name="testAbaNumberCheck_25391_good" classname="com.cardatechnologies.utils.validators.abaroutevalidator.Test_AbaRouteValidator_13a" time="0.022"/>
  <testcase name="testAbaNumberCheck_25265_good" classname="com.cardatechnologies.utils.validators.abaroutevalidator.Test_AbaRouteValidator_13a" time="0.019"/>
  <testcase name="testAbaNumberCheck_27160_bad" classname="com.cardatechnologies.utils.validators.abaroutevalidator.Test_AbaRouteValidator_13a" time="0.018"/>
  <testcase name="testAbaNumberCheck_27162_bad" classname="com.cardatechnologies.utils.validators.abaroutevalidator.Test_AbaRouteValidator_13a" time="0.022"/>
  <testcase name="testAbaNumberCheck_26863_good" classname="com.cardatechnologies.utils.validators.abaroutevalidator.Test_AbaRouteValidator_13a" time="0.019"/>
  <testcase name="testAbaNumberCheck_25923_good" classname="com.cardatechnologies.utils.validators.abaroutevalidator.Test_AbaRouteValidator_13a" time="0.019"/>
  <testcase name="testAbaNumberCheck_26800_bad" classname="com.cardatechnologies.utils.validators.abaroutevalidator.Test_AbaRouteValidator_13a" time="0.02"/>
  <testcase name="testAbaNumberCheck_26350_bad" classname="com.cardatechnologies.utils.validators.abaroutevalidator.Test_AbaRouteValidator_13a" time="0.018"/>
  <testcase name="testAbaNumberCheck_26079_good" classname="com.cardatechnologies.utils.validators.abaroutevalidator.Test_AbaRouteValidator_13a" time="0.019"/>
  <testcase name="testAbaNumberCheck_27164_bad" classname="com.cardatechnologies.utils.validators.abaroutevalidator.Test_AbaRouteValidator_13a" time="0.018"/>
  <testcase name="testAbaNumberCheck_25139_good" classname="com.cardatechnologies.utils.validators.abaroutevalidator.Test_AbaRouteValidator_13a" time="0.018"/>
  <testcase name="testAbaNumberCheck_26802_bad" classname="com.cardatechnologies.utils.validators.abaroutevalidator.Test_AbaRouteValidator_13a" time="0.019"/>
  <testcase name="testAbaNumberCheck_26352_bad" classname="com.cardatechnologies.utils.validators.abaroutevalidator.Test_AbaRouteValidator_13a" time="0.019"/>
  <testcase name="testAbaNumberCheck_27166_bad" classname="com.cardatechnologies.utils.validators.abaroutevalidator.Test_AbaRouteValidator_13a" time="0.018"/>
  <testcase name="testAbaNumberCheck_26737_good" classname="com.cardatechnologies.utils.validators.abaroutevalidator.Test_AbaRouteValidator_13a" time="0.019"/>
  <testcase name="testAbaNumberCheck_26804_bad" classname="com.cardatechnologies.utils.validators.abaroutevalidator.Test_AbaRouteValidator_13a" time="0.018"/>
  <testcase name="testAbaNumberCheck_25540_bad" classname="com.cardatechnologies.utils.validators.abaroutevalidator.Test_AbaRouteValidator_13a" time="0.025"/>
  <testcase name="testAbaNumberCheck_26354_bad" classname="com.cardatechnologies.utils.validators.abaroutevalidator.Test_AbaRouteValidator_13a" time="0.019"/>
  <testcase name="testAbaNumberCheck_27168_bad" classname="com.cardatechnologies.utils.validators.abaroutevalidator.Test_AbaRouteValidator_13a" time="0.019"/>
  <testcase name="testAbaNumberCheck_25090_bad" classname="com.cardatechnologies.utils.validators.abaroutevalidator.Test_AbaRouteValidator_13a" time="0.025"/>
  <testcase name="testAbaNumberCheck_26806_bad" classname="com.cardatechnologies.utils.validators.abaroutevalidator.Test_AbaRouteValidator_13a" time="0.021"/>
  <testcase name="testAbaNumberCheck_25542_bad" classname="com.cardatechnologies.utils.validators.abaroutevalidator.Test_AbaRouteValidator_13a" time="0.018"/>
  <testcase name="testAbaNumberCheck_26356_bad" classname="com.cardatechnologies.utils.validators.abaroutevalidator.Test_AbaRouteValidator_13a" time="0.019"/>
  <testcase name="testAbaNumberCheck_25761_good" classname="com.cardatechnologies.utils.validators.abaroutevalidator.Test_AbaRouteValidator_13a" time="0.019"/>
  <testcase name="testAbaNumberCheck_25092_bad" classname="com.cardatechnologies.utils.validators.abaroutevalidator.Test_AbaRouteValidator_13a" time="0.019"/>
  <testcase name="testAbaNumberCheck_26808_bad" classname="com.cardatechnologies.utils.validators.abaroutevalidator.Test_AbaRouteValidator_13a" time="0.018"/>
  <testcase name="testAbaNumberCheck_25544_bad" classname="com.cardatechnologies.utils.validators.abaroutevalidator.Test_AbaRouteValidator_13a" time="0.02"/>
  <testcase name="testAbaNumberCheck_26358_bad" classname="com.cardatechnologies.utils.validators.abaroutevalidator.Test_AbaRouteValidator_13a" time="0.018"/>
  <testcase name="testAbaNumberCheck_25094_bad" classname="com.cardatechnologies.utils.validators.abaroutevalidator.Test_AbaRouteValidator_13a" time="0.019"/>
  <testcase name="testAbaNumberCheck_25546_bad" classname="com.cardatechnologies.utils.validators.abaroutevalidator.Test_AbaRouteValidator_13a" time="0.018"/>
  <testcase name="testAbaNumberCheck_26575_good" classname="com.cardatechnologies.utils.validators.abaroutevalidator.Test_AbaRouteValidator_13a" time="0.019"/>
  <testcase name="testAbaNumberCheck_25096_bad" classname="com.cardatechnologies.utils.validators.abaroutevalidator.Test_AbaRouteValidator_13a" time="0.019"/>
  <testcase name="testAbaNumberCheck_25635_good" classname="com.cardatechnologies.utils.validators.abaroutevalidator.Test_AbaRouteValidator_13a" time="0.02"/>
  <testcase name="testAbaNumberCheck_25548_bad" classname="com.cardatechnologies.utils.validators.abaroutevalidator.Test_AbaRouteValidator_13a" time="0.018"/>
  <testcase name="testAbaNumberCheck_25098_bad" classname="com.cardatechnologies.utils.validators.abaroutevalidator.Test_AbaRouteValidator_13a" time="0.017"/>
  <testcase name="testAbaNumberCheck_26449_good" classname="com.cardatechnologies.utils.validators.abaroutevalidator.Test_AbaRouteValidator_13a" time="0.019"/>
  <testcase name="testAbaNumberCheck_25509_good" classname="com.cardatechnologies.utils.validators.abaroutevalidator.Test_AbaRouteValidator_13a" time="0.018"/>
  <testcase name="testAbaNumberCheck_25473_good" classname="com.cardatechnologies.utils.validators.abaroutevalidator.Test_AbaRouteValidator_13a" time="0.018"/>
  <testcase name="testAbaNumberCheck_26287_good" classname="com.cardatechnologies.utils.validators.abaroutevalidator.Test_AbaRouteValidator_13a" time="0.02"/>
  <testcase name="testAbaNumberCheck_25347_good" classname="com.cardatechnologies.utils.validators.abaroutevalidator.Test_AbaRouteValidator_13a" time="0.019"/>
  <testcase name="testAbaNumberCheck_26945_good" classname="com.cardatechnologies.utils.validators.abaroutevalidator.Test_AbaRouteValidator_13a" time="0.019"/>
  <testcase name="testAbaNumberCheck_27170_bad" classname="com.cardatechnologies.utils.validators.abaroutevalidator.Test_AbaRouteValidator_13a" time="0.019"/>
  <testcase name="testAbaNumberCheck_27172_bad" classname="com.cardatechnologies.utils.validators.abaroutevalidator.Test_AbaRouteValidator_13a" time="0.018"/>
  <testcase name="testAbaNumberCheck_26819_good" classname="com.cardatechnologies.utils.validators.abaroutevalidator.Test_AbaRouteValidator_13a" time="0.025"/>
  <testcase name="testAbaNumberCheck_26810_bad" classname="com.cardatechnologies.utils.validators.abaroutevalidator.Test_AbaRouteValidator_13a" time="0.019"/>
  <testcase name="testAbaNumberCheck_25185_good" classname="com.cardatechnologies.utils.validators.abaroutevalidator.Test_AbaRouteValidator_13a" time="0.018"/>
  <testcase name="testAbaNumberCheck_26360_bad" classname="com.cardatechnologies.utils.validators.abaroutevalidator.Test_AbaRouteValidator_13a" time="0.021"/>
  <testcase name="testAbaNumberCheck_27174_bad" classname="com.cardatechnologies.utils.validators.abaroutevalidator.Test_AbaRouteValidator_13a" time="0.023"/>
  <testcase name="testAbaNumberCheck_26812_bad" classname="com.cardatechnologies.utils.validators.abaroutevalidator.Test_AbaRouteValidator_13a" time="0.018"/>
  <testcase name="testAbaNumberCheck_26362_bad" classname="com.cardatechnologies.utils.validators.abaroutevalidator.Test_AbaRouteValidator_13a" time="0.018"/>
  <testcase name="testAbaNumberCheck_26783_good" classname="com.cardatechnologies.utils.validators.abaroutevalidator.Test_AbaRouteValidator_13a" time="0.018"/>
  <testcase name="testAbaNumberCheck_27176_bad" classname="com.cardatechnologies.utils.validators.abaroutevalidator.Test_AbaRouteValidator_13a" time="0.018"/>
  <testcase name="testAbaNumberCheck_25843_good" classname="com.cardatechnologies.utils.validators.abaroutevalidator.Test_AbaRouteValidator_13a" time="0.017"/>
  <testcase name="testAbaNumberCheck_26814_bad" classname="com.cardatechnologies.utils.validators.abaroutevalidator.Test_AbaRouteValidator_13a" time="0.018"/>
  <testcase name="testAbaNumberCheck_25550_bad" classname="com.cardatechnologies.utils.validators.abaroutevalidator.Test_AbaRouteValidator_13a" time="0.017"/>
  <testcase name="testAbaNumberCheck_26364_bad" classname="com.cardatechnologies.utils.validators.abaroutevalidator.Test_AbaRouteValidator_13a" time="0.018"/>
  <testcase name="testAbaNumberCheck_27178_bad" classname="com.cardatechnologies.utils.validators.abaroutevalidator.Test_AbaRouteValidator_13a" time="0.019"/>
  <testcase name="testAbaNumberCheck_25059_good" classname="com.cardatechnologies.utils.validators.abaroutevalidator.Test_AbaRouteValidator_13a" time="0.019"/>
  <testcase name="testAbaNumberCheck_26816_bad" classname="com.cardatechnologies.utils.validators.abaroutevalidator.Test_AbaRouteValidator_13a" time="0.017"/>
  <testcase name="testAbaNumberCheck_25552_bad" classname="com.cardatechnologies.utils.validators.abaroutevalidator.Test_AbaRouteValidator_13a" time="0.019"/>
  <testcase name="testAbaNumberCheck_26366_bad" classname="com.cardatechnologies.utils.validators.abaroutevalidator.Test_AbaRouteValidator_13a" time="0.017"/>
  <testcase name="testAbaNumberCheck_26657_good" classname="com.cardatechnologies.utils.validators.abaroutevalidator.Test_AbaRouteValidator_13a" time="0.017"/>
  <testcase name="testAbaNumberCheck_25717_good" classname="com.cardatechnologies.utils.validators.abaroutevalidator.Test_AbaRouteValidator_13a" time="0.018"/>
  <testcase name="testAbaNumberCheck_26818_bad" classname="com.cardatechnologies.utils.validators.abaroutevalidator.Test_AbaRouteValidator_13a" time="0.019"/>
  <testcase name="testAbaNumberCheck_25554_bad" classname="com.cardatechnologies.utils.validators.abaroutevalidator.Test_AbaRouteValidator_13a" time="0.021"/>
  <testcase name="testAbaNumberCheck_26368_bad" classname="com.cardatechnologies.utils.validators.abaroutevalidator.Test_AbaRouteValidator_13a" time="0.018"/>
  <testcase name="testAbaNumberCheck_25556_bad" classname="com.cardatechnologies.utils.validators.abaroutevalidator.Test_AbaRouteValidator_13a" time="0.017"/>
  <testcase name="testAbaNumberCheck_25681_good" classname="com.cardatechnologies.utils.validators.abaroutevalidator.Test_AbaRouteValidator_13a" time="0.018"/>
  <testcase name="testAbaNumberCheck_25558_bad" classname="com.cardatechnologies.utils.validators.abaroutevalidator.Test_AbaRouteValidator_13a" time="0.018"/>
  <testcase name="testAbaNumberCheck_26495_good" classname="com.cardatechnologies.utils.validators.abaroutevalidator.Test_AbaRouteValidator_13a" time="0.018"/>
  <testcase name="testAbaNumberCheck_25555_good" classname="com.cardatechnologies.utils.validators.abaroutevalidator.Test_AbaRouteValidator_13a" time="0.019"/>
  <testcase name="testAbaNumberCheck_26369_good" classname="com.cardatechnologies.utils.validators.abaroutevalidator.Test_AbaRouteValidator_13a" time="0.024"/>
  <testcase name="testAbaNumberCheck_25429_good" classname="com.cardatechnologies.utils.validators.abaroutevalidator.Test_AbaRouteValidator_13a" time="0.018"/>
  <testcase name="testAbaNumberCheck_25393_good" classname="com.cardatechnologies.utils.validators.abaroutevalidator.Test_AbaRouteValidator_13a" time="0.018"/>
  <testcase name="testAbaNumberCheck_26991_good" classname="com.cardatechnologies.utils.validators.abaroutevalidator.Test_AbaRouteValidator_13a" time="0.03"/>
  <testcase name="testAbaNumberCheck_25267_good" classname="com.cardatechnologies.utils.validators.abaroutevalidator.Test_AbaRouteValidator_13a" time="0.022"/>
  <testcase name="testAbaNumberCheck_27180_bad" classname="com.cardatechnologies.utils.validators.abaroutevalidator.Test_AbaRouteValidator_13a" time="0.02"/>
  <testcase name="testAbaNumberCheck_27182_bad" classname="com.cardatechnologies.utils.validators.abaroutevalidator.Test_AbaRouteValidator_13a" time="0.02"/>
  <testcase name="testAbaNumberCheck_26865_good" classname="com.cardatechnologies.utils.validators.abaroutevalidator.Test_AbaRouteValidator_13a" time="0.02"/>
  <testcase name="testAbaNumberCheck_25925_good" classname="com.cardatechnologies.utils.validators.abaroutevalidator.Test_AbaRouteValidator_13a" time="0.021"/>
  <testcase name="testAbaNumberCheck_26820_bad" classname="com.cardatechnologies.utils.validators.abaroutevalidator.Test_AbaRouteValidator_13a" time="0.017"/>
  <testcase name="testAbaNumberCheck_26370_bad" classname="com.cardatechnologies.utils.validators.abaroutevalidator.Test_AbaRouteValidator_13a" time="0.022"/>
  <testcase name="testAbaNumberCheck_27184_bad" classname="com.cardatechnologies.utils.validators.abaroutevalidator.Test_AbaRouteValidator_13a" time="0.02"/>
  <testcase name="testAbaNumberCheck_26822_bad" classname="com.cardatechnologies.utils.validators.abaroutevalidator.Test_AbaRouteValidator_13a" time="0.018"/>
  <testcase name="testAbaNumberCheck_26372_bad" classname="com.cardatechnologies.utils.validators.abaroutevalidator.Test_AbaRouteValidator_13a" time="0.018"/>
  <testcase name="testAbaNumberCheck_27186_bad" classname="com.cardatechnologies.utils.validators.abaroutevalidator.Test_AbaRouteValidator_13a" time="0.02"/>
  <testcase name="testAbaNumberCheck_26739_good" classname="com.cardatechnologies.utils.validators.abaroutevalidator.Test_AbaRouteValidator_13a" time="0.019"/>
  <testcase name="testAbaNumberCheck_26824_bad" classname="com.cardatechnologies.utils.validators.abaroutevalidator.Test_AbaRouteValidator_13a" time="0.019"/>
  <testcase name="testAbaNumberCheck_25560_bad" classname="com.cardatechnologies.utils.validators.abaroutevalidator.Test_AbaRouteValidator_13a" time="0.019"/>
  <testcase name="testAbaNumberCheck_26374_bad" classname="com.cardatechnologies.utils.validators.abaroutevalidator.Test_AbaRouteValidator_13a" time="0.019"/>
  <testcase name="testAbaNumberCheck_27188_bad" classname="com.cardatechnologies.utils.validators.abaroutevalidator.Test_AbaRouteValidator_13a" time="0.022"/>
  <testcase name="testAbaNumberCheck_26826_bad" classname="com.cardatechnologies.utils.validators.abaroutevalidator.Test_AbaRouteValidator_13a" time="0.019"/>
  <testcase name="testAbaNumberCheck_25562_bad" classname="com.cardatechnologies.utils.validators.abaroutevalidator.Test_AbaRouteValidator_13a" time="0.018"/>
  <testcase name="testAbaNumberCheck_26376_bad" classname="com.cardatechnologies.utils.validators.abaroutevalidator.Test_AbaRouteValidator_13a" time="0.02"/>
  <testcase name="testAbaNumberCheck_25763_good" classname="com.cardatechnologies.utils.validators.abaroutevalidator.Test_AbaRouteValidator_13a" time="0.019"/>
  <testcase name="testAbaNumberCheck_26828_bad" classname="com.cardatechnologies.utils.validators.abaroutevalidator.Test_AbaRouteValidator_13a" time="0.019"/>
  <testcase name="testAbaNumberCheck_25564_bad" classname="com.cardatechnologies.utils.validators.abaroutevalidator.Test_AbaRouteValidator_13a" time="0.018"/>
  <testcase name="testAbaNumberCheck_26378_bad" classname="com.cardatechnologies.utils.validators.abaroutevalidator.Test_AbaRouteValidator_13a" time="0.026"/>
  <testcase name="testAbaNumberCheck_25566_bad" classname="com.cardatechnologies.utils.validators.abaroutevalidator.Test_AbaRouteValidator_13a" time="0.018"/>
  <testcase name="testAbaNumberCheck_26577_good" classname="com.cardatechnologies.utils.validators.abaroutevalidator.Test_AbaRouteValidator_13a" time="0.018"/>
  <testcase name="testAbaNumberCheck_25637_good" classname="com.cardatechnologies.utils.validators.abaroutevalidator.Test_AbaRouteValidator_13a" time="0.018"/>
  <testcase name="testAbaNumberCheck_25568_bad" classname="com.cardatechnologies.utils.validators.abaroutevalidator.Test_AbaRouteValidator_13a" time="0.028"/>
  <testcase name="testAbaNumberCheck_25475_good" classname="com.cardatechnologies.utils.validators.abaroutevalidator.Test_AbaRouteValidator_13a" time="0.018"/>
  <testcase name="testAbaNumberCheck_26289_good" classname="com.cardatechnologies.utils.validators.abaroutevalidator.Test_AbaRouteValidator_13a" time="0.018"/>
  <testcase name="testAbaNumberCheck_25349_good" classname="com.cardatechnologies.utils.validators.abaroutevalidator.Test_AbaRouteValidator_13a" time="0.018"/>
  <testcase name="testAbaNumberCheck_26947_good" classname="com.cardatechnologies.utils.validators.abaroutevalidator.Test_AbaRouteValidator_13a" time="0.019"/>
  <testcase name="testAbaNumberCheck_27190_bad" classname="com.cardatechnologies.utils.validators.abaroutevalidator.Test_AbaRouteValidator_13a" time="0.019"/>
  <testcase name="testAbaNumberCheck_25971_good" classname="com.cardatechnologies.utils.validators.abaroutevalidator.Test_AbaRouteValidator_13a" time="0.019"/>
  <testcase name="testAbaNumberCheck_27192_bad" classname="com.cardatechnologies.utils.validators.abaroutevalidator.Test_AbaRouteValidator_13a" time="0.018"/>
  <testcase name="testAbaNumberCheck_26830_bad" classname="com.cardatechnologies.utils.validators.abaroutevalidator.Test_AbaRouteValidator_13a" time="0.018"/>
  <testcase name="testAbaNumberCheck_25187_good" classname="com.cardatechnologies.utils.validators.abaroutevalidator.Test_AbaRouteValidator_13a" time="0.017"/>
  <testcase name="testAbaNumberCheck_26380_bad" classname="com.cardatechnologies.utils.validators.abaroutevalidator.Test_AbaRouteValidator_13a" time="0.019"/>
  <testcase name="testAbaNumberCheck_27194_bad" classname="com.cardatechnologies.utils.validators.abaroutevalidator.Test_AbaRouteValidator_13a" time="0.017"/>
  <testcase name="testAbaNumberCheck_26832_bad" classname="com.cardatechnologies.utils.validators.abaroutevalidator.Test_AbaRouteValidator_13a" time="0.018"/>
  <testcase name="testAbaNumberCheck_26382_bad" classname="com.cardatechnologies.utils.validators.abaroutevalidator.Test_AbaRouteValidator_13a" time="0.018"/>
  <testcase name="testAbaNumberCheck_26785_good" classname="com.cardatechnologies.utils.validators.abaroutevalidator.Test_AbaRouteValidator_13a" time="0.017"/>
  <testcase name="testAbaNumberCheck_27196_bad" classname="com.cardatechnologies.utils.validators.abaroutevalidator.Test_AbaRouteValidator_13a" time="0.017"/>
  <testcase name="testAbaNumberCheck_25845_good" classname="com.cardatechnologies.utils.validators.abaroutevalidator.Test_AbaRouteValidator_13a" time="0.019"/>
  <testcase name="testAbaNumberCheck_26834_bad" classname="com.cardatechnologies.utils.validators.abaroutevalidator.Test_AbaRouteValidator_13a" time="0.018"/>
  <testcase name="testAbaNumberCheck_25570_bad" classname="com.cardatechnologies.utils.validators.abaroutevalidator.Test_AbaRouteValidator_13a" time="0.018"/>
  <testcase name="testAbaNumberCheck_26384_bad" classname="com.cardatechnologies.utils.validators.abaroutevalidator.Test_AbaRouteValidator_13a" time="0.019"/>
  <testcase name="testAbaNumberCheck_27198_bad" classname="com.cardatechnologies.utils.validators.abaroutevalidator.Test_AbaRouteValidator_13a" time="0.018"/>
  <testcase name="testAbaNumberCheck_26836_bad" classname="com.cardatechnologies.utils.validators.abaroutevalidator.Test_AbaRouteValidator_13a" time="0.017"/>
  <testcase name="testAbaNumberCheck_25572_bad" classname="com.cardatechnologies.utils.validators.abaroutevalidator.Test_AbaRouteValidator_13a" time="0.019"/>
  <testcase name="testAbaNumberCheck_26386_bad" classname="com.cardatechnologies.utils.validators.abaroutevalidator.Test_AbaRouteValidator_13a" time="0.019"/>
  <testcase name="testAbaNumberCheck_26659_good" classname="com.cardatechnologies.utils.validators.abaroutevalidator.Test_AbaRouteValidator_13a" time="0.03"/>
  <testcase name="testAbaNumberCheck_25719_good" classname="com.cardatechnologies.utils.validators.abaroutevalidator.Test_AbaRouteValidator_13a" time="0.021"/>
  <testcase name="testAbaNumberCheck_26838_bad" classname="com.cardatechnologies.utils.validators.abaroutevalidator.Test_AbaRouteValidator_13a" time="0.019"/>
  <testcase name="testAbaNumberCheck_25574_bad" classname="com.cardatechnologies.utils.validators.abaroutevalidator.Test_AbaRouteValidator_13a" time="0.028"/>
  <testcase name="testAbaNumberCheck_26388_bad" classname="com.cardatechnologies.utils.validators.abaroutevalidator.Test_AbaRouteValidator_13a" time="0.019"/>
  <testcase name="testAbaNumberCheck_25576_bad" classname="com.cardatechnologies.utils.validators.abaroutevalidator.Test_AbaRouteValidator_13a" time="0.02"/>
  <testcase name="testAbaNumberCheck_25683_good" classname="com.cardatechnologies.utils.validators.abaroutevalidator.Test_AbaRouteValidator_13a" time="0.019"/>
  <testcase name="testAbaNumberCheck_25578_bad" classname="com.cardatechnologies.utils.validators.abaroutevalidator.Test_AbaRouteValidator_13a" time="0.02"/>
  <testcase name="testAbaNumberCheck_26497_good" classname="com.cardatechnologies.utils.validators.abaroutevalidator.Test_AbaRouteValidator_13a" time="0.02"/>
  <testcase name="testAbaNumberCheck_25557_good" classname="com.cardatechnologies.utils.validators.abaroutevalidator.Test_AbaRouteValidator_13a" time="0.017"/>
  <testcase name="testAbaNumberCheck_25395_good" classname="com.cardatechnologies.utils.validators.abaroutevalidator.Test_AbaRouteValidator_13a" time="0.019"/>
  <testcase name="testAbaNumberCheck_26993_good" classname="com.cardatechnologies.utils.validators.abaroutevalidator.Test_AbaRouteValidator_13a" time="0.017"/>
  <testcase name="testAbaNumberCheck_25269_good" classname="com.cardatechnologies.utils.validators.abaroutevalidator.Test_AbaRouteValidator_13a" time="0.019"/>
  <testcase name="testAbaNumberCheck_26867_good" classname="com.cardatechnologies.utils.validators.abaroutevalidator.Test_AbaRouteValidator_13a" time="0.018"/>
  <testcase name="testAbaNumberCheck_25927_good" classname="com.cardatechnologies.utils.validators.abaroutevalidator.Test_AbaRouteValidator_13a" time="0.018"/>
  <testcase name="testAbaNumberCheck_26840_bad" classname="com.cardatechnologies.utils.validators.abaroutevalidator.Test_AbaRouteValidator_13a" time="0.018"/>
  <testcase name="testAbaNumberCheck_26390_bad" classname="com.cardatechnologies.utils.validators.abaroutevalidator.Test_AbaRouteValidator_13a" time="0.018"/>
  <testcase name="testAbaNumberCheck_26842_bad" classname="com.cardatechnologies.utils.validators.abaroutevalidator.Test_AbaRouteValidator_13a" time="0.018"/>
  <testcase name="testAbaNumberCheck_25891_good" classname="com.cardatechnologies.utils.validators.abaroutevalidator.Test_AbaRouteValidator_13a" time="0.019"/>
  <testcase name="testAbaNumberCheck_26392_bad" classname="com.cardatechnologies.utils.validators.abaroutevalidator.Test_AbaRouteValidator_13a" time="0.018"/>
  <testcase name="testAbaNumberCheck_26844_bad" classname="com.cardatechnologies.utils.validators.abaroutevalidator.Test_AbaRouteValidator_13a" time="0.019"/>
  <testcase name="testAbaNumberCheck_25580_bad" classname="com.cardatechnologies.utils.validators.abaroutevalidator.Test_AbaRouteValidator_13a" time="0.018"/>
  <testcase name="testAbaNumberCheck_26394_bad" classname="com.cardatechnologies.utils.validators.abaroutevalidator.Test_AbaRouteValidator_13a" time="0.018"/>
  <testcase name="testAbaNumberCheck_26846_bad" classname="com.cardatechnologies.utils.validators.abaroutevalidator.Test_AbaRouteValidator_13a" time="0.017"/>
  <testcase name="testAbaNumberCheck_25582_bad" classname="com.cardatechnologies.utils.validators.abaroutevalidator.Test_AbaRouteValidator_13a" time="0.019"/>
  <testcase name="testAbaNumberCheck_26396_bad" classname="com.cardatechnologies.utils.validators.abaroutevalidator.Test_AbaRouteValidator_13a" time="0.019"/>
  <testcase name="testAbaNumberCheck_25765_good" classname="com.cardatechnologies.utils.validators.abaroutevalidator.Test_AbaRouteValidator_13a" time="0.017"/>
  <testcase name="testAbaNumberCheck_26848_bad" classname="com.cardatechnologies.utils.validators.abaroutevalidator.Test_AbaRouteValidator_13a" time="0.022"/>
  <testcase name="testAbaNumberCheck_25584_bad" classname="com.cardatechnologies.utils.validators.abaroutevalidator.Test_AbaRouteValidator_13a" time="0.022"/>
  <testcase name="testAbaNumberCheck_26398_bad" classname="com.cardatechnologies.utils.validators.abaroutevalidator.Test_AbaRouteValidator_13a" time="0.017"/>
  <testcase name="testAbaNumberCheck_25586_bad" classname="com.cardatechnologies.utils.validators.abaroutevalidator.Test_AbaRouteValidator_13a" time="0.023"/>
  <testcase name="testAbaNumberCheck_26579_good" classname="com.cardatechnologies.utils.validators.abaroutevalidator.Test_AbaRouteValidator_13a" time="0.024"/>
  <testcase name="testAbaNumberCheck_25639_good" classname="com.cardatechnologies.utils.validators.abaroutevalidator.Test_AbaRouteValidator_13a" time="0.017"/>
  <testcase name="testAbaNumberCheck_25588_bad" classname="com.cardatechnologies.utils.validators.abaroutevalidator.Test_AbaRouteValidator_13a" time="0.018"/>
  <testcase name="testAbaNumberCheck_25477_good" classname="com.cardatechnologies.utils.validators.abaroutevalidator.Test_AbaRouteValidator_13a" time="0.017"/>
  <testcase name="testAbaNumberCheck_26949_good" classname="com.cardatechnologies.utils.validators.abaroutevalidator.Test_AbaRouteValidator_13a" time="0.018"/>
  <testcase name="testAbaNumberCheck_25973_good" classname="com.cardatechnologies.utils.validators.abaroutevalidator.Test_AbaRouteValidator_13a" time="0.018"/>
  <testcase name="testAbaNumberCheck_26850_bad" classname="com.cardatechnologies.utils.validators.abaroutevalidator.Test_AbaRouteValidator_13a" time="0.018"/>
  <testcase name="testAbaNumberCheck_25189_good" classname="com.cardatechnologies.utils.validators.abaroutevalidator.Test_AbaRouteValidator_13a" time="0.018"/>
  <testcase name="testAbaNumberCheck_26852_bad" classname="com.cardatechnologies.utils.validators.abaroutevalidator.Test_AbaRouteValidator_13a" time="0.018"/>
  <testcase name="testAbaNumberCheck_26787_good" classname="com.cardatechnologies.utils.validators.abaroutevalidator.Test_AbaRouteValidator_13a" time="0.019"/>
  <testcase name="testAbaNumberCheck_25847_good" classname="com.cardatechnologies.utils.validators.abaroutevalidator.Test_AbaRouteValidator_13a" time="0.018"/>
  <testcase name="testAbaNumberCheck_26854_bad" classname="com.cardatechnologies.utils.validators.abaroutevalidator.Test_AbaRouteValidator_13a" time="0.018"/>
  <testcase name="testAbaNumberCheck_25590_bad" classname="com.cardatechnologies.utils.validators.abaroutevalidator.Test_AbaRouteValidator_13a" time="0.018"/>
  <testcase name="testAbaNumberCheck_26856_bad" classname="com.cardatechnologies.utils.validators.abaroutevalidator.Test_AbaRouteValidator_13a" time="0.017"/>
  <testcase name="testAbaNumberCheck_25592_bad" classname="com.cardatechnologies.utils.validators.abaroutevalidator.Test_AbaRouteValidator_13a" time="0.018"/>
  <testcase name="testAbaNumberCheck_26858_bad" classname="com.cardatechnologies.utils.validators.abaroutevalidator.Test_AbaRouteValidator_13a" time="0.019"/>
  <testcase name="testAbaNumberCheck_25594_bad" classname="com.cardatechnologies.utils.validators.abaroutevalidator.Test_AbaRouteValidator_13a" time="0.018"/>
  <testcase name="testAbaNumberCheck_25596_bad" classname="com.cardatechnologies.utils.validators.abaroutevalidator.Test_AbaRouteValidator_13a" time="0.018"/>
  <testcase name="testAbaNumberCheck_25685_good" classname="com.cardatechnologies.utils.validators.abaroutevalidator.Test_AbaRouteValidator_13a" time="0.018"/>
  <testcase name="testAbaNumberCheck_25598_bad" classname="com.cardatechnologies.utils.validators.abaroutevalidator.Test_AbaRouteValidator_13a" time="0.017"/>
  <testcase name="testAbaNumberCheck_26499_good" classname="com.cardatechnologies.utils.validators.abaroutevalidator.Test_AbaRouteValidator_13a" time="0.018"/>
  <testcase name="testAbaNumberCheck_25559_good" classname="com.cardatechnologies.utils.validators.abaroutevalidator.Test_AbaRouteValidator_13a" time="0.019"/>
  <testcase name="testAbaNumberCheck_25397_good" classname="com.cardatechnologies.utils.validators.abaroutevalidator.Test_AbaRouteValidator_13a" time="0.017"/>
  <testcase name="testAbaNumberCheck_26995_good" classname="com.cardatechnologies.utils.validators.abaroutevalidator.Test_AbaRouteValidator_13a" time="0.017"/>
  <testcase name="testAbaNumberCheck_26869_good" classname="com.cardatechnologies.utils.validators.abaroutevalidator.Test_AbaRouteValidator_13a" time="0.027"/>
  <testcase name="testAbaNumberCheck_25929_good" classname="com.cardatechnologies.utils.validators.abaroutevalidator.Test_AbaRouteValidator_13a" time="0.017"/>
  <testcase name="testAbaNumberCheck_26860_bad" classname="com.cardatechnologies.utils.validators.abaroutevalidator.Test_AbaRouteValidator_13a" time="0.017"/>
  <testcase name="testAbaNumberCheck_26862_bad" classname="com.cardatechnologies.utils.validators.abaroutevalidator.Test_AbaRouteValidator_13a" time="0.018"/>
  <testcase name="testAbaNumberCheck_25893_good" classname="com.cardatechnologies.utils.validators.abaroutevalidator.Test_AbaRouteValidator_13a" time="0.028"/>
  <testcase name="testAbaNumberCheck_26864_bad" classname="com.cardatechnologies.utils.validators.abaroutevalidator.Test_AbaRouteValidator_13a" time="0.018"/>
  <testcase name="testAbaNumberCheck_26866_bad" classname="com.cardatechnologies.utils.validators.abaroutevalidator.Test_AbaRouteValidator_13a" time="0.022"/>
  <testcase name="testAbaNumberCheck_25767_good" classname="com.cardatechnologies.utils.validators.abaroutevalidator.Test_AbaRouteValidator_13a" time="0.018"/>
  <testcase name="testAbaNumberCheck_26868_bad" classname="com.cardatechnologies.utils.validators.abaroutevalidator.Test_AbaRouteValidator_13a" time="0.017"/>
  <testcase name="testAbaNumberCheck_25479_good" classname="com.cardatechnologies.utils.validators.abaroutevalidator.Test_AbaRouteValidator_13a" time="0.019"/>
  <testcase name="testAbaNumberCheck_25975_good" classname="com.cardatechnologies.utils.validators.abaroutevalidator.Test_AbaRouteValidator_13a" time="0.018"/>
  <testcase name="testAbaNumberCheck_26870_bad" classname="com.cardatechnologies.utils.validators.abaroutevalidator.Test_AbaRouteValidator_13a" time="0.017"/>
  <testcase name="testAbaNumberCheck_26872_bad" classname="com.cardatechnologies.utils.validators.abaroutevalidator.Test_AbaRouteValidator_13a" time="0.018"/>
  <testcase name="testAbaNumberCheck_26789_good" classname="com.cardatechnologies.utils.validators.abaroutevalidator.Test_AbaRouteValidator_13a" time="0.018"/>
  <testcase name="testAbaNumberCheck_25849_good" classname="com.cardatechnologies.utils.validators.abaroutevalidator.Test_AbaRouteValidator_13a" time="0.019"/>
  <testcase name="testAbaNumberCheck_26874_bad" classname="com.cardatechnologies.utils.validators.abaroutevalidator.Test_AbaRouteValidator_13a" time="0.018"/>
  <testcase name="testAbaNumberCheck_26876_bad" classname="com.cardatechnologies.utils.validators.abaroutevalidator.Test_AbaRouteValidator_13a" time="0.018"/>
  <testcase name="testAbaNumberCheck_26878_bad" classname="com.cardatechnologies.utils.validators.abaroutevalidator.Test_AbaRouteValidator_13a" time="0.018"/>
  <testcase name="testAbaNumberCheck_25687_good" classname="com.cardatechnologies.utils.validators.abaroutevalidator.Test_AbaRouteValidator_13a" time="0.018"/>
  <testcase name="testAbaNumberCheck_25399_good" classname="com.cardatechnologies.utils.validators.abaroutevalidator.Test_AbaRouteValidator_13a" time="0.021"/>
  <testcase name="testAbaNumberCheck_26997_good" classname="com.cardatechnologies.utils.validators.abaroutevalidator.Test_AbaRouteValidator_13a" time="0.021"/>
  <testcase name="testAbaNumberCheck_26880_bad" classname="com.cardatechnologies.utils.validators.abaroutevalidator.Test_AbaRouteValidator_13a" time="0.022"/>
  <testcase name="testAbaNumberCheck_26882_bad" classname="com.cardatechnologies.utils.validators.abaroutevalidator.Test_AbaRouteValidator_13a" time="0.022"/>
  <testcase name="testAbaNumberCheck_25895_good" classname="com.cardatechnologies.utils.validators.abaroutevalidator.Test_AbaRouteValidator_13a" time="0.021"/>
  <testcase name="testAbaNumberCheck_26884_bad" classname="com.cardatechnologies.utils.validators.abaroutevalidator.Test_AbaRouteValidator_13a" time="0.021"/>
  <testcase name="testAbaNumberCheck_26886_bad" classname="com.cardatechnologies.utils.validators.abaroutevalidator.Test_AbaRouteValidator_13a" time="0.021"/>
  <testcase name="testAbaNumberCheck_25769_good" classname="com.cardatechnologies.utils.validators.abaroutevalidator.Test_AbaRouteValidator_13a" time="0.025"/>
  <testcase name="testAbaNumberCheck_26888_bad" classname="com.cardatechnologies.utils.validators.abaroutevalidator.Test_AbaRouteValidator_13a" time="0.023"/>
  <testcase name="testAbaNumberCheck_25977_good" classname="com.cardatechnologies.utils.validators.abaroutevalidator.Test_AbaRouteValidator_13a" time="0.02"/>
  <testcase name="testAbaNumberCheck_26890_bad" classname="com.cardatechnologies.utils.validators.abaroutevalidator.Test_AbaRouteValidator_13a" time="0.017"/>
  <testcase name="testAbaNumberCheck_26892_bad" classname="com.cardatechnologies.utils.validators.abaroutevalidator.Test_AbaRouteValidator_13a" time="0.026"/>
  <testcase name="testAbaNumberCheck_26894_bad" classname="com.cardatechnologies.utils.validators.abaroutevalidator.Test_AbaRouteValidator_13a" time="0.018"/>
  <testcase name="testAbaNumberCheck_26896_bad" classname="com.cardatechnologies.utils.validators.abaroutevalidator.Test_AbaRouteValidator_13a" time="0.017"/>
  <testcase name="testAbaNumberCheck_26898_bad" classname="com.cardatechnologies.utils.validators.abaroutevalidator.Test_AbaRouteValidator_13a" time="0.019"/>
  <testcase name="testAbaNumberCheck_25689_good" classname="com.cardatechnologies.utils.validators.abaroutevalidator.Test_AbaRouteValidator_13a" time="0.018"/>
  <testcase name="testAbaNumberCheck_26999_good" classname="com.cardatechnologies.utils.validators.abaroutevalidator.Test_AbaRouteValidator_13a" time="0.027"/>
  <testcase name="testAbaNumberCheck_25897_good" classname="com.cardatechnologies.utils.validators.abaroutevalidator.Test_AbaRouteValidator_13a" time="0.017"/>
  <testcase name="testAbaNumberCheck_25979_good" classname="com.cardatechnologies.utils.validators.abaroutevalidator.Test_AbaRouteValidator_13a" time="0.018"/>
  <testcase name="testAbaNumberCheck_27001_good" classname="com.cardatechnologies.utils.validators.abaroutevalidator.Test_AbaRouteValidator_13a" time="0.018"/>
  <testcase name="testAbaNumberCheck_25899_good" classname="com.cardatechnologies.utils.validators.abaroutevalidator.Test_AbaRouteValidator_13a" time="0.019"/>
  <testcase name="testAbaNumberCheck_27003_good" classname="com.cardatechnologies.utils.validators.abaroutevalidator.Test_AbaRouteValidator_13a" time="0.018"/>
  <testcase name="testAbaNumberCheck_27131_good" classname="com.cardatechnologies.utils.validators.abaroutevalidator.Test_AbaRouteValidator_13a" time="0.018"/>
  <testcase name="testAbaNumberCheck_27005_good" classname="com.cardatechnologies.utils.validators.abaroutevalidator.Test_AbaRouteValidator_13a" time="0.018"/>
  <testcase name="testAbaNumberCheck_27051_good" classname="com.cardatechnologies.utils.validators.abaroutevalidator.Test_AbaRouteValidator_13a" time="0.018"/>
  <testcase name="testAbaNumberCheck_26111_good" classname="com.cardatechnologies.utils.validators.abaroutevalidator.Test_AbaRouteValidator_13a" time="0.018"/>
  <testcase name="testAbaNumberCheck_27133_good" classname="com.cardatechnologies.utils.validators.abaroutevalidator.Test_AbaRouteValidator_13a" time="0.019"/>
  <testcase name="testAbaNumberCheck_27007_good" classname="com.cardatechnologies.utils.validators.abaroutevalidator.Test_AbaRouteValidator_13a" time="0.018"/>
  <testcase name="testAbaNumberCheck_26031_good" classname="com.cardatechnologies.utils.validators.abaroutevalidator.Test_AbaRouteValidator_13a" time="0.019"/>
  <testcase name="testAbaNumberCheck_26401_good" classname="com.cardatechnologies.utils.validators.abaroutevalidator.Test_AbaRouteValidator_13a" time="0.018"/>
  <testcase name="testAbaNumberCheck_27053_good" classname="com.cardatechnologies.utils.validators.abaroutevalidator.Test_AbaRouteValidator_13a" time="0.021"/>
  <testcase name="testAbaNumberCheck_26113_good" classname="com.cardatechnologies.utils.validators.abaroutevalidator.Test_AbaRouteValidator_13a" time="0.024"/>
  <testcase name="testAbaNumberCheck_25011_good" classname="com.cardatechnologies.utils.validators.abaroutevalidator.Test_AbaRouteValidator_13a" time="0.023"/>
  <testcase name="testAbaNumberCheck_26321_good" classname="com.cardatechnologies.utils.validators.abaroutevalidator.Test_AbaRouteValidator_13a" time="0.021"/>
  <testcase name="testAbaNumberCheck_27135_good" classname="com.cardatechnologies.utils.validators.abaroutevalidator.Test_AbaRouteValidator_13a" time="0.023"/>
  <testcase name="testAbaNumberCheck_27009_good" classname="com.cardatechnologies.utils.validators.abaroutevalidator.Test_AbaRouteValidator_13a" time="0.021"/>
  <testcase name="testAbaNumberCheck_26033_good" classname="com.cardatechnologies.utils.validators.abaroutevalidator.Test_AbaRouteValidator_13a" time="0.017"/>
  <testcase name="testAbaNumberCheck_26403_good" classname="com.cardatechnologies.utils.validators.abaroutevalidator.Test_AbaRouteValidator_13a" time="0.022"/>
  <testcase name="testAbaNumberCheck_27181_good" classname="com.cardatechnologies.utils.validators.abaroutevalidator.Test_AbaRouteValidator_13a" time="0.023"/>
  <testcase name="testAbaNumberCheck_26241_good" classname="com.cardatechnologies.utils.validators.abaroutevalidator.Test_AbaRouteValidator_13a" time="0.018"/>
  <testcase name="testAbaNumberCheck_25301_good" classname="com.cardatechnologies.utils.validators.abaroutevalidator.Test_AbaRouteValidator_13a" time="0.018"/>
  <testcase name="testAbaNumberCheck_27055_good" classname="com.cardatechnologies.utils.validators.abaroutevalidator.Test_AbaRouteValidator_13a" time="0.017"/>
  <testcase name="testAbaNumberCheck_26115_good" classname="com.cardatechnologies.utils.validators.abaroutevalidator.Test_AbaRouteValidator_13a" time="0.019"/>
  <testcase name="testAbaNumberCheck_25013_good" classname="com.cardatechnologies.utils.validators.abaroutevalidator.Test_AbaRouteValidator_13a" time="0.018"/>
  <testcase name="testAbaNumberCheck_26611_good" classname="com.cardatechnologies.utils.validators.abaroutevalidator.Test_AbaRouteValidator_13a" time="0.018"/>
  <testcase name="testAbaNumberCheck_26323_good" classname="com.cardatechnologies.utils.validators.abaroutevalidator.Test_AbaRouteValidator_13a" time="0.017"/>
[...]
  <testcase name="testAbaNumberCheck_25917_good" classname="com.cardatechnologies.utils.validators.abaroutevalidator.Test_AbaRouteValidator_13a" time="0.018"/>
  <testcase name="testAbaNumberCheck_26740_bad" classname="com.cardatechnologies.utils.validators.abaroutevalidator.Test_AbaRouteValidator_13a" time="0.018"/>
  <testcase name="testAbaNumberCheck_26290_bad" classname="com.cardatechnologies.utils.validators.abaroutevalidator.Test_AbaRouteValidator_13a" time="0.018"/>
  <testcase name="testAbaNumberCheck_26742_bad" classname="com.cardatechnologies.utils.validators.abaroutevalidator.Test_AbaRouteValidator_13a" time="0.017"/>
  <testcase name="testAbaNumberCheck_25881_good" classname="com.cardatechnologies.utils.validators.abaroutevalidator.Test_AbaRouteValidator_13a" time="0.018"/>
  <testcase name="testAbaNumberCheck_26292_bad" classname="com.cardatechnologies.utils.validators.abaroutevalidator.Test_AbaRouteValidator_13a" time="0.018"/>
  <testcase name="testAbaNumberCheck_25930_bad" classname="com.cardatechnologies.utils.validators.abaroutevalidator.Test_AbaRouteValidator_13a" time="0.017"/>
  <testcase name="testAbaNumberCheck_26744_bad" classname="com.cardatechnologies.utils.validators.abaroutevalidator.Test_AbaRouteValidator_13a" time="0.022"/>
  <testcase name="testAbaNumberCheck_25097_good" classname="com.cardatechnologies.utils.validators.abaroutevalidator.Test_AbaRouteValidator_13a" time="0.021"/>
  <testcase name="testAbaNumberCheck_25480_bad" classname="com.cardatechnologies.utils.validators.abaroutevalidator.Test_AbaRouteValidator_13a" time="0.018"/>
  <testcase name="testAbaNumberCheck_26294_bad" classname="com.cardatechnologies.utils.validators.abaroutevalidator.Test_AbaRouteValidator_13a" time="0.018"/>
  <testcase name="testAbaNumberCheck_25932_bad" classname="com.cardatechnologies.utils.validators.abaroutevalidator.Test_AbaRouteValidator_13a" time="0.018"/>
  <testcase name="testAbaNumberCheck_26746_bad" classname="com.cardatechnologies.utils.validators.abaroutevalidator.Test_AbaRouteValidator_13a" time="0.017"/>
  <testcase name="testAbaNumberCheck_25482_bad" classname="com.cardatechnologies.utils.validators.abaroutevalidator.Test_AbaRouteValidator_13a" time="0.022"/>
  <testcase name="testAbaNumberCheck_26695_good" classname="com.cardatechnologies.utils.validators.abaroutevalidator.Test_AbaRouteValidator_13a" time="0.025"/>
  <testcase name="testAbaNumberCheck_26296_bad" classname="com.cardatechnologies.utils.validators.abaroutevalidator.Test_AbaRouteValidator_13a" time="0.023"/>
  <testcase name="testAbaNumberCheck_25755_good" classname="com.cardatechnologies.utils.validators.abaroutevalidator.Test_AbaRouteValidator_13a" time="0.017"/>
  <testcase name="testAbaNumberCheck_25934_bad" classname="com.cardatechnologies.utils.validators.abaroutevalidator.Test_AbaRouteValidator_13a" time="0.019"/>
  <testcase name="testAbaNumberCheck_26748_bad" classname="com.cardatechnologies.utils.validators.abaroutevalidator.Test_AbaRouteValidator_13a" time="0.017"/>
  <testcase name="testAbaNumberCheck_25484_bad" classname="com.cardatechnologies.utils.validators.abaroutevalidator.Test_AbaRouteValidator_13a" time="0.019"/>
  <testcase name="testAbaNumberCheck_26298_bad" classname="com.cardatechnologies.utils.validators.abaroutevalidator.Test_AbaRouteValidator_13a" time="0.018"/>
  <testcase name="testAbaNumberCheck_25936_bad" classname="com.cardatechnologies.utils.validators.abaroutevalidator.Test_AbaRouteValidator_13a" time="0.017"/>
  <testcase name="testAbaNumberCheck_25486_bad" classname="com.cardatechnologies.utils.validators.abaroutevalidator.Test_AbaRouteValidator_13a" time="0.018"/>
  <testcase name="testAbaNumberCheck_26569_good" classname="com.cardatechnologies.utils.validators.abaroutevalidator.Test_AbaRouteValidator_13a" time="0.018"/>
  <testcase name="testAbaNumberCheck_25629_good" classname="com.cardatechnologies.utils.validators.abaroutevalidator.Test_AbaRouteValidator_13a" time="0.018"/>
  <testcase name="testAbaNumberCheck_25938_bad" classname="com.cardatechnologies.utils.validators.abaroutevalidator.Test_AbaRouteValidator_13a" time="0.018"/>
  <testcase name="testAbaNumberCheck_25488_bad" classname="com.cardatechnologies.utils.validators.abaroutevalidator.Test_AbaRouteValidator_13a" time="0.018"/>
  <testcase name="testAbaNumberCheck_25593_good" classname="com.cardatechnologies.utils.validators.abaroutevalidator.Test_AbaRouteValidator_13a" time="0.018"/>
  <testcase name="testAbaNumberCheck_25467_good" classname="com.cardatechnologies.utils.validators.abaroutevalidator.Test_AbaRouteValidator_13a" time="0.018"/>
  <testcase name="testAbaNumberCheck_26939_good" classname="com.cardatechnologies.utils.validators.abaroutevalidator.Test_AbaRouteValidator_13a" time="0.018"/>
  <testcase name="testAbaNumberCheck_25963_good" classname="com.cardatechnologies.utils.validators.abaroutevalidator.Test_AbaRouteValidator_13a" time="0.017"/>
  <testcase name="testAbaNumberCheck_26750_bad" classname="com.cardatechnologies.utils.validators.abaroutevalidator.Test_AbaRouteValidator_13a" time="0.018"/>
  <testcase name="testAbaNumberCheck_25179_good" classname="com.cardatechnologies.utils.validators.abaroutevalidator.Test_AbaRouteValidator_13a" time="0.018"/>
  <testcase name="testAbaNumberCheck_26752_bad" classname="com.cardatechnologies.utils.validators.abaroutevalidator.Test_AbaRouteValidator_13a" time="0.017"/>
  <testcase name="testAbaNumberCheck_26777_good" classname="com.cardatechnologies.utils.validators.abaroutevalidator.Test_AbaRouteValidator_13a" time="0.018"/>
  <testcase name="testAbaNumberCheck_25837_good" classname="com.cardatechnologies.utils.validators.abaroutevalidator.Test_AbaRouteValidator_13a" time="0.022"/>
  <testcase name="testAbaNumberCheck_25940_bad" classname="com.cardatechnologies.utils.validators.abaroutevalidator.Test_AbaRouteValidator_13a" time="0.019"/>
  <testcase name="testAbaNumberCheck_26754_bad" classname="com.cardatechnologies.utils.validators.abaroutevalidator.Test_AbaRouteValidator_13a" time="0.018"/>
  <testcase name="testAbaNumberCheck_25490_bad" classname="com.cardatechnologies.utils.validators.abaroutevalidator.Test_AbaRouteValidator_13a" time="0.018"/>
  <testcase name="testAbaNumberCheck_25942_bad" classname="com.cardatechnologies.utils.validators.abaroutevalidator.Test_AbaRouteValidator_13a" time="0.018"/>
  <testcase name="testAbaNumberCheck_26756_bad" classname="com.cardatechnologies.utils.validators.abaroutevalidator.Test_AbaRouteValidator_13a" time="0.017"/>
  <testcase name="testAbaNumberCheck_25492_bad" classname="com.cardatechnologies.utils.validators.abaroutevalidator.Test_AbaRouteValidator_13a" time="0.017"/>
  <testcase name="testAbaNumberCheck_25944_bad" classname="com.cardatechnologies.utils.validators.abaroutevalidator.Test_AbaRouteValidator_13a" time="0.021"/>
  <testcase name="testAbaNumberCheck_26758_bad" classname="com.cardatechnologies.utils.validators.abaroutevalidator.Test_AbaRouteValidator_13a" time="0.024"/>
  <testcase name="testAbaNumberCheck_25494_bad" classname="com.cardatechnologies.utils.validators.abaroutevalidator.Test_AbaRouteValidator_13a" time="0.018"/>
  <testcase name="testAbaNumberCheck_25946_bad" classname="com.cardatechnologies.utils.validators.abaroutevalidator.Test_AbaRouteValidator_13a" time="0.017"/>
  <testcase name="testAbaNumberCheck_25496_bad" classname="com.cardatechnologies.utils.validators.abaroutevalidator.Test_AbaRouteValidator_13a" time="0.018"/>
  <testcase name="testAbaNumberCheck_25675_good" classname="com.cardatechnologies.utils.validators.abaroutevalidator.Test_AbaRouteValidator_13a" time="0.018"/>
  <testcase name="testAbaNumberCheck_25948_bad" classname="com.cardatechnologies.utils.validators.abaroutevalidator.Test_AbaRouteValidator_13a" time="0.018"/>
  <testcase name="testAbaNumberCheck_25498_bad" classname="com.cardatechnologies.utils.validators.abaroutevalidator.Test_AbaRouteValidator_13a" time="0.017"/>
  <testcase name="testAbaNumberCheck_26489_good" classname="com.cardatechnologies.utils.validators.abaroutevalidator.Test_AbaRouteValidator_13a" time="0.018"/>
  <testcase name="testAbaNumberCheck_25549_good" classname="com.cardatechnologies.utils.validators.abaroutevalidator.Test_AbaRouteValidator_13a" time="0.018"/>
  <testcase name="testAbaNumberCheck_25387_good" classname="com.cardatechnologies.utils.validators.abaroutevalidator.Test_AbaRouteValidator_13a" time="0.019"/>
  <testcase name="testAbaNumberCheck_26985_good" classname="com.cardatechnologies.utils.validators.abaroutevalidator.Test_AbaRouteValidator_13a" time="0.018"/>
  <testcase name="testAbaNumberCheck_26859_good" classname="com.cardatechnologies.utils.validators.abaroutevalidator.Test_AbaRouteValidator_13a" time="0.018"/>
  <testcase name="testAbaNumberCheck_25919_good" classname="com.cardatechnologies.utils.validators.abaroutevalidator.Test_AbaRouteValidator_13a" time="0.017"/>
  <testcase name="testAbaNumberCheck_26760_bad" classname="com.cardatechnologies.utils.validators.abaroutevalidator.Test_AbaRouteValidator_13a" time="0.019"/>
  <testcase name="testAbaNumberCheck_26762_bad" classname="com.cardatechnologies.utils.validators.abaroutevalidator.Test_AbaRouteValidator_13a" time="0.018"/>
  <testcase name="testAbaNumberCheck_25883_good" classname="com.cardatechnologies.utils.validators.abaroutevalidator.Test_AbaRouteValidator_13a" time="0.017"/>
  <testcase name="testAbaNumberCheck_25950_bad" classname="com.cardatechnologies.utils.validators.abaroutevalidator.Test_AbaRouteValidator_13a" time="0.019"/>
  <testcase name="testAbaNumberCheck_26764_bad" classname="com.cardatechnologies.utils.validators.abaroutevalidator.Test_AbaRouteValidator_13a" time="0.019"/>
  <testcase name="testAbaNumberCheck_25099_good" classname="com.cardatechnologies.utils.validators.abaroutevalidator.Test_AbaRouteValidator_13a" time="0.019"/>
  <testcase name="testAbaNumberCheck_25952_bad" classname="com.cardatechnologies.utils.validators.abaroutevalidator.Test_AbaRouteValidator_13a" time="0.018"/>
  <testcase name="testAbaNumberCheck_26766_bad" classname="com.cardatechnologies.utils.validators.abaroutevalidator.Test_AbaRouteValidator_13a" time="0.022"/>
  <testcase name="testAbaNumberCheck_26697_good" classname="com.cardatechnologies.utils.validators.abaroutevalidator.Test_AbaRouteValidator_13a" time="0.02"/>
  <testcase name="testAbaNumberCheck_25757_good" classname="com.cardatechnologies.utils.validators.abaroutevalidator.Test_AbaRouteValidator_13a" time="0.018"/>
  <testcase name="testAbaNumberCheck_25954_bad" classname="com.cardatechnologies.utils.validators.abaroutevalidator.Test_AbaRouteValidator_13a" time="0.018"/>
  <testcase name="testAbaNumberCheck_26768_bad" classname="com.cardatechnologies.utils.validators.abaroutevalidator.Test_AbaRouteValidator_13a" time="0.018"/>
  <testcase name="testAbaNumberCheck_25956_bad" classname="com.cardatechnologies.utils.validators.abaroutevalidator.Test_AbaRouteValidator_13a" time="0.022"/>
  <testcase name="testAbaNumberCheck_25958_bad" classname="com.cardatechnologies.utils.validators.abaroutevalidator.Test_AbaRouteValidator_13a" time="0.018"/>
  <testcase name="testAbaNumberCheck_25595_good" classname="com.cardatechnologies.utils.validators.abaroutevalidator.Test_AbaRouteValidator_13a" time="0.025"/>
  <testcase name="testAbaNumberCheck_25469_good" classname="com.cardatechnologies.utils.validators.abaroutevalidator.Test_AbaRouteValidator_13a" time="0.02"/>
  <testcase name="testAbaNumberCheck_25965_good" classname="com.cardatechnologies.utils.validators.abaroutevalidator.Test_AbaRouteValidator_13a" time="0.019"/>
  <testcase name="testAbaNumberCheck_26770_bad" classname="com.cardatechnologies.utils.validators.abaroutevalidator.Test_AbaRouteValidator_13a" time="0.019"/>
  <testcase name="testAbaNumberCheck_26772_bad" classname="com.cardatechnologies.utils.validators.abaroutevalidator.Test_AbaRouteValidator_13a" time="0.018"/>
  <testcase name="testAbaNumberCheck_26779_good" classname="com.cardatechnologies.utils.validators.abaroutevalidator.Test_AbaRouteValidator_13a" time="0.018"/>
  <testcase name="testAbaNumberCheck_25839_good" classname="com.cardatechnologies.utils.validators.abaroutevalidator.Test_AbaRouteValidator_13a" time="0.018"/>
  <testcase name="testAbaNumberCheck_25960_bad" classname="com.cardatechnologies.utils.validators.abaroutevalidator.Test_AbaRouteValidator_13a" time="0.018"/>
  <testcase name="testAbaNumberCheck_26774_bad" classname="com.cardatechnologies.utils.validators.abaroutevalidator.Test_AbaRouteValidator_13a" time="0.019"/>
  <testcase name="testAbaNumberCheck_25962_bad" classname="com.cardatechnologies.utils.validators.abaroutevalidator.Test_AbaRouteValidator_13a" time="0.018"/>
  <testcase name="testAbaNumberCheck_26776_bad" classname="com.cardatechnologies.utils.validators.abaroutevalidator.Test_AbaRouteValidator_13a" time="0.017"/>
  <testcase name="testAbaNumberCheck_25964_bad" classname="com.cardatechnologies.utils.validators.abaroutevalidator.Test_AbaRouteValidator_13a" time="0.018"/>
  <testcase name="testAbaNumberCheck_26778_bad" classname="com.cardatechnologies.utils.validators.abaroutevalidator.Test_AbaRouteValidator_13a" time="0.018"/>
  <testcase name="testAbaNumberCheck_25966_bad" classname="com.cardatechnologies.utils.validators.abaroutevalidator.Test_AbaRouteValidator_13a" time="0.018"/>
  <testcase name="testAbaNumberCheck_25677_good" classname="com.cardatechnologies.utils.validators.abaroutevalidator.Test_AbaRouteValidator_13a" time="0.018"/>
  <testcase name="testAbaNumberCheck_25968_bad" classname="com.cardatechnologies.utils.validators.abaroutevalidator.Test_AbaRouteValidator_13a" time="0.018"/>
  <testcase name="testAbaNumberCheck_25389_good" classname="com.cardatechnologies.utils.validators.abaroutevalidator.Test_AbaRouteValidator_13a" time="0.018"/>
  <testcase name="testAbaNumberCheck_26987_good" classname="com.cardatechnologies.utils.validators.abaroutevalidator.Test_AbaRouteValidator_13a" time="0.018"/>
  <testcase name="testAbaNumberCheck_26780_bad" classname="com.cardatechnologies.utils.validators.abaroutevalidator.Test_AbaRouteValidator_13a" time="0.018"/>
  <testcase name="testAbaNumberCheck_26782_bad" classname="com.cardatechnologies.utils.validators.abaroutevalidator.Test_AbaRouteValidator_13a" time="0.018"/>
  <testcase name="testAbaNumberCheck_25885_good" classname="com.cardatechnologies.utils.validators.abaroutevalidator.Test_AbaRouteValidator_13a" time="0.018"/>
  <testcase name="testAbaNumberCheck_25970_bad" classname="com.cardatechnologies.utils.validators.abaroutevalidator.Test_AbaRouteValidator_13a" time="0.026"/>
  <testcase name="testAbaNumberCheck_26784_bad" classname="com.cardatechnologies.utils.validators.abaroutevalidator.Test_AbaRouteValidator_13a" time="0.018"/>
  <testcase name="testAbaNumberCheck_25972_bad" classname="com.cardatechnologies.utils.validators.abaroutevalidator.Test_AbaRouteValidator_13a" time="0.041"/>
  <testcase name="testAbaNumberCheck_26786_bad" classname="com.cardatechnologies.utils.validators.abaroutevalidator.Test_AbaRouteValidator_13a" time="0.017"/>
  <testcase name="testAbaNumberCheck_26699_good" classname="com.cardatechnologies.utils.validators.abaroutevalidator.Test_AbaRouteValidator_13a" time="0.019"/>
  <testcase name="testAbaNumberCheck_25759_good" classname="com.cardatechnologies.utils.validators.abaroutevalidator.Test_AbaRouteValidator_13a" time="0.018"/>
  <testcase name="testAbaNumberCheck_25974_bad" classname="com.cardatechnologies.utils.validators.abaroutevalidator.Test_AbaRouteValidator_13a" time="0.025"/>
  <testcase name="testAbaNumberCheck_26788_bad" classname="com.cardatechnologies.utils.validators.abaroutevalidator.Test_AbaRouteValidator_13a" time="0.018"/>
  <testcase name="testAbaNumberCheck_25976_bad" classname="com.cardatechnologies.utils.validators.abaroutevalidator.Test_AbaRouteValidator_13a" time="0.018"/>
  <testcase name="testAbaNumberCheck_25978_bad" classname="com.cardatechnologies.utils.validators.abaroutevalidator.Test_AbaRouteValidator_13a" time="0.017"/>
  <testcase name="testAbaNumberCheck_25597_good" classname="com.cardatechnologies.utils.validators.abaroutevalidator.Test_AbaRouteValidator_13a" time="0.018"/>
  <testcase name="testAbaNumberCheck_25967_good" classname="com.cardatechnologies.utils.validators.abaroutevalidator.Test_AbaRouteValidator_13a" time="0.017"/>
  <testcase name="testAbaNumberCheck_26790_bad" classname="com.cardatechnologies.utils.validators.abaroutevalidator.Test_AbaRouteValidator_13a" time="0.017"/>
  <testcase name="testAbaNumberCheck_26792_bad" classname="com.cardatechnologies.utils.validators.abaroutevalidator.Test_AbaRouteValidator_13a" time="0.018"/>
  <testcase name="testAbaNumberCheck_25980_bad" classname="com.cardatechnologies.utils.validators.abaroutevalidator.Test_AbaRouteValidator_13a" time="0.018"/>
  <testcase name="testAbaNumberCheck_26794_bad" classname="com.cardatechnologies.utils.validators.abaroutevalidator.Test_AbaRouteValidator_13a" time="0.018"/>
  <testcase name="testAbaNumberCheck_25982_bad" classname="com.cardatechnologies.utils.validators.abaroutevalidator.Test_AbaRouteValidator_13a" time="0.018"/>
  <testcase name="testAbaNumberCheck_26796_bad" classname="com.cardatechnologies.utils.validators.abaroutevalidator.Test_AbaRouteValidator_13a" time="0.018"/>
  <testcase name="testAbaNumberCheck_25984_bad" classname="com.cardatechnologies.utils.validators.abaroutevalidator.Test_AbaRouteValidator_13a" time="0.018"/>
  <testcase name="testAbaNumberCheck_26798_bad" classname="com.cardatechnologies.utils.validators.abaroutevalidator.Test_AbaRouteValidator_13a" time="0.017"/>
  <testcase name="testAbaNumberCheck_25986_bad" classname="com.cardatechnologies.utils.validators.abaroutevalidator.Test_AbaRouteValidator_13a" time="0.018"/>
  <testcase name="testAbaNumberCheck_25679_good" classname="com.cardatechnologies.utils.validators.abaroutevalidator.Test_AbaRouteValidator_13a" time="0.017"/>
  <testcase name="testAbaNumberCheck_25988_bad" classname="com.cardatechnologies.utils.validators.abaroutevalidator.Test_AbaRouteValidator_13a" time="0.018"/>
  <testcase name="testAbaNumberCheck_26989_good" classname="com.cardatechnologies.utils.validators.abaroutevalidator.Test_AbaRouteValidator_13a" time="0.018"/>
  <testcase name="testAbaNumberCheck_25887_good" classname="com.cardatechnologies.utils.validators.abaroutevalidator.Test_AbaRouteValidator_13a" time="0.019"/>
  <testcase name="testAbaNumberCheck_25990_bad" classname="com.cardatechnologies.utils.validators.abaroutevalidator.Test_AbaRouteValidator_13a" time="0.018"/>
  <testcase name="testAbaNumberCheck_25992_bad" classname="com.cardatechnologies.utils.validators.abaroutevalidator.Test_AbaRouteValidator_13a" time="0.017"/>
  <testcase name="testAbaNumberCheck_25994_bad" classname="com.cardatechnologies.utils.validators.abaroutevalidator.Test_AbaRouteValidator_13a" time="0.025"/>
  <testcase name="testAbaNumberCheck_25996_bad" classname="com.cardatechnologies.utils.validators.abaroutevalidator.Test_AbaRouteValidator_13a" time="0.018"/>
  <testcase name="testAbaNumberCheck_25998_bad" classname="com.cardatechnologies.utils.validators.abaroutevalidator.Test_AbaRouteValidator_13a" time="0.018"/>
  <testcase name="testAbaNumberCheck_25599_good" classname="com.cardatechnologies.utils.validators.abaroutevalidator.Test_AbaRouteValidator_13a" time="0.018"/>
  <testcase name="testAbaNumberCheck_25969_good" classname="com.cardatechnologies.utils.validators.abaroutevalidator.Test_AbaRouteValidator_13a" time="0.017"/>
  <testcase name="testAbaNumberCheck_25889_good" classname="com.cardatechnologies.utils.validators.abaroutevalidator.Test_AbaRouteValidator_13a" time="0.019"/>
</testsuite>