<?xml version="1.0" encoding="UTF-8"?>
<testsuite xmlns:xsi="http://www.w3.org/2001/XMLSchema-instance" xsi:noNamespaceSchemaLocation="https://maven.apache.org/surefire/maven-surefire-plugin/xsd/surefire-test-report-3.0.xsd" version="3.0" name="com.cardatechnologies.utils.validators.abaroutevalidator.exceptions.AbaRouteValidationExceptionTest" time="0.121" tests="3" errors="0" skipped="0" failures="0">
  <properties>
[...]
</properties>
  <testcase name="testErrorMessage" classname="com.cardatechnologies.utils.validators.abaroutevalidator.exceptions.AbaRouteValidationExceptionTest" time="0.075"/>
  <testcase name="testErrorCode" classname="com.cardatechnologies.utils.validators.abaroutevalidator.exceptions.AbaRouteValidationExceptionTest" time="0.021"/>
  <testcase name="testConstructor" classname="com.cardatechnologies.utils.validators.abaroutevalidator.exceptions.AbaRouteValidationExceptionTest" time="0.021"/>
</testsuite>