GROUP,PACKAGE,CLASS,INSTRUCTION_MISSED,INSTRUCTION_COVERED,BRANCH_MISSED,BRANCH_COVERED,LINE_MISSED,LINE_COVERED,COMPLEXITY_MISSED,COMPLEXITY_COVERED,METHOD_MISSED,METHOD_COVERED
ABA Validator,com.cardatechnologies.utils.validators.abaroutevalidator.exceptions,AbaRouteValidationException,0,28,0,0,0,12,0,6,0,6
ABA Validator,com.cardatechnologies.utils.validators.abaroutevalidator,AbaRouteValidator,6,201,5,25,1,46,5,16,1,5
ABA Validator,com.cardatechnologies.utils.validators.abaroutevalidator,ErrorCodes,0,68,0,0,0,13,0,4,0,4
