GROUP,PACKAGE,CLASS,INSTRUCTION_MISSED,INSTRUCTION_COVERED,BRANCH_MISSED,BRANCH_COVERED,LINE_MISSED,LINE_COVERED,COMPLEXITY_MISSED,COMPLEXITY_COVERED,METHOD_MISSED,METHOD_COVERED
ABA Route Transit Number Validator,com.cardatechnologies.utils.validators.abaroutevalidator.exceptions,AbaRouteValidationException,28,0,0,0,12,0,6,0,6,0
ABA Route Transit Number Validator,com.cardatechnologies.utils.validators.abaroutevalidator,AbaRouteValidator,207,0,30,0,47,0,21,0,6,0
ABA Route Transit Number Validator,com.cardatechnologies.utils.validators.abaroutevalidator,ErrorCodes,68,0,0,0,13,0,4,0,4,0
